[0.008s] Invoking command in '/home/yjfy/桌面/workspace/demo_cpp_topic/build/demo_cpp_topic': CMAKE_PREFIX_PATH=${CMAKE_PREFIX_PATH}:/opt/ros/humble /usr/bin/cmake --build /home/yjfy/桌面/workspace/demo_cpp_topic/build/demo_cpp_topic -- -j24 -l24
[0.047s] [35m[1mConsolidate compiler generated dependencies of target turtle_control[0m
[0.062s] [ 50%] Built target turtle_circle
[0.066s] [ 75%] [32mBuilding CXX object CMakeFiles/turtle_control.dir/src/turtle_control.cpp.o[0m
[4.028s] [100%] [32m[1mLinking CXX executable turtle_control[0m
[4.235s] [100%] Built target turtle_control
[4.242s] Invoked command in '/home/yjfy/桌面/workspace/demo_cpp_topic/build/demo_cpp_topic' returned '0': CMAKE_PREFIX_PATH=${CMAKE_PREFIX_PATH}:/opt/ros/humble /usr/bin/cmake --build /home/yjfy/桌面/workspace/demo_cpp_topic/build/demo_cpp_topic -- -j24 -l24
[4.249s] Invoking command in '/home/yjfy/桌面/workspace/demo_cpp_topic/build/demo_cpp_topic': CMAKE_PREFIX_PATH=${CMAKE_PREFIX_PATH}:/opt/ros/humble /usr/bin/cmake --install /home/yjfy/桌面/workspace/demo_cpp_topic/build/demo_cpp_topic
[4.254s] -- Install configuration: ""
[4.254s] -- Up-to-date: /home/yjfy/桌面/workspace/demo_cpp_topic/install/demo_cpp_topic/lib/demo_cpp_topic/turtle_circle
[4.254s] -- Installing: /home/yjfy/桌面/workspace/demo_cpp_topic/install/demo_cpp_topic/lib/demo_cpp_topic/turtle_control
[4.257s] -- Set runtime path of "/home/yjfy/桌面/workspace/demo_cpp_topic/install/demo_cpp_topic/lib/demo_cpp_topic/turtle_control" to ""
[4.257s] -- Up-to-date: /home/yjfy/桌面/workspace/demo_cpp_topic/install/demo_cpp_topic/share/ament_index/resource_index/package_run_dependencies/demo_cpp_topic
[4.258s] -- Up-to-date: /home/yjfy/桌面/workspace/demo_cpp_topic/install/demo_cpp_topic/share/ament_index/resource_index/parent_prefix_path/demo_cpp_topic
[4.258s] -- Up-to-date: /home/yjfy/桌面/workspace/demo_cpp_topic/install/demo_cpp_topic/share/demo_cpp_topic/environment/ament_prefix_path.sh
[4.258s] -- Up-to-date: /home/yjfy/桌面/workspace/demo_cpp_topic/install/demo_cpp_topic/share/demo_cpp_topic/environment/ament_prefix_path.dsv
[4.258s] -- Up-to-date: /home/yjfy/桌面/workspace/demo_cpp_topic/install/demo_cpp_topic/share/demo_cpp_topic/environment/path.sh
[4.258s] -- Up-to-date: /home/yjfy/桌面/workspace/demo_cpp_topic/install/demo_cpp_topic/share/demo_cpp_topic/environment/path.dsv
[4.258s] -- Up-to-date: /home/yjfy/桌面/workspace/demo_cpp_topic/install/demo_cpp_topic/share/demo_cpp_topic/local_setup.bash
[4.258s] -- Up-to-date: /home/yjfy/桌面/workspace/demo_cpp_topic/install/demo_cpp_topic/share/demo_cpp_topic/local_setup.sh
[4.258s] -- Up-to-date: /home/yjfy/桌面/workspace/demo_cpp_topic/install/demo_cpp_topic/share/demo_cpp_topic/local_setup.zsh
[4.258s] -- Up-to-date: /home/yjfy/桌面/workspace/demo_cpp_topic/install/demo_cpp_topic/share/demo_cpp_topic/local_setup.dsv
[4.258s] -- Installing: /home/yjfy/桌面/workspace/demo_cpp_topic/install/demo_cpp_topic/share/demo_cpp_topic/package.dsv
[4.258s] -- Up-to-date: /home/yjfy/桌面/workspace/demo_cpp_topic/install/demo_cpp_topic/share/ament_index/resource_index/packages/demo_cpp_topic
[4.259s] -- Up-to-date: /home/yjfy/桌面/workspace/demo_cpp_topic/install/demo_cpp_topic/share/demo_cpp_topic/cmake/demo_cpp_topicConfig.cmake
[4.259s] -- Up-to-date: /home/yjfy/桌面/workspace/demo_cpp_topic/install/demo_cpp_topic/share/demo_cpp_topic/cmake/demo_cpp_topicConfig-version.cmake
[4.259s] -- Up-to-date: /home/yjfy/桌面/workspace/demo_cpp_topic/install/demo_cpp_topic/share/demo_cpp_topic/package.xml
[4.261s] Invoked command in '/home/yjfy/桌面/workspace/demo_cpp_topic/build/demo_cpp_topic' returned '0': CMAKE_PREFIX_PATH=${CMAKE_PREFIX_PATH}:/opt/ros/humble /usr/bin/cmake --install /home/yjfy/桌面/workspace/demo_cpp_topic/build/demo_cpp_topic
