[0.051s] DEBUG:colcon:Command line arguments: ['/usr/bin/colcon', 'build']
[0.051s] DEBUG:colcon:Parsed command line arguments: Namespace(log_base=None, log_level=None, verb_name='build', build_base='build', install_base='install', merge_install=False, symlink_install=False, test_result_base=None, continue_on_error=False, executor='parallel', parallel_workers=24, event_handlers=None, ignore_user_meta=False, metas=['./colcon.meta'], base_paths=['.'], packages_ignore=None, packages_ignore_regex=None, paths=None, packages_up_to=None, packages_up_to_regex=None, packages_above=None, packages_above_and_dependencies=None, packages_above_depth=None, packages_select_by_dep=None, packages_skip_by_dep=None, packages_skip_up_to=None, packages_select_build_failed=False, packages_skip_build_finished=False, packages_select_test_failures=False, packages_skip_test_passed=False, packages_select=None, packages_skip=None, packages_select_regex=None, packages_skip_regex=None, packages_start=None, packages_end=None, allow_overriding=[], cmake_args=None, cmake_target=None, cmake_target_skip_unavailable=False, cmake_clean_cache=False, cmake_clean_first=False, cmake_force_configure=False, ament_cmake_args=None, catkin_cmake_args=None, catkin_skip_building_tests=False, verb_parser=<colcon_defaults.argument_parser.defaults.DefaultArgumentsDecorator object at 0x79cc3caab100>, verb_extension=<colcon_core.verb.build.BuildVerb object at 0x79cc3caaab00>, main=<bound method BuildVerb.main of <colcon_core.verb.build.BuildVerb object at 0x79cc3caaab00>>)
[0.138s] Level 1:colcon.colcon_core.package_discovery:discover_packages(colcon_meta) check parameters
[0.138s] Level 1:colcon.colcon_core.package_discovery:discover_packages(recursive) check parameters
[0.138s] Level 1:colcon.colcon_core.package_discovery:discover_packages(ignore) check parameters
[0.138s] Level 1:colcon.colcon_core.package_discovery:discover_packages(path) check parameters
[0.138s] Level 1:colcon.colcon_core.package_discovery:discover_packages(colcon_meta) discover
[0.138s] Level 1:colcon.colcon_core.package_discovery:discover_packages(recursive) discover
[0.138s] INFO:colcon.colcon_core.package_discovery:Crawling recursively for packages in '/home/yjfy/topic_parctice_ws'
[0.138s] Level 1:colcon.colcon_core.package_identification:_identify(.) by extensions ['ignore', 'ignore_ament_install']
[0.138s] Level 1:colcon.colcon_core.package_identification:_identify(.) by extension 'ignore'
[0.138s] Level 1:colcon.colcon_core.package_identification:_identify(.) by extension 'ignore_ament_install'
[0.138s] Level 1:colcon.colcon_core.package_identification:_identify(.) by extensions ['colcon_pkg']
[0.138s] Level 1:colcon.colcon_core.package_identification:_identify(.) by extension 'colcon_pkg'
[0.138s] Level 1:colcon.colcon_core.package_identification:_identify(.) by extensions ['colcon_meta']
[0.138s] Level 1:colcon.colcon_core.package_identification:_identify(.) by extension 'colcon_meta'
[0.138s] Level 1:colcon.colcon_core.package_identification:_identify(.) by extensions ['ros']
[0.138s] Level 1:colcon.colcon_core.package_identification:_identify(.) by extension 'ros'
[0.145s] Level 1:colcon.colcon_core.package_identification:_identify(.) by extensions ['cmake', 'python']
[0.145s] Level 1:colcon.colcon_core.package_identification:_identify(.) by extension 'cmake'
[0.145s] Level 1:colcon.colcon_core.package_identification:_identify(.) by extension 'python'
[0.145s] Level 1:colcon.colcon_core.package_identification:_identify(.) by extensions ['python_setup_py']
[0.145s] Level 1:colcon.colcon_core.package_identification:_identify(.) by extension 'python_setup_py'
[0.145s] Level 1:colcon.colcon_core.package_identification:_identify(build) by extensions ['ignore', 'ignore_ament_install']
[0.145s] Level 1:colcon.colcon_core.package_identification:_identify(build) by extension 'ignore'
[0.145s] Level 1:colcon.colcon_core.package_identification:_identify(build) ignored
[0.145s] Level 1:colcon.colcon_core.package_identification:_identify(install) by extensions ['ignore', 'ignore_ament_install']
[0.145s] Level 1:colcon.colcon_core.package_identification:_identify(install) by extension 'ignore'
[0.145s] Level 1:colcon.colcon_core.package_identification:_identify(install) ignored
[0.145s] Level 1:colcon.colcon_core.package_identification:_identify(log) by extensions ['ignore', 'ignore_ament_install']
[0.145s] Level 1:colcon.colcon_core.package_identification:_identify(log) by extension 'ignore'
[0.145s] Level 1:colcon.colcon_core.package_identification:_identify(log) ignored
[0.145s] Level 1:colcon.colcon_core.package_identification:_identify(src) by extensions ['ignore', 'ignore_ament_install']
[0.145s] Level 1:colcon.colcon_core.package_identification:_identify(src) by extension 'ignore'
[0.145s] Level 1:colcon.colcon_core.package_identification:_identify(src) by extension 'ignore_ament_install'
[0.145s] Level 1:colcon.colcon_core.package_identification:_identify(src) by extensions ['colcon_pkg']
[0.145s] Level 1:colcon.colcon_core.package_identification:_identify(src) by extension 'colcon_pkg'
[0.145s] Level 1:colcon.colcon_core.package_identification:_identify(src) by extensions ['colcon_meta']
[0.145s] Level 1:colcon.colcon_core.package_identification:_identify(src) by extension 'colcon_meta'
[0.145s] Level 1:colcon.colcon_core.package_identification:_identify(src) by extensions ['ros']
[0.145s] Level 1:colcon.colcon_core.package_identification:_identify(src) by extension 'ros'
[0.145s] Level 1:colcon.colcon_core.package_identification:_identify(src) by extensions ['cmake', 'python']
[0.146s] Level 1:colcon.colcon_core.package_identification:_identify(src) by extension 'cmake'
[0.146s] Level 1:colcon.colcon_core.package_identification:_identify(src) by extension 'python'
[0.146s] Level 1:colcon.colcon_core.package_identification:_identify(src) by extensions ['python_setup_py']
[0.146s] Level 1:colcon.colcon_core.package_identification:_identify(src) by extension 'python_setup_py'
[0.146s] Level 1:colcon.colcon_core.package_identification:_identify(src/status_display) by extensions ['ignore', 'ignore_ament_install']
[0.146s] Level 1:colcon.colcon_core.package_identification:_identify(src/status_display) by extension 'ignore'
[0.146s] Level 1:colcon.colcon_core.package_identification:_identify(src/status_display) by extension 'ignore_ament_install'
[0.146s] Level 1:colcon.colcon_core.package_identification:_identify(src/status_display) by extensions ['colcon_pkg']
[0.146s] Level 1:colcon.colcon_core.package_identification:_identify(src/status_display) by extension 'colcon_pkg'
[0.146s] Level 1:colcon.colcon_core.package_identification:_identify(src/status_display) by extensions ['colcon_meta']
[0.146s] Level 1:colcon.colcon_core.package_identification:_identify(src/status_display) by extension 'colcon_meta'
[0.146s] Level 1:colcon.colcon_core.package_identification:_identify(src/status_display) by extensions ['ros']
[0.146s] Level 1:colcon.colcon_core.package_identification:_identify(src/status_display) by extension 'ros'
[0.147s] DEBUG:colcon.colcon_core.package_identification:Package 'src/status_display' with type 'ros.ament_cmake' and name 'status_display'
[0.147s] Level 1:colcon.colcon_core.package_identification:_identify(src/status_interfaces) by extensions ['ignore', 'ignore_ament_install']
[0.147s] Level 1:colcon.colcon_core.package_identification:_identify(src/status_interfaces) by extension 'ignore'
[0.147s] Level 1:colcon.colcon_core.package_identification:_identify(src/status_interfaces) by extension 'ignore_ament_install'
[0.147s] Level 1:colcon.colcon_core.package_identification:_identify(src/status_interfaces) by extensions ['colcon_pkg']
[0.147s] Level 1:colcon.colcon_core.package_identification:_identify(src/status_interfaces) by extension 'colcon_pkg'
[0.148s] Level 1:colcon.colcon_core.package_identification:_identify(src/status_interfaces) by extensions ['colcon_meta']
[0.148s] Level 1:colcon.colcon_core.package_identification:_identify(src/status_interfaces) by extension 'colcon_meta'
[0.148s] Level 1:colcon.colcon_core.package_identification:_identify(src/status_interfaces) by extensions ['ros']
[0.148s] Level 1:colcon.colcon_core.package_identification:_identify(src/status_interfaces) by extension 'ros'
[0.148s] DEBUG:colcon.colcon_core.package_identification:Package 'src/status_interfaces' with type 'ros.ament_cmake' and name 'status_interfaces'
[0.148s] Level 1:colcon.colcon_core.package_identification:_identify(src/status_publisher) by extensions ['ignore', 'ignore_ament_install']
[0.148s] Level 1:colcon.colcon_core.package_identification:_identify(src/status_publisher) by extension 'ignore'
[0.148s] Level 1:colcon.colcon_core.package_identification:_identify(src/status_publisher) by extension 'ignore_ament_install'
[0.148s] Level 1:colcon.colcon_core.package_identification:_identify(src/status_publisher) by extensions ['colcon_pkg']
[0.148s] Level 1:colcon.colcon_core.package_identification:_identify(src/status_publisher) by extension 'colcon_pkg'
[0.148s] Level 1:colcon.colcon_core.package_identification:_identify(src/status_publisher) by extensions ['colcon_meta']
[0.148s] Level 1:colcon.colcon_core.package_identification:_identify(src/status_publisher) by extension 'colcon_meta'
[0.148s] Level 1:colcon.colcon_core.package_identification:_identify(src/status_publisher) by extensions ['ros']
[0.148s] Level 1:colcon.colcon_core.package_identification:_identify(src/status_publisher) by extension 'ros'
[0.149s] DEBUG:colcon.colcon_core.package_identification:Package 'src/status_publisher' with type 'ros.ament_python' and name 'status_publisher'
[0.149s] Level 1:colcon.colcon_core.package_discovery:discover_packages(recursive) using defaults
[0.149s] Level 1:colcon.colcon_core.package_discovery:discover_packages(ignore) discover
[0.149s] Level 1:colcon.colcon_core.package_discovery:discover_packages(ignore) using defaults
[0.149s] Level 1:colcon.colcon_core.package_discovery:discover_packages(path) discover
[0.149s] Level 1:colcon.colcon_core.package_discovery:discover_packages(path) using defaults
[0.160s] Level 1:colcon.colcon_core.package_discovery:discover_packages(prefix_path) check parameters
[0.160s] Level 1:colcon.colcon_core.package_discovery:discover_packages(prefix_path) discover
[0.161s] DEBUG:colcon.colcon_installed_package_information.package_discovery:Found 272 installed packages in /opt/ros/humble
[0.168s] Level 1:colcon.colcon_core.package_discovery:discover_packages(prefix_path) using defaults
[0.186s] Level 5:colcon.colcon_core.verb:set package 'status_interfaces' build argument 'cmake_args' from command line to 'None'
[0.186s] Level 5:colcon.colcon_core.verb:set package 'status_interfaces' build argument 'cmake_target' from command line to 'None'
[0.186s] Level 5:colcon.colcon_core.verb:set package 'status_interfaces' build argument 'cmake_target_skip_unavailable' from command line to 'False'
[0.186s] Level 5:colcon.colcon_core.verb:set package 'status_interfaces' build argument 'cmake_clean_cache' from command line to 'False'
[0.186s] Level 5:colcon.colcon_core.verb:set package 'status_interfaces' build argument 'cmake_clean_first' from command line to 'False'
[0.186s] Level 5:colcon.colcon_core.verb:set package 'status_interfaces' build argument 'cmake_force_configure' from command line to 'False'
[0.186s] Level 5:colcon.colcon_core.verb:set package 'status_interfaces' build argument 'ament_cmake_args' from command line to 'None'
[0.186s] Level 5:colcon.colcon_core.verb:set package 'status_interfaces' build argument 'catkin_cmake_args' from command line to 'None'
[0.186s] Level 5:colcon.colcon_core.verb:set package 'status_interfaces' build argument 'catkin_skip_building_tests' from command line to 'False'
[0.186s] DEBUG:colcon.colcon_core.verb:Building package 'status_interfaces' with the following arguments: {'ament_cmake_args': None, 'build_base': '/home/yjfy/topic_parctice_ws/build/status_interfaces', 'catkin_cmake_args': None, 'catkin_skip_building_tests': False, 'cmake_args': None, 'cmake_clean_cache': False, 'cmake_clean_first': False, 'cmake_force_configure': False, 'cmake_target': None, 'cmake_target_skip_unavailable': False, 'install_base': '/home/yjfy/topic_parctice_ws/install/status_interfaces', 'merge_install': False, 'path': '/home/yjfy/topic_parctice_ws/src/status_interfaces', 'symlink_install': False, 'test_result_base': None}
[0.186s] Level 5:colcon.colcon_core.verb:set package 'status_display' build argument 'cmake_args' from command line to 'None'
[0.186s] Level 5:colcon.colcon_core.verb:set package 'status_display' build argument 'cmake_target' from command line to 'None'
[0.186s] Level 5:colcon.colcon_core.verb:set package 'status_display' build argument 'cmake_target_skip_unavailable' from command line to 'False'
[0.186s] Level 5:colcon.colcon_core.verb:set package 'status_display' build argument 'cmake_clean_cache' from command line to 'False'
[0.186s] Level 5:colcon.colcon_core.verb:set package 'status_display' build argument 'cmake_clean_first' from command line to 'False'
[0.186s] Level 5:colcon.colcon_core.verb:set package 'status_display' build argument 'cmake_force_configure' from command line to 'False'
[0.187s] Level 5:colcon.colcon_core.verb:set package 'status_display' build argument 'ament_cmake_args' from command line to 'None'
[0.187s] Level 5:colcon.colcon_core.verb:set package 'status_display' build argument 'catkin_cmake_args' from command line to 'None'
[0.187s] Level 5:colcon.colcon_core.verb:set package 'status_display' build argument 'catkin_skip_building_tests' from command line to 'False'
[0.187s] DEBUG:colcon.colcon_core.verb:Building package 'status_display' with the following arguments: {'ament_cmake_args': None, 'build_base': '/home/yjfy/topic_parctice_ws/build/status_display', 'catkin_cmake_args': None, 'catkin_skip_building_tests': False, 'cmake_args': None, 'cmake_clean_cache': False, 'cmake_clean_first': False, 'cmake_force_configure': False, 'cmake_target': None, 'cmake_target_skip_unavailable': False, 'install_base': '/home/yjfy/topic_parctice_ws/install/status_display', 'merge_install': False, 'path': '/home/yjfy/topic_parctice_ws/src/status_display', 'symlink_install': False, 'test_result_base': None}
[0.187s] Level 5:colcon.colcon_core.verb:set package 'status_publisher' build argument 'cmake_args' from command line to 'None'
[0.187s] Level 5:colcon.colcon_core.verb:set package 'status_publisher' build argument 'cmake_target' from command line to 'None'
[0.187s] Level 5:colcon.colcon_core.verb:set package 'status_publisher' build argument 'cmake_target_skip_unavailable' from command line to 'False'
[0.187s] Level 5:colcon.colcon_core.verb:set package 'status_publisher' build argument 'cmake_clean_cache' from command line to 'False'
[0.187s] Level 5:colcon.colcon_core.verb:set package 'status_publisher' build argument 'cmake_clean_first' from command line to 'False'
[0.187s] Level 5:colcon.colcon_core.verb:set package 'status_publisher' build argument 'cmake_force_configure' from command line to 'False'
[0.187s] Level 5:colcon.colcon_core.verb:set package 'status_publisher' build argument 'ament_cmake_args' from command line to 'None'
[0.187s] Level 5:colcon.colcon_core.verb:set package 'status_publisher' build argument 'catkin_cmake_args' from command line to 'None'
[0.187s] Level 5:colcon.colcon_core.verb:set package 'status_publisher' build argument 'catkin_skip_building_tests' from command line to 'False'
[0.187s] DEBUG:colcon.colcon_core.verb:Building package 'status_publisher' with the following arguments: {'ament_cmake_args': None, 'build_base': '/home/yjfy/topic_parctice_ws/build/status_publisher', 'catkin_cmake_args': None, 'catkin_skip_building_tests': False, 'cmake_args': None, 'cmake_clean_cache': False, 'cmake_clean_first': False, 'cmake_force_configure': False, 'cmake_target': None, 'cmake_target_skip_unavailable': False, 'install_base': '/home/yjfy/topic_parctice_ws/install/status_publisher', 'merge_install': False, 'path': '/home/yjfy/topic_parctice_ws/src/status_publisher', 'symlink_install': False, 'test_result_base': None}
[0.187s] INFO:colcon.colcon_core.executor:Executing jobs using 'parallel' executor
[0.188s] DEBUG:colcon.colcon_parallel_executor.executor.parallel:run_until_complete
[0.188s] INFO:colcon.colcon_ros.task.ament_cmake.build:Building ROS package in '/home/yjfy/topic_parctice_ws/src/status_interfaces' with build type 'ament_cmake'
[0.188s] INFO:colcon.colcon_cmake.task.cmake.build:Building CMake package in '/home/yjfy/topic_parctice_ws/src/status_interfaces'
[0.189s] INFO:colcon.colcon_core.plugin_system:Skipping extension 'colcon_core.shell.bat': Not used on non-Windows systems
[0.189s] INFO:colcon.colcon_core.shell:Skip shell extension 'powershell' for command environment: Not usable outside of PowerShell
[0.189s] DEBUG:colcon.colcon_core.shell:Skip shell extension 'dsv' for command environment
[0.194s] DEBUG:colcon.colcon_core.event_handler.log_command:Invoking command in '/home/yjfy/topic_parctice_ws/build/status_interfaces': CMAKE_PREFIX_PATH=/opt/ros/humble /usr/bin/cmake /home/yjfy/topic_parctice_ws/src/status_interfaces -DCMAKE_INSTALL_PREFIX=/home/yjfy/topic_parctice_ws/install/status_interfaces
[1.253s] DEBUG:colcon.colcon_core.event_handler.log_command:Invoked command in '/home/yjfy/topic_parctice_ws/build/status_interfaces' returned '0': CMAKE_PREFIX_PATH=/opt/ros/humble /usr/bin/cmake /home/yjfy/topic_parctice_ws/src/status_interfaces -DCMAKE_INSTALL_PREFIX=/home/yjfy/topic_parctice_ws/install/status_interfaces
[1.255s] DEBUG:colcon.colcon_core.event_handler.log_command:Invoking command in '/home/yjfy/topic_parctice_ws/build/status_interfaces': CMAKE_PREFIX_PATH=/opt/ros/humble /usr/bin/cmake --build /home/yjfy/topic_parctice_ws/build/status_interfaces -- -j24 -l24
[2.236s] DEBUG:colcon.colcon_core.event_handler.log_command:Invoked command in '/home/yjfy/topic_parctice_ws/build/status_interfaces' returned '0': CMAKE_PREFIX_PATH=/opt/ros/humble /usr/bin/cmake --build /home/yjfy/topic_parctice_ws/build/status_interfaces -- -j24 -l24
[2.246s] DEBUG:colcon.colcon_core.event_handler.log_command:Invoking command in '/home/yjfy/topic_parctice_ws/build/status_interfaces': CMAKE_PREFIX_PATH=/opt/ros/humble /usr/bin/cmake --install /home/yjfy/topic_parctice_ws/build/status_interfaces
[2.290s] Level 1:colcon.colcon_core.environment:create_environment_scripts_only(status_interfaces)
[2.290s] DEBUG:colcon.colcon_core.event_handler.log_command:Invoked command in '/home/yjfy/topic_parctice_ws/build/status_interfaces' returned '0': CMAKE_PREFIX_PATH=/opt/ros/humble /usr/bin/cmake --install /home/yjfy/topic_parctice_ws/build/status_interfaces
[2.292s] Level 1:colcon.colcon_core.environment:checking '/home/yjfy/topic_parctice_ws/install/status_interfaces' for CMake module files
[2.292s] Level 1:colcon.colcon_core.environment:checking '/home/yjfy/topic_parctice_ws/install/status_interfaces' for CMake config files
[2.292s] Level 1:colcon.colcon_core.shell:create_environment_hook('status_interfaces', 'cmake_prefix_path')
[2.292s] INFO:colcon.colcon_core.shell:Creating environment hook '/home/yjfy/topic_parctice_ws/install/status_interfaces/share/status_interfaces/hook/cmake_prefix_path.ps1'
[2.292s] INFO:colcon.colcon_core.shell:Creating environment descriptor '/home/yjfy/topic_parctice_ws/install/status_interfaces/share/status_interfaces/hook/cmake_prefix_path.dsv'
[2.293s] INFO:colcon.colcon_core.shell:Creating environment hook '/home/yjfy/topic_parctice_ws/install/status_interfaces/share/status_interfaces/hook/cmake_prefix_path.sh'
[2.293s] Level 1:colcon.colcon_core.environment:checking '/home/yjfy/topic_parctice_ws/install/status_interfaces/lib'
[2.293s] Level 1:colcon.colcon_core.shell:create_environment_hook('status_interfaces', 'ld_library_path_lib')
[2.293s] INFO:colcon.colcon_core.shell:Creating environment hook '/home/yjfy/topic_parctice_ws/install/status_interfaces/share/status_interfaces/hook/ld_library_path_lib.ps1'
[2.293s] INFO:colcon.colcon_core.shell:Creating environment descriptor '/home/yjfy/topic_parctice_ws/install/status_interfaces/share/status_interfaces/hook/ld_library_path_lib.dsv'
[2.293s] INFO:colcon.colcon_core.shell:Creating environment hook '/home/yjfy/topic_parctice_ws/install/status_interfaces/share/status_interfaces/hook/ld_library_path_lib.sh'
[2.294s] Level 1:colcon.colcon_core.environment:checking '/home/yjfy/topic_parctice_ws/install/status_interfaces/bin'
[2.294s] Level 1:colcon.colcon_core.environment:checking '/home/yjfy/topic_parctice_ws/install/status_interfaces/lib/pkgconfig/status_interfaces.pc'
[2.294s] Level 1:colcon.colcon_core.environment:checking '/home/yjfy/topic_parctice_ws/install/status_interfaces/lib/python3.10/site-packages'
[2.294s] Level 1:colcon.colcon_core.environment:checking '/home/yjfy/topic_parctice_ws/install/status_interfaces/bin'
[2.294s] INFO:colcon.colcon_core.shell:Creating package script '/home/yjfy/topic_parctice_ws/install/status_interfaces/share/status_interfaces/package.ps1'
[2.294s] INFO:colcon.colcon_core.shell:Creating package descriptor '/home/yjfy/topic_parctice_ws/install/status_interfaces/share/status_interfaces/package.dsv'
[2.295s] INFO:colcon.colcon_core.shell:Creating package script '/home/yjfy/topic_parctice_ws/install/status_interfaces/share/status_interfaces/package.sh'
[2.295s] INFO:colcon.colcon_core.shell:Creating package script '/home/yjfy/topic_parctice_ws/install/status_interfaces/share/status_interfaces/package.bash'
[2.295s] INFO:colcon.colcon_core.shell:Creating package script '/home/yjfy/topic_parctice_ws/install/status_interfaces/share/status_interfaces/package.zsh'
[2.295s] Level 1:colcon.colcon_core.environment:create_file_with_runtime_dependencies(/home/yjfy/topic_parctice_ws/install/status_interfaces/share/colcon-core/packages/status_interfaces)
[2.296s] Level 1:colcon.colcon_core.environment:create_environment_scripts_only(status_interfaces)
[2.296s] Level 1:colcon.colcon_core.environment:checking '/home/yjfy/topic_parctice_ws/install/status_interfaces' for CMake module files
[2.296s] Level 1:colcon.colcon_core.environment:checking '/home/yjfy/topic_parctice_ws/install/status_interfaces' for CMake config files
[2.296s] Level 1:colcon.colcon_core.shell:create_environment_hook('status_interfaces', 'cmake_prefix_path')
[2.296s] INFO:colcon.colcon_core.shell:Creating environment hook '/home/yjfy/topic_parctice_ws/install/status_interfaces/share/status_interfaces/hook/cmake_prefix_path.ps1'
[2.297s] INFO:colcon.colcon_core.shell:Creating environment descriptor '/home/yjfy/topic_parctice_ws/install/status_interfaces/share/status_interfaces/hook/cmake_prefix_path.dsv'
[2.297s] INFO:colcon.colcon_core.shell:Creating environment hook '/home/yjfy/topic_parctice_ws/install/status_interfaces/share/status_interfaces/hook/cmake_prefix_path.sh'
[2.297s] Level 1:colcon.colcon_core.environment:checking '/home/yjfy/topic_parctice_ws/install/status_interfaces/lib'
[2.297s] Level 1:colcon.colcon_core.shell:create_environment_hook('status_interfaces', 'ld_library_path_lib')
[2.297s] INFO:colcon.colcon_core.shell:Creating environment hook '/home/yjfy/topic_parctice_ws/install/status_interfaces/share/status_interfaces/hook/ld_library_path_lib.ps1'
[2.297s] INFO:colcon.colcon_core.shell:Creating environment descriptor '/home/yjfy/topic_parctice_ws/install/status_interfaces/share/status_interfaces/hook/ld_library_path_lib.dsv'
[2.297s] INFO:colcon.colcon_core.shell:Creating environment hook '/home/yjfy/topic_parctice_ws/install/status_interfaces/share/status_interfaces/hook/ld_library_path_lib.sh'
[2.297s] Level 1:colcon.colcon_core.environment:checking '/home/yjfy/topic_parctice_ws/install/status_interfaces/bin'
[2.297s] Level 1:colcon.colcon_core.environment:checking '/home/yjfy/topic_parctice_ws/install/status_interfaces/lib/pkgconfig/status_interfaces.pc'
[2.298s] Level 1:colcon.colcon_core.environment:checking '/home/yjfy/topic_parctice_ws/install/status_interfaces/lib/python3.10/site-packages'
[2.298s] Level 1:colcon.colcon_core.environment:checking '/home/yjfy/topic_parctice_ws/install/status_interfaces/bin'
[2.298s] INFO:colcon.colcon_core.shell:Creating package script '/home/yjfy/topic_parctice_ws/install/status_interfaces/share/status_interfaces/package.ps1'
[2.298s] INFO:colcon.colcon_core.shell:Creating package descriptor '/home/yjfy/topic_parctice_ws/install/status_interfaces/share/status_interfaces/package.dsv'
[2.298s] INFO:colcon.colcon_core.shell:Creating package script '/home/yjfy/topic_parctice_ws/install/status_interfaces/share/status_interfaces/package.sh'
[2.298s] INFO:colcon.colcon_core.shell:Creating package script '/home/yjfy/topic_parctice_ws/install/status_interfaces/share/status_interfaces/package.bash'
[2.299s] INFO:colcon.colcon_core.shell:Creating package script '/home/yjfy/topic_parctice_ws/install/status_interfaces/share/status_interfaces/package.zsh'
[2.299s] Level 1:colcon.colcon_core.environment:create_file_with_runtime_dependencies(/home/yjfy/topic_parctice_ws/install/status_interfaces/share/colcon-core/packages/status_interfaces)
[2.299s] INFO:colcon.colcon_ros.task.ament_cmake.build:Building ROS package in '/home/yjfy/topic_parctice_ws/src/status_display' with build type 'ament_cmake'
[2.299s] INFO:colcon.colcon_cmake.task.cmake.build:Building CMake package in '/home/yjfy/topic_parctice_ws/src/status_display'
[2.299s] INFO:colcon.colcon_core.shell:Skip shell extension 'powershell' for command environment: Not usable outside of PowerShell
[2.299s] DEBUG:colcon.colcon_core.shell:Skip shell extension 'dsv' for command environment
[2.301s] INFO:colcon.colcon_ros.task.ament_python.build:Building ROS package in '/home/yjfy/topic_parctice_ws/src/status_publisher' with build type 'ament_python'
[2.301s] Level 1:colcon.colcon_core.shell:create_environment_hook('status_publisher', 'ament_prefix_path')
[2.301s] INFO:colcon.colcon_core.shell:Creating environment hook '/home/yjfy/topic_parctice_ws/install/status_publisher/share/status_publisher/hook/ament_prefix_path.ps1'
[2.301s] INFO:colcon.colcon_core.shell:Creating environment descriptor '/home/yjfy/topic_parctice_ws/install/status_publisher/share/status_publisher/hook/ament_prefix_path.dsv'
[2.301s] INFO:colcon.colcon_core.shell:Creating environment hook '/home/yjfy/topic_parctice_ws/install/status_publisher/share/status_publisher/hook/ament_prefix_path.sh'
[2.302s] INFO:colcon.colcon_core.shell:Skip shell extension 'powershell' for command environment: Not usable outside of PowerShell
[2.302s] DEBUG:colcon.colcon_core.shell:Skip shell extension 'dsv' for command environment
[2.304s] DEBUG:colcon.colcon_core.event_handler.log_command:Invoking command in '/home/yjfy/topic_parctice_ws/build/status_display': AMENT_PREFIX_PATH=/home/yjfy/topic_parctice_ws/install/status_interfaces:${AMENT_PREFIX_PATH} CMAKE_PREFIX_PATH=/home/yjfy/topic_parctice_ws/install/status_interfaces:/opt/ros/humble LD_LIBRARY_PATH=/home/yjfy/topic_parctice_ws/install/status_interfaces/lib:${LD_LIBRARY_PATH} PYTHONPATH=/home/yjfy/topic_parctice_ws/install/status_interfaces/local/lib/python3.10/dist-packages:${PYTHONPATH} /usr/bin/cmake /home/yjfy/topic_parctice_ws/src/status_display -DCMAKE_INSTALL_PREFIX=/home/yjfy/topic_parctice_ws/install/status_display
[2.419s] INFO:colcon.colcon_core.task.python.build:Building Python package in '/home/yjfy/topic_parctice_ws/src/status_publisher'
[2.419s] INFO:colcon.colcon_core.shell:Skip shell extension 'powershell' for command environment: Not usable outside of PowerShell
[2.419s] DEBUG:colcon.colcon_core.shell:Skip shell extension 'dsv' for command environment
[2.569s] DEBUG:colcon.colcon_core.event_handler.log_command:Invoking command in '/home/yjfy/topic_parctice_ws/src/status_publisher': AMENT_PREFIX_PATH=/home/yjfy/topic_parctice_ws/install/status_interfaces:${AMENT_PREFIX_PATH} CMAKE_PREFIX_PATH=/home/yjfy/topic_parctice_ws/install/status_interfaces LD_LIBRARY_PATH=/home/yjfy/topic_parctice_ws/install/status_interfaces/lib:${LD_LIBRARY_PATH} PYTHONPATH=/home/yjfy/topic_parctice_ws/build/status_publisher/prefix_override:/usr/lib/python3/dist-packages/colcon_core/task/python/colcon_distutils_commands:/home/yjfy/topic_parctice_ws/install/status_publisher/lib/python3.10/site-packages:/home/yjfy/topic_parctice_ws/install/status_interfaces/local/lib/python3.10/dist-packages:${PYTHONPATH} /usr/bin/python3 -W ignore:setup.py install is deprecated -W ignore:easy_install command is deprecated setup.py egg_info --egg-base ../../build/status_publisher build --build-base /home/yjfy/topic_parctice_ws/build/status_publisher/build install --record /home/yjfy/topic_parctice_ws/build/status_publisher/install.log --single-version-externally-managed install_data
[2.696s] Level 1:colcon.colcon_core.environment:checking '/home/yjfy/topic_parctice_ws/install/status_publisher' for CMake module files
[2.697s] DEBUG:colcon.colcon_core.event_handler.log_command:Invoked command in '/home/yjfy/topic_parctice_ws/src/status_publisher' returned '0': AMENT_PREFIX_PATH=/home/yjfy/topic_parctice_ws/install/status_interfaces:${AMENT_PREFIX_PATH} CMAKE_PREFIX_PATH=/home/yjfy/topic_parctice_ws/install/status_interfaces LD_LIBRARY_PATH=/home/yjfy/topic_parctice_ws/install/status_interfaces/lib:${LD_LIBRARY_PATH} PYTHONPATH=/home/yjfy/topic_parctice_ws/build/status_publisher/prefix_override:/usr/lib/python3/dist-packages/colcon_core/task/python/colcon_distutils_commands:/home/yjfy/topic_parctice_ws/install/status_publisher/lib/python3.10/site-packages:/home/yjfy/topic_parctice_ws/install/status_interfaces/local/lib/python3.10/dist-packages:${PYTHONPATH} /usr/bin/python3 -W ignore:setup.py install is deprecated -W ignore:easy_install command is deprecated setup.py egg_info --egg-base ../../build/status_publisher build --build-base /home/yjfy/topic_parctice_ws/build/status_publisher/build install --record /home/yjfy/topic_parctice_ws/build/status_publisher/install.log --single-version-externally-managed install_data
[2.697s] Level 1:colcon.colcon_core.environment:checking '/home/yjfy/topic_parctice_ws/install/status_publisher' for CMake config files
[2.697s] Level 1:colcon.colcon_core.environment:checking '/home/yjfy/topic_parctice_ws/install/status_publisher/lib'
[2.697s] Level 1:colcon.colcon_core.environment:checking '/home/yjfy/topic_parctice_ws/install/status_publisher/bin'
[2.697s] Level 1:colcon.colcon_core.environment:checking '/home/yjfy/topic_parctice_ws/install/status_publisher/lib/pkgconfig/status_publisher.pc'
[2.698s] Level 1:colcon.colcon_core.environment:checking '/home/yjfy/topic_parctice_ws/install/status_publisher/lib/python3.10/site-packages'
[2.698s] Level 1:colcon.colcon_core.shell:create_environment_hook('status_publisher', 'pythonpath')
[2.698s] INFO:colcon.colcon_core.shell:Creating environment hook '/home/yjfy/topic_parctice_ws/install/status_publisher/share/status_publisher/hook/pythonpath.ps1'
[2.698s] INFO:colcon.colcon_core.shell:Creating environment descriptor '/home/yjfy/topic_parctice_ws/install/status_publisher/share/status_publisher/hook/pythonpath.dsv'
[2.698s] INFO:colcon.colcon_core.shell:Creating environment hook '/home/yjfy/topic_parctice_ws/install/status_publisher/share/status_publisher/hook/pythonpath.sh'
[2.699s] Level 1:colcon.colcon_core.environment:checking '/home/yjfy/topic_parctice_ws/install/status_publisher/bin'
[2.699s] Level 1:colcon.colcon_core.environment:create_environment_scripts_only(status_publisher)
[2.699s] INFO:colcon.colcon_core.shell:Creating package script '/home/yjfy/topic_parctice_ws/install/status_publisher/share/status_publisher/package.ps1'
[2.700s] INFO:colcon.colcon_core.shell:Creating package descriptor '/home/yjfy/topic_parctice_ws/install/status_publisher/share/status_publisher/package.dsv'
[2.700s] INFO:colcon.colcon_core.shell:Creating package script '/home/yjfy/topic_parctice_ws/install/status_publisher/share/status_publisher/package.sh'
[2.700s] INFO:colcon.colcon_core.shell:Creating package script '/home/yjfy/topic_parctice_ws/install/status_publisher/share/status_publisher/package.bash'
[2.700s] INFO:colcon.colcon_core.shell:Creating package script '/home/yjfy/topic_parctice_ws/install/status_publisher/share/status_publisher/package.zsh'
[2.701s] Level 1:colcon.colcon_core.environment:create_file_with_runtime_dependencies(/home/yjfy/topic_parctice_ws/install/status_publisher/share/colcon-core/packages/status_publisher)
[3.023s] DEBUG:colcon.colcon_core.event_handler.log_command:Invoked command in '/home/yjfy/topic_parctice_ws/build/status_display' returned '0': AMENT_PREFIX_PATH=/home/yjfy/topic_parctice_ws/install/status_interfaces:${AMENT_PREFIX_PATH} CMAKE_PREFIX_PATH=/home/yjfy/topic_parctice_ws/install/status_interfaces:/opt/ros/humble LD_LIBRARY_PATH=/home/yjfy/topic_parctice_ws/install/status_interfaces/lib:${LD_LIBRARY_PATH} PYTHONPATH=/home/yjfy/topic_parctice_ws/install/status_interfaces/local/lib/python3.10/dist-packages:${PYTHONPATH} /usr/bin/cmake /home/yjfy/topic_parctice_ws/src/status_display -DCMAKE_INSTALL_PREFIX=/home/yjfy/topic_parctice_ws/install/status_display
[3.024s] DEBUG:colcon.colcon_core.event_handler.log_command:Invoking command in '/home/yjfy/topic_parctice_ws/build/status_display': AMENT_PREFIX_PATH=/home/yjfy/topic_parctice_ws/install/status_interfaces:${AMENT_PREFIX_PATH} CMAKE_PREFIX_PATH=/home/yjfy/topic_parctice_ws/install/status_interfaces:/opt/ros/humble LD_LIBRARY_PATH=/home/yjfy/topic_parctice_ws/install/status_interfaces/lib:${LD_LIBRARY_PATH} PYTHONPATH=/home/yjfy/topic_parctice_ws/install/status_interfaces/local/lib/python3.10/dist-packages:${PYTHONPATH} /usr/bin/cmake --build /home/yjfy/topic_parctice_ws/build/status_display -- -j24 -l24
[7.597s] DEBUG:colcon.colcon_core.event_handler.log_command:Invoked command in '/home/yjfy/topic_parctice_ws/build/status_display' returned '0': AMENT_PREFIX_PATH=/home/yjfy/topic_parctice_ws/install/status_interfaces:${AMENT_PREFIX_PATH} CMAKE_PREFIX_PATH=/home/yjfy/topic_parctice_ws/install/status_interfaces:/opt/ros/humble LD_LIBRARY_PATH=/home/yjfy/topic_parctice_ws/install/status_interfaces/lib:${LD_LIBRARY_PATH} PYTHONPATH=/home/yjfy/topic_parctice_ws/install/status_interfaces/local/lib/python3.10/dist-packages:${PYTHONPATH} /usr/bin/cmake --build /home/yjfy/topic_parctice_ws/build/status_display -- -j24 -l24
[7.599s] DEBUG:colcon.colcon_core.event_handler.log_command:Invoking command in '/home/yjfy/topic_parctice_ws/build/status_display': AMENT_PREFIX_PATH=/home/yjfy/topic_parctice_ws/install/status_interfaces:${AMENT_PREFIX_PATH} CMAKE_PREFIX_PATH=/home/yjfy/topic_parctice_ws/install/status_interfaces:/opt/ros/humble LD_LIBRARY_PATH=/home/yjfy/topic_parctice_ws/install/status_interfaces/lib:${LD_LIBRARY_PATH} PYTHONPATH=/home/yjfy/topic_parctice_ws/install/status_interfaces/local/lib/python3.10/dist-packages:${PYTHONPATH} /usr/bin/cmake --install /home/yjfy/topic_parctice_ws/build/status_display
[7.608s] DEBUG:colcon.colcon_core.event_handler.log_command:Invoked command in '/home/yjfy/topic_parctice_ws/build/status_display' returned '1': AMENT_PREFIX_PATH=/home/yjfy/topic_parctice_ws/install/status_interfaces:${AMENT_PREFIX_PATH} CMAKE_PREFIX_PATH=/home/yjfy/topic_parctice_ws/install/status_interfaces:/opt/ros/humble LD_LIBRARY_PATH=/home/yjfy/topic_parctice_ws/install/status_interfaces/lib:${LD_LIBRARY_PATH} PYTHONPATH=/home/yjfy/topic_parctice_ws/install/status_interfaces/local/lib/python3.10/dist-packages:${PYTHONPATH} /usr/bin/cmake --install /home/yjfy/topic_parctice_ws/build/status_display
[7.608s] Level 1:colcon.colcon_core.environment:create_environment_scripts_only(status_display)
[7.609s] Level 1:colcon.colcon_core.environment:checking '/home/yjfy/topic_parctice_ws/install/status_display' for CMake module files
[7.609s] Level 1:colcon.colcon_core.environment:checking '/home/yjfy/topic_parctice_ws/install/status_display' for CMake config files
[7.609s] Level 1:colcon.colcon_core.environment:checking '/home/yjfy/topic_parctice_ws/install/status_display/bin'
[7.609s] Level 1:colcon.colcon_core.environment:checking '/home/yjfy/topic_parctice_ws/install/status_display/lib/pkgconfig/status_display.pc'
[7.609s] Level 1:colcon.colcon_core.environment:checking '/home/yjfy/topic_parctice_ws/install/status_display/lib/python3.10/site-packages'
[7.610s] Level 1:colcon.colcon_core.environment:checking '/home/yjfy/topic_parctice_ws/install/status_display/bin'
[7.610s] INFO:colcon.colcon_core.shell:Creating package script '/home/yjfy/topic_parctice_ws/install/status_display/share/status_display/package.ps1'
[7.611s] INFO:colcon.colcon_core.shell:Creating package descriptor '/home/yjfy/topic_parctice_ws/install/status_display/share/status_display/package.dsv'
[7.611s] INFO:colcon.colcon_core.shell:Creating package script '/home/yjfy/topic_parctice_ws/install/status_display/share/status_display/package.sh'
[7.611s] INFO:colcon.colcon_core.shell:Creating package script '/home/yjfy/topic_parctice_ws/install/status_display/share/status_display/package.bash'
[7.612s] INFO:colcon.colcon_core.shell:Creating package script '/home/yjfy/topic_parctice_ws/install/status_display/share/status_display/package.zsh'
[7.612s] Level 1:colcon.colcon_core.environment:create_file_with_runtime_dependencies(/home/yjfy/topic_parctice_ws/install/status_display/share/colcon-core/packages/status_display)
[7.622s] DEBUG:colcon.colcon_parallel_executor.executor.parallel:closing loop
[7.623s] DEBUG:colcon.colcon_parallel_executor.executor.parallel:loop closed
[7.623s] DEBUG:colcon.colcon_parallel_executor.executor.parallel:run_until_complete finished with '1'
[7.623s] DEBUG:colcon.colcon_core.event_reactor:joining thread
[7.630s] INFO:colcon.colcon_core.plugin_system:Skipping extension 'colcon_notification.desktop_notification.terminal_notifier': Not used on non-Darwin systems
[7.630s] INFO:colcon.colcon_core.plugin_system:Skipping extension 'colcon_notification.desktop_notification.win32': Not used on non-Windows systems
[7.630s] INFO:colcon.colcon_notification.desktop_notification:Sending desktop notification using 'notify2'
[7.647s] DEBUG:colcon.colcon_core.event_reactor:joined thread
[7.647s] INFO:colcon.colcon_core.shell:Creating prefix script '/home/yjfy/topic_parctice_ws/install/local_setup.ps1'
[7.648s] INFO:colcon.colcon_core.shell:Creating prefix util module '/home/yjfy/topic_parctice_ws/install/_local_setup_util_ps1.py'
[7.649s] INFO:colcon.colcon_core.shell:Creating prefix chain script '/home/yjfy/topic_parctice_ws/install/setup.ps1'
[7.650s] INFO:colcon.colcon_core.shell:Creating prefix script '/home/yjfy/topic_parctice_ws/install/local_setup.sh'
[7.650s] INFO:colcon.colcon_core.shell:Creating prefix util module '/home/yjfy/topic_parctice_ws/install/_local_setup_util_sh.py'
[7.651s] INFO:colcon.colcon_core.shell:Creating prefix chain script '/home/yjfy/topic_parctice_ws/install/setup.sh'
[7.652s] INFO:colcon.colcon_core.shell:Creating prefix script '/home/yjfy/topic_parctice_ws/install/local_setup.bash'
[7.653s] INFO:colcon.colcon_core.shell:Creating prefix chain script '/home/yjfy/topic_parctice_ws/install/setup.bash'
[7.653s] INFO:colcon.colcon_core.shell:Creating prefix script '/home/yjfy/topic_parctice_ws/install/local_setup.zsh'
[7.654s] INFO:colcon.colcon_core.shell:Creating prefix chain script '/home/yjfy/topic_parctice_ws/install/setup.zsh'
