[0.006s] Invoking command in '/home/yjfy/桌面/workspace/demo_cpp_pkg/build/demo_cpp_pkg': CMAKE_PREFIX_PATH=/opt/ros/humble /usr/bin/cmake --build /home/yjfy/桌面/workspace/demo_cpp_pkg/build/demo_cpp_pkg -- -j24 -l24
[0.049s] -- Found ament_cmake: 1.3.13 (/opt/ros/humble/share/ament_cmake/cmake)
[0.133s] -- Found rclcpp: 16.0.18 (/opt/ros/humble/share/rclcpp/cmake)
[0.151s] -- Found rosidl_generator_c: 3.1.8 (/opt/ros/humble/share/rosidl_generator_c/cmake)
[0.152s] -- Found rosidl_adapter: 3.1.8 (/opt/ros/humble/share/rosidl_adapter/cmake)
[0.156s] -- Found rosidl_generator_cpp: 3.1.8 (/opt/ros/humble/share/rosidl_generator_cpp/cmake)
[0.163s] -- Using all available rosidl_typesupport_c: rosidl_typesupport_fastrtps_c;rosidl_typesupport_introspection_c
[0.170s] -- Using all available rosidl_typesupport_cpp: rosidl_typesupport_fastrtps_cpp;rosidl_typesupport_introspection_cpp
[0.191s] -- Found rmw_implementation_cmake: 6.1.2 (/opt/ros/humble/share/rmw_implementation_cmake/cmake)
[0.192s] -- Found rmw_fastrtps_cpp: 6.2.10 (/opt/ros/humble/share/rmw_fastrtps_cpp/cmake)
[0.258s] -- Using RMW implementation 'rmw_fastrtps_cpp' as default
[0.296s] [31mCMake Error at CMakeLists.txt:22 (install):
[0.296s]   install TARGETS given target "learn_thread" which does not exist.
[0.296s] 
[0.296s] [0m
[0.296s] -- Found ament_lint_auto: 0.12.15 (/opt/ros/humble/share/ament_lint_auto/cmake)
[0.342s] -- Added test 'cppcheck' to perform static code analysis on C / C++ code
[0.342s] -- Configured cppcheck include dirs: /home/yjfy/桌面/workspace/demo_cpp_pkg/include
[0.342s] -- Configured cppcheck exclude dirs and/or files: 
[0.344s] -- Added test 'flake8' to check Python code syntax and style conventions
[0.346s] -- Added test 'lint_cmake' to check CMake code style
[0.347s] -- Added test 'pep257' to check Python code against some of the docstring style conventions in PEP 257
[0.355s] -- Added test 'uncrustify' to check C / C++ code style
[0.355s] -- Configured uncrustify additional arguments: 
[0.357s] -- Added test 'xmllint' to check XML markup files
[0.358s] -- Configuring incomplete, errors occurred!
[0.358s] See also "/home/yjfy/桌面/workspace/demo_cpp_pkg/build/demo_cpp_pkg/CMakeFiles/CMakeOutput.log".
[0.363s] gmake: *** [Makefile:390：cmake_check_build_system] 错误 1
[0.364s] Invoked command in '/home/yjfy/桌面/workspace/demo_cpp_pkg/build/demo_cpp_pkg' returned '2': CMAKE_PREFIX_PATH=/opt/ros/humble /usr/bin/cmake --build /home/yjfy/桌面/workspace/demo_cpp_pkg/build/demo_cpp_pkg -- -j24 -l24
