[0.006s] Invoking command in '/home/yjfy/chapt4_ws/build/chapt4_interfaces': CMAKE_PREFIX_PATH=${CMAKE_PREFIX_PATH}:/opt/ros/humble /usr/bin/cmake /home/yjfy/chapt4_ws/src/chapt4_interfaces -DCMAKE_INSTALL_PREFIX=/home/yjfy/chapt4_ws/install/chapt4_interfaces
[0.054s] -- The C compiler identification is GNU 11.4.0
[0.108s] -- The CXX compiler identification is GNU 11.4.0
[0.112s] -- Detecting C compiler ABI info
[0.172s] -- Detecting C compiler ABI info - done
[0.176s] -- Check for working C compiler: /usr/bin/cc - skipped
[0.176s] -- Detecting C compile features
[0.176s] -- Detecting C compile features - done
[0.177s] -- Detecting CXX compiler ABI info
[0.233s] -- Detecting CXX compiler ABI info - done
[0.237s] -- Check for working CXX compiler: /usr/bin/c++ - skipped
[0.237s] -- Detecting CXX compile features
[0.237s] -- Detecting CXX compile features - done
[0.239s] -- Found ament_cmake: 1.3.13 (/opt/ros/humble/share/ament_cmake/cmake)
[0.363s] -- Found Python3: /usr/bin/python3 (found version "3.10.12") found components: Interpreter 
[0.424s] -- Found rosidl_default_generators: 1.2.0 (/opt/ros/humble/share/rosidl_default_generators/cmake)
[0.426s] -- Using all available rosidl_typesupport_c: rosidl_typesupport_fastrtps_c;rosidl_typesupport_introspection_c
[0.429s] -- Found rosidl_adapter: 3.1.8 (/opt/ros/humble/share/rosidl_adapter/cmake)
[0.450s] -- Using all available rosidl_typesupport_cpp: rosidl_typesupport_fastrtps_cpp;rosidl_typesupport_introspection_cpp
[0.468s] -- Found sensor_msgs: 4.9.1 (/opt/ros/humble/share/sensor_msgs/cmake)
[0.650s] -- Found ament_cmake_ros: 0.10.0 (/opt/ros/humble/share/ament_cmake_ros/cmake)
[0.806s] -- Using all available rosidl_typesupport_c: rosidl_typesupport_fastrtps_c;rosidl_typesupport_introspection_c
[1.028s] -- Using all available rosidl_typesupport_cpp: rosidl_typesupport_fastrtps_cpp;rosidl_typesupport_introspection_cpp
[1.042s] -- Found PythonInterp: /usr/bin/python3 (found suitable version "3.10.12", minimum required is "3.6") 
[1.043s] -- Found python_cmake_module: 0.10.0 (/opt/ros/humble/share/python_cmake_module/cmake)
[1.067s] -- Found PythonLibs: /usr/lib/x86_64-linux-gnu/libpython3.10.so (found suitable version "3.10.12", minimum required is "3.5") 
[1.067s] -- Using PYTHON_EXECUTABLE: /usr/bin/python3
[1.067s] -- Using PYTHON_INCLUDE_DIRS: /usr/include/python3.10
[1.067s] -- Using PYTHON_LIBRARIES: /usr/lib/x86_64-linux-gnu/libpython3.10.so
[1.085s] -- Found PythonExtra: .so  
[1.129s] -- Found ament_lint_auto: 0.12.15 (/opt/ros/humble/share/ament_lint_auto/cmake)
[1.138s] -- Added test 'lint_cmake' to check CMake code style
[1.138s] -- Added test 'xmllint' to check XML markup files
[1.139s] -- Configuring done
[1.155s] -- Generating done
[1.161s] -- Build files have been written to: /home/yjfy/chapt4_ws/build/chapt4_interfaces
[1.168s] Invoked command in '/home/yjfy/chapt4_ws/build/chapt4_interfaces' returned '0': CMAKE_PREFIX_PATH=${CMAKE_PREFIX_PATH}:/opt/ros/humble /usr/bin/cmake /home/yjfy/chapt4_ws/src/chapt4_interfaces -DCMAKE_INSTALL_PREFIX=/home/yjfy/chapt4_ws/install/chapt4_interfaces
[1.168s] Invoking command in '/home/yjfy/chapt4_ws/build/chapt4_interfaces': CMAKE_PREFIX_PATH=${CMAKE_PREFIX_PATH}:/opt/ros/humble /usr/bin/cmake --build /home/yjfy/chapt4_ws/build/chapt4_interfaces -- -j24 -l24
[1.196s] [  3%] [34m[1mGenerating C code for ROS interfaces[0m
[1.205s] [  6%] [34m[1mGenerating C++ code for ROS interfaces[0m
[1.211s] [  6%] Built target ament_cmake_python_copy_chapt4_interfaces
[1.332s] running egg_info
[1.332s] creating chapt4_interfaces.egg-info
[1.332s] writing chapt4_interfaces.egg-info/PKG-INFO
[1.332s] writing dependency_links to chapt4_interfaces.egg-info/dependency_links.txt
[1.332s] writing top-level names to chapt4_interfaces.egg-info/top_level.txt
[1.332s] writing manifest file 'chapt4_interfaces.egg-info/SOURCES.txt'
[1.334s] reading manifest file 'chapt4_interfaces.egg-info/SOURCES.txt'
[1.334s] writing manifest file 'chapt4_interfaces.egg-info/SOURCES.txt'
[1.342s] [  6%] Built target chapt4_interfaces__cpp
[1.348s] [ 16%] [34m[1mGenerating C++ type support for eProsima Fast-RTPS[0m
[1.348s] [ 16%] [32mBuilding C object CMakeFiles/chapt4_interfaces__rosidl_generator_c.dir/rosidl_generator_c/chapt4_interfaces/srv/detail/patrol__functions.c.o[0m
[1.348s] [ 16%] [34m[1mGenerating C++ type support dispatch for ROS interfaces[0m
[1.348s] [ 19%] [34m[1mGenerating C++ introspection for ROS interfaces[0m
[1.350s] [ 19%] Built target ament_cmake_python_build_chapt4_interfaces_egg
[1.379s] [ 22%] [32m[1mLinking C shared library libchapt4_interfaces__rosidl_generator_c.so[0m
[1.402s] [ 22%] Built target chapt4_interfaces__rosidl_generator_c
[1.409s] [ 25%] [34m[1mGenerating C type support dispatch for ROS interfaces[0m
[1.410s] [ 29%] [34m[1mGenerating C type support for eProsima Fast-RTPS[0m
[1.410s] [ 32%] [34m[1mGenerating C introspection for ROS interfaces[0m
[1.469s] [ 35%] [32mBuilding CXX object CMakeFiles/chapt4_interfaces__rosidl_typesupport_cpp.dir/rosidl_typesupport_cpp/chapt4_interfaces/srv/patrol__type_support.cpp.o[0m
[1.484s] [ 38%] [32mBuilding CXX object CMakeFiles/chapt4_interfaces__rosidl_typesupport_introspection_cpp.dir/rosidl_typesupport_introspection_cpp/chapt4_interfaces/srv/detail/patrol__type_support.cpp.o[0m
[1.488s] [ 41%] [32mBuilding CXX object CMakeFiles/chapt4_interfaces__rosidl_typesupport_fastrtps_cpp.dir/rosidl_typesupport_fastrtps_cpp/chapt4_interfaces/srv/detail/dds_fastrtps/patrol__type_support.cpp.o[0m
[1.534s] [ 45%] [32mBuilding CXX object CMakeFiles/chapt4_interfaces__rosidl_typesupport_c.dir/rosidl_typesupport_c/chapt4_interfaces/srv/patrol__type_support.cpp.o[0m
[1.547s] [ 48%] [32mBuilding C object CMakeFiles/chapt4_interfaces__rosidl_typesupport_introspection_c.dir/rosidl_typesupport_introspection_c/chapt4_interfaces/srv/detail/patrol__type_support.c.o[0m
[1.550s] [ 51%] [32mBuilding CXX object CMakeFiles/chapt4_interfaces__rosidl_typesupport_fastrtps_c.dir/rosidl_typesupport_fastrtps_c/chapt4_interfaces/srv/detail/patrol__type_support_c.cpp.o[0m
[1.557s] [ 54%] [32m[1mLinking CXX shared library libchapt4_interfaces__rosidl_typesupport_c.so[0m
[1.571s] [ 58%] [32m[1mLinking C shared library libchapt4_interfaces__rosidl_typesupport_introspection_c.so[0m
[1.584s] [ 58%] Built target chapt4_interfaces__rosidl_typesupport_c
[1.594s] [ 58%] Built target chapt4_interfaces__rosidl_typesupport_introspection_c
[1.596s] [ 61%] [32m[1mLinking CXX shared library libchapt4_interfaces__rosidl_typesupport_cpp.so[0m
[1.625s] [ 61%] Built target chapt4_interfaces__rosidl_typesupport_cpp
[1.668s] [ 64%] [32m[1mLinking CXX shared library libchapt4_interfaces__rosidl_typesupport_introspection_cpp.so[0m
[1.674s] [ 67%] [32m[1mLinking CXX shared library libchapt4_interfaces__rosidl_typesupport_fastrtps_cpp.so[0m
[1.697s] [ 67%] Built target chapt4_interfaces__rosidl_typesupport_introspection_cpp
[1.708s] [ 70%] [32m[1mLinking CXX shared library libchapt4_interfaces__rosidl_typesupport_fastrtps_c.so[0m
[1.716s] [ 70%] Built target chapt4_interfaces__rosidl_typesupport_fastrtps_cpp
[1.756s] [ 70%] Built target chapt4_interfaces__rosidl_typesupport_fastrtps_c
[1.780s] [ 70%] Built target chapt4_interfaces
[1.804s] [ 74%] [34m[1mGenerating Python code for ROS interfaces[0m
[1.978s] [ 74%] Built target chapt4_interfaces__py
[1.993s] [ 77%] [32mBuilding C object CMakeFiles/chapt4_interfaces__rosidl_generator_py.dir/rosidl_generator_py/chapt4_interfaces/srv/_patrol_s.c.o[0m
[2.053s] [ 80%] [32m[1mLinking C shared library rosidl_generator_py/chapt4_interfaces/libchapt4_interfaces__rosidl_generator_py.so[0m
[2.088s] [ 80%] Built target chapt4_interfaces__rosidl_generator_py
[2.103s] [ 83%] [32mBuilding C object CMakeFiles/chapt4_interfaces__rosidl_typesupport_introspection_c__pyext.dir/rosidl_generator_py/chapt4_interfaces/_chapt4_interfaces_s.ep.rosidl_typesupport_introspection_c.c.o[0m
[2.104s] [ 87%] [32mBuilding C object CMakeFiles/chapt4_interfaces__rosidl_typesupport_c__pyext.dir/rosidl_generator_py/chapt4_interfaces/_chapt4_interfaces_s.ep.rosidl_typesupport_c.c.o[0m
[2.104s] [ 90%] [32mBuilding C object CMakeFiles/chapt4_interfaces__rosidl_typesupport_fastrtps_c__pyext.dir/rosidl_generator_py/chapt4_interfaces/_chapt4_interfaces_s.ep.rosidl_typesupport_fastrtps_c.c.o[0m
[2.160s] [100%] [32m[1mLinking C shared library rosidl_generator_py/chapt4_interfaces/chapt4_interfaces_s__rosidl_typesupport_fastrtps_c.cpython-310-x86_64-linux-gnu.so[0m
[2.160s] [100%] [32m[1mLinking C shared library rosidl_generator_py/chapt4_interfaces/chapt4_interfaces_s__rosidl_typesupport_c.cpython-310-x86_64-linux-gnu.so[0m
[2.160s] [100%] [32m[1mLinking C shared library rosidl_generator_py/chapt4_interfaces/chapt4_interfaces_s__rosidl_typesupport_introspection_c.cpython-310-x86_64-linux-gnu.so[0m
[2.191s] [100%] Built target chapt4_interfaces__rosidl_typesupport_c__pyext
[2.191s] [100%] Built target chapt4_interfaces__rosidl_typesupport_fastrtps_c__pyext
[2.192s] [100%] Built target chapt4_interfaces__rosidl_typesupport_introspection_c__pyext
[2.200s] Invoked command in '/home/yjfy/chapt4_ws/build/chapt4_interfaces' returned '0': CMAKE_PREFIX_PATH=${CMAKE_PREFIX_PATH}:/opt/ros/humble /usr/bin/cmake --build /home/yjfy/chapt4_ws/build/chapt4_interfaces -- -j24 -l24
[2.208s] Invoking command in '/home/yjfy/chapt4_ws/build/chapt4_interfaces': CMAKE_PREFIX_PATH=${CMAKE_PREFIX_PATH}:/opt/ros/humble /usr/bin/cmake --install /home/yjfy/chapt4_ws/build/chapt4_interfaces
[2.219s] -- Install configuration: ""
[2.219s] -- Installing: /home/yjfy/chapt4_ws/install/chapt4_interfaces/share/ament_index/resource_index/rosidl_interfaces/chapt4_interfaces
[2.219s] -- Installing: /home/yjfy/chapt4_ws/install/chapt4_interfaces/include/chapt4_interfaces/chapt4_interfaces
[2.219s] -- Installing: /home/yjfy/chapt4_ws/install/chapt4_interfaces/include/chapt4_interfaces/chapt4_interfaces/srv
[2.219s] -- Installing: /home/yjfy/chapt4_ws/install/chapt4_interfaces/include/chapt4_interfaces/chapt4_interfaces/srv/detail
[2.219s] -- Installing: /home/yjfy/chapt4_ws/install/chapt4_interfaces/include/chapt4_interfaces/chapt4_interfaces/srv/detail/patrol__functions.c
[2.219s] -- Installing: /home/yjfy/chapt4_ws/install/chapt4_interfaces/include/chapt4_interfaces/chapt4_interfaces/srv/detail/patrol__type_support.h
[2.219s] -- Installing: /home/yjfy/chapt4_ws/install/chapt4_interfaces/include/chapt4_interfaces/chapt4_interfaces/srv/detail/patrol__struct.h
[2.220s] -- Installing: /home/yjfy/chapt4_ws/install/chapt4_interfaces/include/chapt4_interfaces/chapt4_interfaces/srv/detail/patrol__functions.h
[2.220s] -- Installing: /home/yjfy/chapt4_ws/install/chapt4_interfaces/include/chapt4_interfaces/chapt4_interfaces/srv/patrol.h
[2.220s] -- Installing: /home/yjfy/chapt4_ws/install/chapt4_interfaces/include/chapt4_interfaces/chapt4_interfaces/msg
[2.220s] -- Installing: /home/yjfy/chapt4_ws/install/chapt4_interfaces/include/chapt4_interfaces/chapt4_interfaces/msg/rosidl_generator_c__visibility_control.h
[2.220s] -- Installing: /home/yjfy/chapt4_ws/install/chapt4_interfaces/share/chapt4_interfaces/environment/library_path.sh
[2.220s] -- Installing: /home/yjfy/chapt4_ws/install/chapt4_interfaces/share/chapt4_interfaces/environment/library_path.dsv
[2.220s] -- Installing: /home/yjfy/chapt4_ws/install/chapt4_interfaces/lib/libchapt4_interfaces__rosidl_generator_c.so
[2.220s] -- Set runtime path of "/home/yjfy/chapt4_ws/install/chapt4_interfaces/lib/libchapt4_interfaces__rosidl_generator_c.so" to ""
[2.220s] -- Up-to-date: /home/yjfy/chapt4_ws/install/chapt4_interfaces/include/chapt4_interfaces/chapt4_interfaces
[2.220s] -- Up-to-date: /home/yjfy/chapt4_ws/install/chapt4_interfaces/include/chapt4_interfaces/chapt4_interfaces/srv
[2.220s] -- Up-to-date: /home/yjfy/chapt4_ws/install/chapt4_interfaces/include/chapt4_interfaces/chapt4_interfaces/srv/detail
[2.220s] -- Installing: /home/yjfy/chapt4_ws/install/chapt4_interfaces/include/chapt4_interfaces/chapt4_interfaces/srv/detail/patrol__rosidl_typesupport_fastrtps_c.h
[2.220s] -- Up-to-date: /home/yjfy/chapt4_ws/install/chapt4_interfaces/include/chapt4_interfaces/chapt4_interfaces/msg
[2.220s] -- Installing: /home/yjfy/chapt4_ws/install/chapt4_interfaces/include/chapt4_interfaces/chapt4_interfaces/msg/rosidl_typesupport_fastrtps_c__visibility_control.h
[2.221s] -- Installing: /home/yjfy/chapt4_ws/install/chapt4_interfaces/lib/libchapt4_interfaces__rosidl_typesupport_fastrtps_c.so
[2.221s] -- Set runtime path of "/home/yjfy/chapt4_ws/install/chapt4_interfaces/lib/libchapt4_interfaces__rosidl_typesupport_fastrtps_c.so" to ""
[2.221s] -- Up-to-date: /home/yjfy/chapt4_ws/install/chapt4_interfaces/include/chapt4_interfaces/chapt4_interfaces
[2.221s] -- Up-to-date: /home/yjfy/chapt4_ws/install/chapt4_interfaces/include/chapt4_interfaces/chapt4_interfaces/srv
[2.221s] -- Up-to-date: /home/yjfy/chapt4_ws/install/chapt4_interfaces/include/chapt4_interfaces/chapt4_interfaces/srv/detail
[2.221s] -- Installing: /home/yjfy/chapt4_ws/install/chapt4_interfaces/include/chapt4_interfaces/chapt4_interfaces/srv/detail/patrol__type_support.c
[2.221s] -- Installing: /home/yjfy/chapt4_ws/install/chapt4_interfaces/include/chapt4_interfaces/chapt4_interfaces/srv/detail/patrol__rosidl_typesupport_introspection_c.h
[2.221s] -- Up-to-date: /home/yjfy/chapt4_ws/install/chapt4_interfaces/include/chapt4_interfaces/chapt4_interfaces/msg
[2.221s] -- Installing: /home/yjfy/chapt4_ws/install/chapt4_interfaces/include/chapt4_interfaces/chapt4_interfaces/msg/rosidl_typesupport_introspection_c__visibility_control.h
[2.221s] -- Installing: /home/yjfy/chapt4_ws/install/chapt4_interfaces/lib/libchapt4_interfaces__rosidl_typesupport_introspection_c.so
[2.221s] -- Set runtime path of "/home/yjfy/chapt4_ws/install/chapt4_interfaces/lib/libchapt4_interfaces__rosidl_typesupport_introspection_c.so" to ""
[2.221s] -- Installing: /home/yjfy/chapt4_ws/install/chapt4_interfaces/lib/libchapt4_interfaces__rosidl_typesupport_c.so
[2.221s] -- Set runtime path of "/home/yjfy/chapt4_ws/install/chapt4_interfaces/lib/libchapt4_interfaces__rosidl_typesupport_c.so" to ""
[2.222s] -- Up-to-date: /home/yjfy/chapt4_ws/install/chapt4_interfaces/include/chapt4_interfaces/chapt4_interfaces
[2.222s] -- Up-to-date: /home/yjfy/chapt4_ws/install/chapt4_interfaces/include/chapt4_interfaces/chapt4_interfaces/srv
[2.222s] -- Up-to-date: /home/yjfy/chapt4_ws/install/chapt4_interfaces/include/chapt4_interfaces/chapt4_interfaces/srv/detail
[2.222s] -- Installing: /home/yjfy/chapt4_ws/install/chapt4_interfaces/include/chapt4_interfaces/chapt4_interfaces/srv/detail/patrol__builder.hpp
[2.222s] -- Installing: /home/yjfy/chapt4_ws/install/chapt4_interfaces/include/chapt4_interfaces/chapt4_interfaces/srv/detail/patrol__traits.hpp
[2.222s] -- Installing: /home/yjfy/chapt4_ws/install/chapt4_interfaces/include/chapt4_interfaces/chapt4_interfaces/srv/detail/patrol__struct.hpp
[2.222s] -- Installing: /home/yjfy/chapt4_ws/install/chapt4_interfaces/include/chapt4_interfaces/chapt4_interfaces/srv/detail/patrol__type_support.hpp
[2.222s] -- Installing: /home/yjfy/chapt4_ws/install/chapt4_interfaces/include/chapt4_interfaces/chapt4_interfaces/srv/patrol.hpp
[2.222s] -- Up-to-date: /home/yjfy/chapt4_ws/install/chapt4_interfaces/include/chapt4_interfaces/chapt4_interfaces/msg
[2.222s] -- Installing: /home/yjfy/chapt4_ws/install/chapt4_interfaces/include/chapt4_interfaces/chapt4_interfaces/msg/rosidl_generator_cpp__visibility_control.hpp
[2.222s] -- Up-to-date: /home/yjfy/chapt4_ws/install/chapt4_interfaces/include/chapt4_interfaces/chapt4_interfaces
[2.222s] -- Up-to-date: /home/yjfy/chapt4_ws/install/chapt4_interfaces/include/chapt4_interfaces/chapt4_interfaces/srv
[2.222s] -- Up-to-date: /home/yjfy/chapt4_ws/install/chapt4_interfaces/include/chapt4_interfaces/chapt4_interfaces/srv/detail
[2.222s] -- Installing: /home/yjfy/chapt4_ws/install/chapt4_interfaces/include/chapt4_interfaces/chapt4_interfaces/srv/detail/patrol__rosidl_typesupport_fastrtps_cpp.hpp
[2.222s] -- Installing: /home/yjfy/chapt4_ws/install/chapt4_interfaces/include/chapt4_interfaces/chapt4_interfaces/srv/detail/dds_fastrtps
[2.222s] -- Up-to-date: /home/yjfy/chapt4_ws/install/chapt4_interfaces/include/chapt4_interfaces/chapt4_interfaces/msg
[2.222s] -- Installing: /home/yjfy/chapt4_ws/install/chapt4_interfaces/include/chapt4_interfaces/chapt4_interfaces/msg/rosidl_typesupport_fastrtps_cpp__visibility_control.h
[2.222s] -- Installing: /home/yjfy/chapt4_ws/install/chapt4_interfaces/lib/libchapt4_interfaces__rosidl_typesupport_fastrtps_cpp.so
[2.223s] -- Set runtime path of "/home/yjfy/chapt4_ws/install/chapt4_interfaces/lib/libchapt4_interfaces__rosidl_typesupport_fastrtps_cpp.so" to ""
[2.223s] -- Up-to-date: /home/yjfy/chapt4_ws/install/chapt4_interfaces/include/chapt4_interfaces/chapt4_interfaces
[2.223s] -- Up-to-date: /home/yjfy/chapt4_ws/install/chapt4_interfaces/include/chapt4_interfaces/chapt4_interfaces/srv
[2.223s] -- Up-to-date: /home/yjfy/chapt4_ws/install/chapt4_interfaces/include/chapt4_interfaces/chapt4_interfaces/srv/detail
[2.223s] -- Installing: /home/yjfy/chapt4_ws/install/chapt4_interfaces/include/chapt4_interfaces/chapt4_interfaces/srv/detail/patrol__type_support.cpp
[2.223s] -- Installing: /home/yjfy/chapt4_ws/install/chapt4_interfaces/include/chapt4_interfaces/chapt4_interfaces/srv/detail/patrol__rosidl_typesupport_introspection_cpp.hpp
[2.223s] -- Installing: /home/yjfy/chapt4_ws/install/chapt4_interfaces/lib/libchapt4_interfaces__rosidl_typesupport_introspection_cpp.so
[2.223s] -- Set runtime path of "/home/yjfy/chapt4_ws/install/chapt4_interfaces/lib/libchapt4_interfaces__rosidl_typesupport_introspection_cpp.so" to ""
[2.223s] -- Installing: /home/yjfy/chapt4_ws/install/chapt4_interfaces/lib/libchapt4_interfaces__rosidl_typesupport_cpp.so
[2.223s] -- Set runtime path of "/home/yjfy/chapt4_ws/install/chapt4_interfaces/lib/libchapt4_interfaces__rosidl_typesupport_cpp.so" to ""
[2.223s] -- Installing: /home/yjfy/chapt4_ws/install/chapt4_interfaces/share/chapt4_interfaces/environment/pythonpath.sh
[2.223s] -- Installing: /home/yjfy/chapt4_ws/install/chapt4_interfaces/share/chapt4_interfaces/environment/pythonpath.dsv
[2.223s] -- Installing: /home/yjfy/chapt4_ws/install/chapt4_interfaces/local/lib/python3.10/dist-packages/chapt4_interfaces-0.0.0-py3.10.egg-info
[2.223s] -- Installing: /home/yjfy/chapt4_ws/install/chapt4_interfaces/local/lib/python3.10/dist-packages/chapt4_interfaces-0.0.0-py3.10.egg-info/top_level.txt
[2.223s] -- Installing: /home/yjfy/chapt4_ws/install/chapt4_interfaces/local/lib/python3.10/dist-packages/chapt4_interfaces-0.0.0-py3.10.egg-info/PKG-INFO
[2.223s] -- Installing: /home/yjfy/chapt4_ws/install/chapt4_interfaces/local/lib/python3.10/dist-packages/chapt4_interfaces-0.0.0-py3.10.egg-info/dependency_links.txt
[2.224s] -- Installing: /home/yjfy/chapt4_ws/install/chapt4_interfaces/local/lib/python3.10/dist-packages/chapt4_interfaces-0.0.0-py3.10.egg-info/SOURCES.txt
[2.224s] -- Installing: /home/yjfy/chapt4_ws/install/chapt4_interfaces/local/lib/python3.10/dist-packages/chapt4_interfaces
[2.224s] -- Installing: /home/yjfy/chapt4_ws/install/chapt4_interfaces/local/lib/python3.10/dist-packages/chapt4_interfaces/libchapt4_interfaces__rosidl_generator_py.so
[2.224s] -- Installing: /home/yjfy/chapt4_ws/install/chapt4_interfaces/local/lib/python3.10/dist-packages/chapt4_interfaces/chapt4_interfaces_s__rosidl_typesupport_introspection_c.cpython-310-x86_64-linux-gnu.so
[2.224s] -- Installing: /home/yjfy/chapt4_ws/install/chapt4_interfaces/local/lib/python3.10/dist-packages/chapt4_interfaces/chapt4_interfaces_s__rosidl_typesupport_fastrtps_c.cpython-310-x86_64-linux-gnu.so
[2.224s] -- Installing: /home/yjfy/chapt4_ws/install/chapt4_interfaces/local/lib/python3.10/dist-packages/chapt4_interfaces/srv
[2.224s] -- Installing: /home/yjfy/chapt4_ws/install/chapt4_interfaces/local/lib/python3.10/dist-packages/chapt4_interfaces/srv/_patrol_s.c
[2.224s] -- Installing: /home/yjfy/chapt4_ws/install/chapt4_interfaces/local/lib/python3.10/dist-packages/chapt4_interfaces/srv/_patrol.py
[2.224s] -- Installing: /home/yjfy/chapt4_ws/install/chapt4_interfaces/local/lib/python3.10/dist-packages/chapt4_interfaces/srv/__init__.py
[2.224s] -- Installing: /home/yjfy/chapt4_ws/install/chapt4_interfaces/local/lib/python3.10/dist-packages/chapt4_interfaces/chapt4_interfaces_s__rosidl_typesupport_c.cpython-310-x86_64-linux-gnu.so
[2.224s] -- Installing: /home/yjfy/chapt4_ws/install/chapt4_interfaces/local/lib/python3.10/dist-packages/chapt4_interfaces/_chapt4_interfaces_s.ep.rosidl_typesupport_c.c
[2.224s] -- Installing: /home/yjfy/chapt4_ws/install/chapt4_interfaces/local/lib/python3.10/dist-packages/chapt4_interfaces/_chapt4_interfaces_s.ep.rosidl_typesupport_fastrtps_c.c
[2.224s] -- Installing: /home/yjfy/chapt4_ws/install/chapt4_interfaces/local/lib/python3.10/dist-packages/chapt4_interfaces/_chapt4_interfaces_s.ep.rosidl_typesupport_introspection_c.c
[2.224s] -- Installing: /home/yjfy/chapt4_ws/install/chapt4_interfaces/local/lib/python3.10/dist-packages/chapt4_interfaces/__init__.py
[2.248s] Listing '/home/yjfy/chapt4_ws/install/chapt4_interfaces/local/lib/python3.10/dist-packages/chapt4_interfaces'...
[2.248s] Compiling '/home/yjfy/chapt4_ws/install/chapt4_interfaces/local/lib/python3.10/dist-packages/chapt4_interfaces/__init__.py'...
[2.248s] Listing '/home/yjfy/chapt4_ws/install/chapt4_interfaces/local/lib/python3.10/dist-packages/chapt4_interfaces/srv'...
[2.248s] Compiling '/home/yjfy/chapt4_ws/install/chapt4_interfaces/local/lib/python3.10/dist-packages/chapt4_interfaces/srv/__init__.py'...
[2.248s] Compiling '/home/yjfy/chapt4_ws/install/chapt4_interfaces/local/lib/python3.10/dist-packages/chapt4_interfaces/srv/_patrol.py'...
[2.251s] -- Installing: /home/yjfy/chapt4_ws/install/chapt4_interfaces/local/lib/python3.10/dist-packages/chapt4_interfaces/chapt4_interfaces_s__rosidl_typesupport_fastrtps_c.cpython-310-x86_64-linux-gnu.so
[2.251s] -- Set runtime path of "/home/yjfy/chapt4_ws/install/chapt4_interfaces/local/lib/python3.10/dist-packages/chapt4_interfaces/chapt4_interfaces_s__rosidl_typesupport_fastrtps_c.cpython-310-x86_64-linux-gnu.so" to ""
[2.251s] -- Installing: /home/yjfy/chapt4_ws/install/chapt4_interfaces/local/lib/python3.10/dist-packages/chapt4_interfaces/chapt4_interfaces_s__rosidl_typesupport_introspection_c.cpython-310-x86_64-linux-gnu.so
[2.252s] -- Set runtime path of "/home/yjfy/chapt4_ws/install/chapt4_interfaces/local/lib/python3.10/dist-packages/chapt4_interfaces/chapt4_interfaces_s__rosidl_typesupport_introspection_c.cpython-310-x86_64-linux-gnu.so" to ""
[2.252s] -- Installing: /home/yjfy/chapt4_ws/install/chapt4_interfaces/local/lib/python3.10/dist-packages/chapt4_interfaces/chapt4_interfaces_s__rosidl_typesupport_c.cpython-310-x86_64-linux-gnu.so
[2.252s] -- Set runtime path of "/home/yjfy/chapt4_ws/install/chapt4_interfaces/local/lib/python3.10/dist-packages/chapt4_interfaces/chapt4_interfaces_s__rosidl_typesupport_c.cpython-310-x86_64-linux-gnu.so" to ""
[2.252s] -- Installing: /home/yjfy/chapt4_ws/install/chapt4_interfaces/lib/libchapt4_interfaces__rosidl_generator_py.so
[2.252s] -- Set runtime path of "/home/yjfy/chapt4_ws/install/chapt4_interfaces/lib/libchapt4_interfaces__rosidl_generator_py.so" to ""
[2.252s] -- Installing: /home/yjfy/chapt4_ws/install/chapt4_interfaces/share/chapt4_interfaces/srv/Patrol.idl
[2.252s] -- Installing: /home/yjfy/chapt4_ws/install/chapt4_interfaces/share/chapt4_interfaces/srv/Patrol.srv
[2.252s] -- Installing: /home/yjfy/chapt4_ws/install/chapt4_interfaces/share/chapt4_interfaces/srv/Patrol_Request.msg
[2.252s] -- Installing: /home/yjfy/chapt4_ws/install/chapt4_interfaces/share/chapt4_interfaces/srv/Patrol_Response.msg
[2.252s] -- Installing: /home/yjfy/chapt4_ws/install/chapt4_interfaces/share/ament_index/resource_index/package_run_dependencies/chapt4_interfaces
[2.252s] -- Installing: /home/yjfy/chapt4_ws/install/chapt4_interfaces/share/ament_index/resource_index/parent_prefix_path/chapt4_interfaces
[2.252s] -- Installing: /home/yjfy/chapt4_ws/install/chapt4_interfaces/share/chapt4_interfaces/environment/ament_prefix_path.sh
[2.252s] -- Installing: /home/yjfy/chapt4_ws/install/chapt4_interfaces/share/chapt4_interfaces/environment/ament_prefix_path.dsv
[2.252s] -- Installing: /home/yjfy/chapt4_ws/install/chapt4_interfaces/share/chapt4_interfaces/environment/path.sh
[2.252s] -- Installing: /home/yjfy/chapt4_ws/install/chapt4_interfaces/share/chapt4_interfaces/environment/path.dsv
[2.252s] -- Installing: /home/yjfy/chapt4_ws/install/chapt4_interfaces/share/chapt4_interfaces/local_setup.bash
[2.252s] -- Installing: /home/yjfy/chapt4_ws/install/chapt4_interfaces/share/chapt4_interfaces/local_setup.sh
[2.252s] -- Installing: /home/yjfy/chapt4_ws/install/chapt4_interfaces/share/chapt4_interfaces/local_setup.zsh
[2.252s] -- Installing: /home/yjfy/chapt4_ws/install/chapt4_interfaces/share/chapt4_interfaces/local_setup.dsv
[2.252s] -- Installing: /home/yjfy/chapt4_ws/install/chapt4_interfaces/share/chapt4_interfaces/package.dsv
[2.252s] -- Installing: /home/yjfy/chapt4_ws/install/chapt4_interfaces/share/ament_index/resource_index/packages/chapt4_interfaces
[2.253s] -- Installing: /home/yjfy/chapt4_ws/install/chapt4_interfaces/share/chapt4_interfaces/cmake/export_chapt4_interfaces__rosidl_generator_cExport.cmake
[2.253s] -- Installing: /home/yjfy/chapt4_ws/install/chapt4_interfaces/share/chapt4_interfaces/cmake/export_chapt4_interfaces__rosidl_generator_cExport-noconfig.cmake
[2.253s] -- Installing: /home/yjfy/chapt4_ws/install/chapt4_interfaces/share/chapt4_interfaces/cmake/export_chapt4_interfaces__rosidl_typesupport_fastrtps_cExport.cmake
[2.253s] -- Installing: /home/yjfy/chapt4_ws/install/chapt4_interfaces/share/chapt4_interfaces/cmake/export_chapt4_interfaces__rosidl_typesupport_fastrtps_cExport-noconfig.cmake
[2.253s] -- Installing: /home/yjfy/chapt4_ws/install/chapt4_interfaces/share/chapt4_interfaces/cmake/chapt4_interfaces__rosidl_typesupport_introspection_cExport.cmake
[2.253s] -- Installing: /home/yjfy/chapt4_ws/install/chapt4_interfaces/share/chapt4_interfaces/cmake/chapt4_interfaces__rosidl_typesupport_introspection_cExport-noconfig.cmake
[2.253s] -- Installing: /home/yjfy/chapt4_ws/install/chapt4_interfaces/share/chapt4_interfaces/cmake/chapt4_interfaces__rosidl_typesupport_cExport.cmake
[2.253s] -- Installing: /home/yjfy/chapt4_ws/install/chapt4_interfaces/share/chapt4_interfaces/cmake/chapt4_interfaces__rosidl_typesupport_cExport-noconfig.cmake
[2.253s] -- Installing: /home/yjfy/chapt4_ws/install/chapt4_interfaces/share/chapt4_interfaces/cmake/export_chapt4_interfaces__rosidl_generator_cppExport.cmake
[2.253s] -- Installing: /home/yjfy/chapt4_ws/install/chapt4_interfaces/share/chapt4_interfaces/cmake/export_chapt4_interfaces__rosidl_typesupport_fastrtps_cppExport.cmake
[2.253s] -- Installing: /home/yjfy/chapt4_ws/install/chapt4_interfaces/share/chapt4_interfaces/cmake/export_chapt4_interfaces__rosidl_typesupport_fastrtps_cppExport-noconfig.cmake
[2.253s] -- Installing: /home/yjfy/chapt4_ws/install/chapt4_interfaces/share/chapt4_interfaces/cmake/chapt4_interfaces__rosidl_typesupport_introspection_cppExport.cmake
[2.253s] -- Installing: /home/yjfy/chapt4_ws/install/chapt4_interfaces/share/chapt4_interfaces/cmake/chapt4_interfaces__rosidl_typesupport_introspection_cppExport-noconfig.cmake
[2.253s] -- Installing: /home/yjfy/chapt4_ws/install/chapt4_interfaces/share/chapt4_interfaces/cmake/chapt4_interfaces__rosidl_typesupport_cppExport.cmake
[2.253s] -- Installing: /home/yjfy/chapt4_ws/install/chapt4_interfaces/share/chapt4_interfaces/cmake/chapt4_interfaces__rosidl_typesupport_cppExport-noconfig.cmake
[2.253s] -- Installing: /home/yjfy/chapt4_ws/install/chapt4_interfaces/share/chapt4_interfaces/cmake/export_chapt4_interfaces__rosidl_generator_pyExport.cmake
[2.253s] -- Installing: /home/yjfy/chapt4_ws/install/chapt4_interfaces/share/chapt4_interfaces/cmake/export_chapt4_interfaces__rosidl_generator_pyExport-noconfig.cmake
[2.253s] -- Installing: /home/yjfy/chapt4_ws/install/chapt4_interfaces/share/chapt4_interfaces/cmake/rosidl_cmake-extras.cmake
[2.253s] -- Installing: /home/yjfy/chapt4_ws/install/chapt4_interfaces/share/chapt4_interfaces/cmake/ament_cmake_export_dependencies-extras.cmake
[2.253s] -- Installing: /home/yjfy/chapt4_ws/install/chapt4_interfaces/share/chapt4_interfaces/cmake/ament_cmake_export_include_directories-extras.cmake
[2.253s] -- Installing: /home/yjfy/chapt4_ws/install/chapt4_interfaces/share/chapt4_interfaces/cmake/ament_cmake_export_libraries-extras.cmake
[2.253s] -- Installing: /home/yjfy/chapt4_ws/install/chapt4_interfaces/share/chapt4_interfaces/cmake/ament_cmake_export_targets-extras.cmake
[2.253s] -- Installing: /home/yjfy/chapt4_ws/install/chapt4_interfaces/share/chapt4_interfaces/cmake/rosidl_cmake_export_typesupport_targets-extras.cmake
[2.253s] -- Installing: /home/yjfy/chapt4_ws/install/chapt4_interfaces/share/chapt4_interfaces/cmake/rosidl_cmake_export_typesupport_libraries-extras.cmake
[2.253s] -- Installing: /home/yjfy/chapt4_ws/install/chapt4_interfaces/share/chapt4_interfaces/cmake/chapt4_interfacesConfig.cmake
[2.253s] -- Installing: /home/yjfy/chapt4_ws/install/chapt4_interfaces/share/chapt4_interfaces/cmake/chapt4_interfacesConfig-version.cmake
[2.254s] -- Installing: /home/yjfy/chapt4_ws/install/chapt4_interfaces/share/chapt4_interfaces/package.xml
[2.255s] Invoked command in '/home/yjfy/chapt4_ws/build/chapt4_interfaces' returned '0': CMAKE_PREFIX_PATH=${CMAKE_PREFIX_PATH}:/opt/ros/humble /usr/bin/cmake --install /home/yjfy/chapt4_ws/build/chapt4_interfaces
