[0.006s] Invoking command in '/home/yjfy/chapt4_ws/build/demo_cpp_service': AMENT_PREFIX_PATH=/home/yjfy/chapt4_ws/install/chapt4_interfaces:${AMENT_PREFIX_PATH} CMAKE_PREFIX_PATH=/home/yjfy/chapt4_ws/install/chapt4_interfaces:/opt/ros/humble LD_LIBRARY_PATH=/home/yjfy/chapt4_ws/install/chapt4_interfaces/lib:${LD_LIBRARY_PATH} PYTHONPATH=/home/yjfy/chapt4_ws/install/chapt4_interfaces/local/lib/python3.10/dist-packages:${PYTHONPATH} /usr/bin/cmake --build /home/yjfy/chapt4_ws/build/demo_cpp_service -- -j24 -l24
[0.034s] [35m[1mConsolidate compiler generated dependencies of target turtle_control[0m
[0.044s] [ 50%] Built target patrol_client
[0.045s] [ 75%] [32mBuilding CXX object CMakeFiles/turtle_control.dir/src/turtle_control.cpp.o[0m
[4.294s] [100%] [32m[1mLinking CXX executable turtle_control[0m
[4.571s] [100%] Built target turtle_control
[4.580s] Invoked command in '/home/yjfy/chapt4_ws/build/demo_cpp_service' returned '0': AMENT_PREFIX_PATH=/home/yjfy/chapt4_ws/install/chapt4_interfaces:${AMENT_PREFIX_PATH} CMAKE_PREFIX_PATH=/home/yjfy/chapt4_ws/install/chapt4_interfaces:/opt/ros/humble LD_LIBRARY_PATH=/home/yjfy/chapt4_ws/install/chapt4_interfaces/lib:${LD_LIBRARY_PATH} PYTHONPATH=/home/yjfy/chapt4_ws/install/chapt4_interfaces/local/lib/python3.10/dist-packages:${PYTHONPATH} /usr/bin/cmake --build /home/yjfy/chapt4_ws/build/demo_cpp_service -- -j24 -l24
[4.581s] Invoking command in '/home/yjfy/chapt4_ws/build/demo_cpp_service': AMENT_PREFIX_PATH=/home/yjfy/chapt4_ws/install/chapt4_interfaces:${AMENT_PREFIX_PATH} CMAKE_PREFIX_PATH=/home/yjfy/chapt4_ws/install/chapt4_interfaces:/opt/ros/humble LD_LIBRARY_PATH=/home/yjfy/chapt4_ws/install/chapt4_interfaces/lib:${LD_LIBRARY_PATH} PYTHONPATH=/home/yjfy/chapt4_ws/install/chapt4_interfaces/local/lib/python3.10/dist-packages:${PYTHONPATH} /usr/bin/cmake --install /home/yjfy/chapt4_ws/build/demo_cpp_service
[4.586s] -- Install configuration: ""
[4.587s] -- Installing: /home/yjfy/chapt4_ws/install/demo_cpp_service/lib/demo_cpp_service/turtle_control
[4.590s] -- Set runtime path of "/home/yjfy/chapt4_ws/install/demo_cpp_service/lib/demo_cpp_service/turtle_control" to ""
[4.590s] -- Up-to-date: /home/yjfy/chapt4_ws/install/demo_cpp_service/lib/demo_cpp_service/patrol_client
[4.590s] -- Up-to-date: /home/yjfy/chapt4_ws/install/demo_cpp_service/share/ament_index/resource_index/package_run_dependencies/demo_cpp_service
[4.590s] -- Up-to-date: /home/yjfy/chapt4_ws/install/demo_cpp_service/share/ament_index/resource_index/parent_prefix_path/demo_cpp_service
[4.591s] -- Up-to-date: /home/yjfy/chapt4_ws/install/demo_cpp_service/share/demo_cpp_service/environment/ament_prefix_path.sh
[4.591s] -- Up-to-date: /home/yjfy/chapt4_ws/install/demo_cpp_service/share/demo_cpp_service/environment/ament_prefix_path.dsv
[4.591s] -- Up-to-date: /home/yjfy/chapt4_ws/install/demo_cpp_service/share/demo_cpp_service/environment/path.sh
[4.591s] -- Up-to-date: /home/yjfy/chapt4_ws/install/demo_cpp_service/share/demo_cpp_service/environment/path.dsv
[4.591s] -- Up-to-date: /home/yjfy/chapt4_ws/install/demo_cpp_service/share/demo_cpp_service/local_setup.bash
[4.591s] -- Up-to-date: /home/yjfy/chapt4_ws/install/demo_cpp_service/share/demo_cpp_service/local_setup.sh
[4.591s] -- Up-to-date: /home/yjfy/chapt4_ws/install/demo_cpp_service/share/demo_cpp_service/local_setup.zsh
[4.591s] -- Up-to-date: /home/yjfy/chapt4_ws/install/demo_cpp_service/share/demo_cpp_service/local_setup.dsv
[4.592s] -- Installing: /home/yjfy/chapt4_ws/install/demo_cpp_service/share/demo_cpp_service/package.dsv
[4.592s] -- Up-to-date: /home/yjfy/chapt4_ws/install/demo_cpp_service/share/ament_index/resource_index/packages/demo_cpp_service
[4.592s] -- Up-to-date: /home/yjfy/chapt4_ws/install/demo_cpp_service/share/demo_cpp_service/cmake/demo_cpp_serviceConfig.cmake
[4.592s] -- Up-to-date: /home/yjfy/chapt4_ws/install/demo_cpp_service/share/demo_cpp_service/cmake/demo_cpp_serviceConfig-version.cmake
[4.592s] -- Up-to-date: /home/yjfy/chapt4_ws/install/demo_cpp_service/share/demo_cpp_service/package.xml
[4.594s] Invoked command in '/home/yjfy/chapt4_ws/build/demo_cpp_service' returned '0': AMENT_PREFIX_PATH=/home/yjfy/chapt4_ws/install/chapt4_interfaces:${AMENT_PREFIX_PATH} CMAKE_PREFIX_PATH=/home/yjfy/chapt4_ws/install/chapt4_interfaces:/opt/ros/humble LD_LIBRARY_PATH=/home/yjfy/chapt4_ws/install/chapt4_interfaces/lib:${LD_LIBRARY_PATH} PYTHONPATH=/home/yjfy/chapt4_ws/install/chapt4_interfaces/local/lib/python3.10/dist-packages:${PYTHONPATH} /usr/bin/cmake --install /home/yjfy/chapt4_ws/build/demo_cpp_service
