-- Found ament_cmake: 1.3.13 (/opt/ros/humble/share/ament_cmake/cmake)
-- Found rclcpp: 16.0.18 (/opt/ros/humble/share/rclcpp/cmake)
-- Found rosidl_generator_c: 3.1.8 (/opt/ros/humble/share/rosidl_generator_c/cmake)
-- Found rosidl_adapter: 3.1.8 (/opt/ros/humble/share/rosidl_adapter/cmake)
-- Found rosidl_generator_cpp: 3.1.8 (/opt/ros/humble/share/rosidl_generator_cpp/cmake)
-- Using all available rosidl_typesupport_c: rosidl_typesupport_fastrtps_c;rosidl_typesupport_introspection_c
-- Using all available rosidl_typesupport_cpp: rosidl_typesupport_fastrtps_cpp;rosidl_typesupport_introspection_cpp
-- Found rmw_implementation_cmake: 6.1.2 (/opt/ros/humble/share/rmw_implementation_cmake/cmake)
-- Found rmw_fastrtps_cpp: 6.2.10 (/opt/ros/humble/share/rmw_fastrtps_cpp/cmake)
-- Using RMW implementation 'rmw_fastrtps_cpp' as default
-- Found status_interfaces: 0.0.0 (/home/yjfy/topic_parctice_ws/install/status_interfaces/share/status_interfaces/cmake)
-- Found ament_lint_auto: 0.12.15 (/opt/ros/humble/share/ament_lint_auto/cmake)
-- Added test 'cppcheck' to perform static code analysis on C / C++ code
-- Configured cppcheck include dirs: 
-- Configured cppcheck exclude dirs and/or files: 
-- Added test 'lint_cmake' to check CMake code style
-- Added test 'uncrustify' to check C / C++ code style
-- Configured uncrustify additional arguments: 
-- Added test 'xmllint' to check XML markup files
-- Configuring done
-- Generating done
-- Build files have been written to: /home/yjfy/topic_parctice_ws/build/status_display
[35m[1mConsolidate compiler generated dependencies of target sys_status_display[0m
[100%] Built target sys_status_display
-- Install configuration: ""
-- Installing: /home/yjfy/topic_parctice_ws/install/status_display/lib/status_display/sys_status_display
-- Set runtime path of "/home/yjfy/topic_parctice_ws/install/status_display/lib/status_display/sys_status_display" to ""
-- Installing: /home/yjfy/topic_parctice_ws/install/status_display/share/ament_index/resource_index/package_run_dependencies/status_display
-- Installing: /home/yjfy/topic_parctice_ws/install/status_display/share/ament_index/resource_index/parent_prefix_path/status_display
-- Installing: /home/yjfy/topic_parctice_ws/install/status_display/share/status_display/environment/ament_prefix_path.sh
-- Installing: /home/yjfy/topic_parctice_ws/install/status_display/share/status_display/environment/ament_prefix_path.dsv
-- Installing: /home/yjfy/topic_parctice_ws/install/status_display/share/status_display/environment/path.sh
-- Installing: /home/yjfy/topic_parctice_ws/install/status_display/share/status_display/environment/path.dsv
-- Installing: /home/yjfy/topic_parctice_ws/install/status_display/share/status_display/local_setup.bash
-- Installing: /home/yjfy/topic_parctice_ws/install/status_display/share/status_display/local_setup.sh
-- Installing: /home/yjfy/topic_parctice_ws/install/status_display/share/status_display/local_setup.zsh
-- Installing: /home/yjfy/topic_parctice_ws/install/status_display/share/status_display/local_setup.dsv
-- Installing: /home/yjfy/topic_parctice_ws/install/status_display/share/status_display/package.dsv
-- Installing: /home/yjfy/topic_parctice_ws/install/status_display/share/ament_index/resource_index/packages/status_display
-- Installing: /home/yjfy/topic_parctice_ws/install/status_display/share/status_display/cmake/status_displayConfig.cmake
-- Installing: /home/yjfy/topic_parctice_ws/install/status_display/share/status_display/cmake/status_displayConfig-version.cmake
-- Installing: /home/yjfy/topic_parctice_ws/install/status_display/share/status_display/package.xml
