[0.007s] Invoking command in '/home/yjfy/topic_parctice_ws/build/status_display': AMENT_PREFIX_PATH=/home/yjfy/topic_parctice_ws/install/status_interfaces:${AMENT_PREFIX_PATH} CMAKE_PREFIX_PATH=/home/yjfy/topic_parctice_ws/install/status_interfaces:/opt/ros/humble LD_LIBRARY_PATH=/home/yjfy/topic_parctice_ws/install/status_interfaces/lib:${LD_LIBRARY_PATH} PYTHONPATH=/home/yjfy/topic_parctice_ws/install/status_interfaces/local/lib/python3.10/dist-packages:${PYTHONPATH} /usr/bin/cmake --build /home/yjfy/topic_parctice_ws/build/status_display -- -j24 -l24
[0.025s] -- Found ament_cmake: 1.3.13 (/opt/ros/humble/share/ament_cmake/cmake)
[0.094s] -- Found rclcpp: 16.0.18 (/opt/ros/humble/share/rclcpp/cmake)
[0.108s] -- Found rosidl_generator_c: 3.1.8 (/opt/ros/humble/share/rosidl_generator_c/cmake)
[0.109s] -- Found rosidl_adapter: 3.1.8 (/opt/ros/humble/share/rosidl_adapter/cmake)
[0.112s] -- Found rosidl_generator_cpp: 3.1.8 (/opt/ros/humble/share/rosidl_generator_cpp/cmake)
[0.116s] -- Using all available rosidl_typesupport_c: rosidl_typesupport_fastrtps_c;rosidl_typesupport_introspection_c
[0.123s] -- Using all available rosidl_typesupport_cpp: rosidl_typesupport_fastrtps_cpp;rosidl_typesupport_introspection_cpp
[0.138s] -- Found rmw_implementation_cmake: 6.1.2 (/opt/ros/humble/share/rmw_implementation_cmake/cmake)
[0.139s] -- Found rmw_fastrtps_cpp: 6.2.10 (/opt/ros/humble/share/rmw_fastrtps_cpp/cmake)
[0.198s] -- Using RMW implementation 'rmw_fastrtps_cpp' as default
[0.222s] -- Found status_interfaces: 0.0.0 (/home/yjfy/topic_parctice_ws/install/status_interfaces/share/status_interfaces/cmake)
[0.232s] -- Found ament_lint_auto: 0.12.15 (/opt/ros/humble/share/ament_lint_auto/cmake)
[0.266s] -- Added test 'cppcheck' to perform static code analysis on C / C++ code
[0.266s] -- Configured cppcheck include dirs: 
[0.266s] -- Configured cppcheck exclude dirs and/or files: 
[0.266s] -- Added test 'lint_cmake' to check CMake code style
[0.266s] -- Added test 'uncrustify' to check C / C++ code style
[0.266s] -- Configured uncrustify additional arguments: 
[0.266s] -- Added test 'xmllint' to check XML markup files
[0.267s] -- Configuring done
[0.271s] -- Generating done
[0.273s] -- Build files have been written to: /home/yjfy/topic_parctice_ws/build/status_display
[0.289s] [35m[1mConsolidate compiler generated dependencies of target sys_status_display[0m
[0.299s] [100%] Built target sys_status_display
[0.305s] Invoked command in '/home/yjfy/topic_parctice_ws/build/status_display' returned '0': AMENT_PREFIX_PATH=/home/yjfy/topic_parctice_ws/install/status_interfaces:${AMENT_PREFIX_PATH} CMAKE_PREFIX_PATH=/home/yjfy/topic_parctice_ws/install/status_interfaces:/opt/ros/humble LD_LIBRARY_PATH=/home/yjfy/topic_parctice_ws/install/status_interfaces/lib:${LD_LIBRARY_PATH} PYTHONPATH=/home/yjfy/topic_parctice_ws/install/status_interfaces/local/lib/python3.10/dist-packages:${PYTHONPATH} /usr/bin/cmake --build /home/yjfy/topic_parctice_ws/build/status_display -- -j24 -l24
[0.306s] Invoking command in '/home/yjfy/topic_parctice_ws/build/status_display': AMENT_PREFIX_PATH=/home/yjfy/topic_parctice_ws/install/status_interfaces:${AMENT_PREFIX_PATH} CMAKE_PREFIX_PATH=/home/yjfy/topic_parctice_ws/install/status_interfaces:/opt/ros/humble LD_LIBRARY_PATH=/home/yjfy/topic_parctice_ws/install/status_interfaces/lib:${LD_LIBRARY_PATH} PYTHONPATH=/home/yjfy/topic_parctice_ws/install/status_interfaces/local/lib/python3.10/dist-packages:${PYTHONPATH} /usr/bin/cmake --install /home/yjfy/topic_parctice_ws/build/status_display
[0.312s] -- Install configuration: ""
[0.312s] -- Installing: /home/yjfy/topic_parctice_ws/install/status_display/lib/status_display/sys_status_display
[0.313s] -- Set runtime path of "/home/yjfy/topic_parctice_ws/install/status_display/lib/status_display/sys_status_display" to ""
[0.313s] -- Installing: /home/yjfy/topic_parctice_ws/install/status_display/share/ament_index/resource_index/package_run_dependencies/status_display
[0.314s] -- Installing: /home/yjfy/topic_parctice_ws/install/status_display/share/ament_index/resource_index/parent_prefix_path/status_display
[0.314s] -- Installing: /home/yjfy/topic_parctice_ws/install/status_display/share/status_display/environment/ament_prefix_path.sh
[0.314s] -- Installing: /home/yjfy/topic_parctice_ws/install/status_display/share/status_display/environment/ament_prefix_path.dsv
[0.314s] -- Installing: /home/yjfy/topic_parctice_ws/install/status_display/share/status_display/environment/path.sh
[0.314s] -- Installing: /home/yjfy/topic_parctice_ws/install/status_display/share/status_display/environment/path.dsv
[0.314s] -- Installing: /home/yjfy/topic_parctice_ws/install/status_display/share/status_display/local_setup.bash
[0.314s] -- Installing: /home/yjfy/topic_parctice_ws/install/status_display/share/status_display/local_setup.sh
[0.314s] -- Installing: /home/yjfy/topic_parctice_ws/install/status_display/share/status_display/local_setup.zsh
[0.314s] -- Installing: /home/yjfy/topic_parctice_ws/install/status_display/share/status_display/local_setup.dsv
[0.314s] -- Installing: /home/yjfy/topic_parctice_ws/install/status_display/share/status_display/package.dsv
[0.314s] -- Installing: /home/yjfy/topic_parctice_ws/install/status_display/share/ament_index/resource_index/packages/status_display
[0.314s] -- Installing: /home/yjfy/topic_parctice_ws/install/status_display/share/status_display/cmake/status_displayConfig.cmake
[0.314s] -- Installing: /home/yjfy/topic_parctice_ws/install/status_display/share/status_display/cmake/status_displayConfig-version.cmake
[0.314s] -- Installing: /home/yjfy/topic_parctice_ws/install/status_display/share/status_display/package.xml
[0.315s] Invoked command in '/home/yjfy/topic_parctice_ws/build/status_display' returned '0': AMENT_PREFIX_PATH=/home/yjfy/topic_parctice_ws/install/status_interfaces:${AMENT_PREFIX_PATH} CMAKE_PREFIX_PATH=/home/yjfy/topic_parctice_ws/install/status_interfaces:/opt/ros/humble LD_LIBRARY_PATH=/home/yjfy/topic_parctice_ws/install/status_interfaces/lib:${LD_LIBRARY_PATH} PYTHONPATH=/home/yjfy/topic_parctice_ws/install/status_interfaces/local/lib/python3.10/dist-packages:${PYTHONPATH} /usr/bin/cmake --install /home/yjfy/topic_parctice_ws/build/status_display
