[0.259s] Invoking command in '/home/yjfy/桌面/workspace/demo_python_pkg': PYTHONPATH=/home/yjfy/桌面/workspace/demo_python_pkg/build/demo_python_pkg/prefix_override:/usr/lib/python3/dist-packages/colcon_core/task/python/colcon_distutils_commands:/home/yjfy/桌面/workspace/demo_python_pkg/install/demo_python_pkg/lib/python3.10/site-packages:${PYTHONPATH} /usr/bin/python3 -W ignore:setup.py install is deprecated -W ignore:easy_install command is deprecated setup.py egg_info --egg-base build/demo_python_pkg build --build-base /home/yjfy/桌面/workspace/demo_python_pkg/build/demo_python_pkg/build install --record /home/yjfy/桌面/workspace/demo_python_pkg/build/demo_python_pkg/install.log --single-version-externally-managed install_data
[0.363s] running egg_info
[0.364s] writing build/demo_python_pkg/demo_python_pkg.egg-info/PKG-INFO
[0.364s] writing dependency_links to build/demo_python_pkg/demo_python_pkg.egg-info/dependency_links.txt
[0.364s] writing entry points to build/demo_python_pkg/demo_python_pkg.egg-info/entry_points.txt
[0.364s] writing requirements to build/demo_python_pkg/demo_python_pkg.egg-info/requires.txt
[0.364s] writing top-level names to build/demo_python_pkg/demo_python_pkg.egg-info/top_level.txt
[0.365s] reading manifest file 'build/demo_python_pkg/demo_python_pkg.egg-info/SOURCES.txt'
[0.365s] adding license file 'LICENSE'
[0.365s] writing manifest file 'build/demo_python_pkg/demo_python_pkg.egg-info/SOURCES.txt'
[0.365s] running build
[0.365s] running build_py
[0.365s] copying demo_python_pkg/writer_node.py -> /home/yjfy/桌面/workspace/demo_python_pkg/build/demo_python_pkg/build/lib/demo_python_pkg
[0.365s] running install
[0.365s] running install_lib
[0.366s] copying /home/yjfy/桌面/workspace/demo_python_pkg/build/demo_python_pkg/build/lib/demo_python_pkg/writer_node.py -> /home/yjfy/桌面/workspace/demo_python_pkg/install/demo_python_pkg/lib/python3.10/site-packages/demo_python_pkg
[0.366s] byte-compiling /home/yjfy/桌面/workspace/demo_python_pkg/install/demo_python_pkg/lib/python3.10/site-packages/demo_python_pkg/writer_node.py to writer_node.cpython-310.pyc
[0.367s] running install_data
[0.367s] running install_egg_info
[0.367s] removing '/home/yjfy/桌面/workspace/demo_python_pkg/install/demo_python_pkg/lib/python3.10/site-packages/demo_python_pkg-0.0.0-py3.10.egg-info' (and everything under it)
[0.368s] Copying build/demo_python_pkg/demo_python_pkg.egg-info to /home/yjfy/桌面/workspace/demo_python_pkg/install/demo_python_pkg/lib/python3.10/site-packages/demo_python_pkg-0.0.0-py3.10.egg-info
[0.368s] running install_scripts
[0.379s] Installing person_node script to /home/yjfy/桌面/workspace/demo_python_pkg/install/demo_python_pkg/lib/demo_python_pkg
[0.379s] Installing python_node script to /home/yjfy/桌面/workspace/demo_python_pkg/install/demo_python_pkg/lib/demo_python_pkg
[0.379s] Installing writer_node script to /home/yjfy/桌面/workspace/demo_python_pkg/install/demo_python_pkg/lib/demo_python_pkg
[0.379s] writing list of installed files to '/home/yjfy/桌面/workspace/demo_python_pkg/build/demo_python_pkg/install.log'
[0.390s] Invoked command in '/home/yjfy/桌面/workspace/demo_python_pkg' returned '0': PYTHONPATH=/home/yjfy/桌面/workspace/demo_python_pkg/build/demo_python_pkg/prefix_override:/usr/lib/python3/dist-packages/colcon_core/task/python/colcon_distutils_commands:/home/yjfy/桌面/workspace/demo_python_pkg/install/demo_python_pkg/lib/python3.10/site-packages:${PYTHONPATH} /usr/bin/python3 -W ignore:setup.py install is deprecated -W ignore:easy_install command is deprecated setup.py egg_info --egg-base build/demo_python_pkg build --build-base /home/yjfy/桌面/workspace/demo_python_pkg/build/demo_python_pkg/build install --record /home/yjfy/桌面/workspace/demo_python_pkg/build/demo_python_pkg/install.log --single-version-externally-managed install_data
