[0.320s] Invoking command in '/home/yjfy/topic_parctice_ws/src/status_publisher': CMAKE_PREFIX_PATH=/home/yjfy/topic_parctice_ws/install/status_interfaces:/home/yjfy/topic_parctice_ws/install/status_display PYTHONPATH=/home/yjfy/topic_parctice_ws/build/status_publisher/prefix_override:/usr/lib/python3/dist-packages/colcon_core/task/python/colcon_distutils_commands:/home/yjfy/topic_parctice_ws/install/status_publisher/lib/python3.10/site-packages:${PYTHONPATH} /usr/bin/python3 -W ignore:setup.py install is deprecated -W ignore:easy_install command is deprecated setup.py egg_info --egg-base ../../build/status_publisher build --build-base /home/yjfy/topic_parctice_ws/build/status_publisher/build install --record /home/yjfy/topic_parctice_ws/build/status_publisher/install.log --single-version-externally-managed install_data
[0.426s] running egg_info
[0.426s] writing ../../build/status_publisher/status_publisher.egg-info/PKG-INFO
[0.426s] writing dependency_links to ../../build/status_publisher/status_publisher.egg-info/dependency_links.txt
[0.426s] writing entry points to ../../build/status_publisher/status_publisher.egg-info/entry_points.txt
[0.426s] writing requirements to ../../build/status_publisher/status_publisher.egg-info/requires.txt
[0.427s] writing top-level names to ../../build/status_publisher/status_publisher.egg-info/top_level.txt
[0.427s] reading manifest file '../../build/status_publisher/status_publisher.egg-info/SOURCES.txt'
[0.427s] adding license file 'LICENSE'
[0.428s] writing manifest file '../../build/status_publisher/status_publisher.egg-info/SOURCES.txt'
[0.428s] running build
[0.428s] running build_py
[0.428s] running install
[0.428s] running install_lib
[0.429s] running install_data
[0.429s] running install_egg_info
[0.430s] removing '/home/yjfy/topic_parctice_ws/install/status_publisher/lib/python3.10/site-packages/status_publisher-0.0.0-py3.10.egg-info' (and everything under it)
[0.430s] Copying ../../build/status_publisher/status_publisher.egg-info to /home/yjfy/topic_parctice_ws/install/status_publisher/lib/python3.10/site-packages/status_publisher-0.0.0-py3.10.egg-info
[0.430s] running install_scripts
[0.442s] Installing sys_status_pub script to /home/yjfy/topic_parctice_ws/install/status_publisher/lib/status_publisher
[0.442s] writing list of installed files to '/home/yjfy/topic_parctice_ws/build/status_publisher/install.log'
[0.455s] Invoked command in '/home/yjfy/topic_parctice_ws/src/status_publisher' returned '0': CMAKE_PREFIX_PATH=/home/yjfy/topic_parctice_ws/install/status_interfaces:/home/yjfy/topic_parctice_ws/install/status_display PYTHONPATH=/home/yjfy/topic_parctice_ws/build/status_publisher/prefix_override:/usr/lib/python3/dist-packages/colcon_core/task/python/colcon_distutils_commands:/home/yjfy/topic_parctice_ws/install/status_publisher/lib/python3.10/site-packages:${PYTHONPATH} /usr/bin/python3 -W ignore:setup.py install is deprecated -W ignore:easy_install command is deprecated setup.py egg_info --egg-base ../../build/status_publisher build --build-base /home/yjfy/topic_parctice_ws/build/status_publisher/build install --record /home/yjfy/topic_parctice_ws/build/status_publisher/install.log --single-version-externally-managed install_data
