[0.006s] Invoking command in '/home/yjfy/桌面/workspace/demo_cpp_topic/build/demo_cpp_topic': CMAKE_PREFIX_PATH=/opt/ros/humble /usr/bin/cmake --build /home/yjfy/桌面/workspace/demo_cpp_topic/build/demo_cpp_topic -- -j24 -l24
[0.032s] [35m[1mConsolidate compiler generated dependencies of target turtle_circle[0m
[0.047s] [ 50%] [32mBuilding CXX object CMakeFiles/turtle_circle.dir/src/turtle_circle.cpp.o[0m
[0.152s] [01m[K/home/yjfy/桌面/workspace/demo_cpp_topic/src/turtle_circle.cpp:13:71:[m[K [01;35m[Kwarning: [m[Kcharacter constant too long for its type
[0.152s]    13 |         publisher = this->create_publisher<geometry_msgs::msg::Twist>([01;35m[K'turtle1/cmd_vel'[m[K,10);
[0.152s]       |                                                                       [01;35m[K^~~~~~~~~~~~~~~~~[m[K
[1.148s] [01m[K/home/yjfy/桌面/workspace/demo_cpp_topic/src/turtle_circle.cpp:24:2:[m[K [01;31m[Kerror: [m[Kexpected ‘[01m[K;[m[K’ after class definition
[1.148s]    24 | }
[1.148s]       |  [01;31m[K^[m[K
[1.148s]       |  [32m[K;[m[K
[1.148s] [01m[K/home/yjfy/桌面/workspace/demo_cpp_topic/src/turtle_circle.cpp:[m[K In constructor ‘[01m[KTurtleCircle::TurtleCircle(const string&)[m[K’:
[1.148s] [01m[K/home/yjfy/桌面/workspace/demo_cpp_topic/src/turtle_circle.cpp:13:70:[m[K [01;31m[Kerror: [m[Kno matching function for call to ‘[01m[KTurtleCircle::create_publisher<geometry_msgs::msg::Twist>(int, int)[m[K’
[1.148s]    13 |         publisher = [01;31m[Kthis->create_publisher<geometry_msgs::msg::Twist>('turtle1/cmd_vel',10)[m[K;
[1.148s]       |                     [01;31m[K~~~~~~~~~~~~~~~~~~~~~~~~~~~~~~~~~~~~~~~~~~~~~~~~~^~~~~~~~~~~~~~~~~~~~~~[m[K
[1.148s] In file included from [01m[K/opt/ros/humble/include/rclcpp/rclcpp/executors/single_threaded_executor.hpp:28[m[K,
[1.148s]                  from [01m[K/opt/ros/humble/include/rclcpp/rclcpp/executors.hpp:22[m[K,
[1.148s]                  from [01m[K/opt/ros/humble/include/rclcpp/rclcpp/rclcpp.hpp:155[m[K,
[1.148s]                  from [01m[K/home/yjfy/桌面/workspace/demo_cpp_topic/src/turtle_circle.cpp:1[m[K:
[1.148s] [01m[K/opt/ros/humble/include/rclcpp/rclcpp/node.hpp:195:3:[m[K [01;36m[Knote: [m[Kcandidate: ‘[01m[Ktemplate<class MessageT, class AllocatorT, class PublisherT> std::shared_ptr<PublisherT> rclcpp::Node::create_publisher(const string&, const rclcpp::QoS&, const rclcpp::PublisherOptionsWithAllocator<AllocatorT>&)[m[K’
[1.148s]   195 |   [01;36m[Kcreate_publisher[m[K(
[1.148s]       |   [01;36m[K^~~~~~~~~~~~~~~~[m[K
[1.148s] [01m[K/opt/ros/humble/include/rclcpp/rclcpp/node.hpp:195:3:[m[K [01;36m[Knote: [m[K  template argument deduction/substitution failed:
[1.148s] [01m[K/home/yjfy/桌面/workspace/demo_cpp_topic/src/turtle_circle.cpp:13:71:[m[K [01;36m[Knote: [m[K  cannot convert ‘[01m[K1601594732[m[K’ (type ‘[01m[Kint[m[K’) to type ‘[01m[Kconst string&[m[K’ {aka ‘[01m[Kconst std::__cxx11::basic_string<char>&[m[K’}
[1.148s]    13 |         publisher = this->create_publisher<geometry_msgs::msg::Twist>([01;36m[K'turtle1/cmd_vel'[m[K,10);
[1.148s]       |                                                                       [01;36m[K^~~~~~~~~~~~~~~~~[m[K
[1.443s] gmake[2]: *** [CMakeFiles/turtle_circle.dir/build.make:76：CMakeFiles/turtle_circle.dir/src/turtle_circle.cpp.o] 错误 1
[1.443s] gmake[1]: *** [CMakeFiles/Makefile2:137：CMakeFiles/turtle_circle.dir/all] 错误 2
[1.443s] gmake: *** [Makefile:146：all] 错误 2
[1.445s] Invoked command in '/home/yjfy/桌面/workspace/demo_cpp_topic/build/demo_cpp_topic' returned '2': CMAKE_PREFIX_PATH=/opt/ros/humble /usr/bin/cmake --build /home/yjfy/桌面/workspace/demo_cpp_topic/build/demo_cpp_topic -- -j24 -l24
