[0.006s] Invoking command in '/home/yjfy/桌面/workspace/demo_cpp_pkg/build/demo_cpp_pkg': CMAKE_PREFIX_PATH=${CMAKE_PREFIX_PATH}:/opt/ros/humble /usr/bin/cmake --build /home/yjfy/桌面/workspace/demo_cpp_pkg/build/demo_cpp_pkg -- -j24 -l24
[0.047s] [ 10%] [32mBuilding CXX object CMakeFiles/learn_thread.dir/src/learn_thread.cpp.o[0m
[0.047s] [ 30%] Built target learn_function
[0.047s] [ 50%] Built target learn_function1
[0.050s] [ 70%] Built target person_node
[0.052s] [ 90%] Built target cpp_node
[2.541s] [100%] [32m[1mLinking CXX executable learn_thread[0m
[2.641s] [100%] Built target learn_thread
[2.649s] Invoked command in '/home/yjfy/桌面/workspace/demo_cpp_pkg/build/demo_cpp_pkg' returned '0': CMAKE_PREFIX_PATH=${CMAKE_PREFIX_PATH}:/opt/ros/humble /usr/bin/cmake --build /home/yjfy/桌面/workspace/demo_cpp_pkg/build/demo_cpp_pkg -- -j24 -l24
[2.655s] Invoking command in '/home/yjfy/桌面/workspace/demo_cpp_pkg/build/demo_cpp_pkg': CMAKE_PREFIX_PATH=${CMAKE_PREFIX_PATH}:/opt/ros/humble /usr/bin/cmake --install /home/yjfy/桌面/workspace/demo_cpp_pkg/build/demo_cpp_pkg
[2.660s] -- Install configuration: ""
[2.660s] -- Up-to-date: /home/yjfy/桌面/workspace/demo_cpp_pkg/install/demo_cpp_pkg/lib/demo_cpp_pkg/cpp_node
[2.660s] -- Up-to-date: /home/yjfy/桌面/workspace/demo_cpp_pkg/install/demo_cpp_pkg/lib/demo_cpp_pkg/person_node
[2.660s] -- Up-to-date: /home/yjfy/桌面/workspace/demo_cpp_pkg/install/demo_cpp_pkg/lib/demo_cpp_pkg/learn_function
[2.660s] -- Up-to-date: /home/yjfy/桌面/workspace/demo_cpp_pkg/install/demo_cpp_pkg/lib/demo_cpp_pkg/learn_function1
[2.661s] -- Installing: /home/yjfy/桌面/workspace/demo_cpp_pkg/install/demo_cpp_pkg/lib/demo_cpp_pkg/learn_thread
[2.662s] -- Up-to-date: /home/yjfy/桌面/workspace/demo_cpp_pkg/install/demo_cpp_pkg/share/ament_index/resource_index/package_run_dependencies/demo_cpp_pkg
[2.663s] -- Up-to-date: /home/yjfy/桌面/workspace/demo_cpp_pkg/install/demo_cpp_pkg/share/ament_index/resource_index/parent_prefix_path/demo_cpp_pkg
[2.663s] -- Up-to-date: /home/yjfy/桌面/workspace/demo_cpp_pkg/install/demo_cpp_pkg/share/demo_cpp_pkg/environment/ament_prefix_path.sh
[2.663s] -- Up-to-date: /home/yjfy/桌面/workspace/demo_cpp_pkg/install/demo_cpp_pkg/share/demo_cpp_pkg/environment/ament_prefix_path.dsv
[2.663s] -- Up-to-date: /home/yjfy/桌面/workspace/demo_cpp_pkg/install/demo_cpp_pkg/share/demo_cpp_pkg/environment/path.sh
[2.663s] -- Up-to-date: /home/yjfy/桌面/workspace/demo_cpp_pkg/install/demo_cpp_pkg/share/demo_cpp_pkg/environment/path.dsv
[2.663s] -- Up-to-date: /home/yjfy/桌面/workspace/demo_cpp_pkg/install/demo_cpp_pkg/share/demo_cpp_pkg/local_setup.bash
[2.663s] -- Up-to-date: /home/yjfy/桌面/workspace/demo_cpp_pkg/install/demo_cpp_pkg/share/demo_cpp_pkg/local_setup.sh
[2.663s] -- Up-to-date: /home/yjfy/桌面/workspace/demo_cpp_pkg/install/demo_cpp_pkg/share/demo_cpp_pkg/local_setup.zsh
[2.663s] -- Up-to-date: /home/yjfy/桌面/workspace/demo_cpp_pkg/install/demo_cpp_pkg/share/demo_cpp_pkg/local_setup.dsv
[2.663s] -- Installing: /home/yjfy/桌面/workspace/demo_cpp_pkg/install/demo_cpp_pkg/share/demo_cpp_pkg/package.dsv
[2.663s] -- Up-to-date: /home/yjfy/桌面/workspace/demo_cpp_pkg/install/demo_cpp_pkg/share/ament_index/resource_index/packages/demo_cpp_pkg
[2.663s] -- Up-to-date: /home/yjfy/桌面/workspace/demo_cpp_pkg/install/demo_cpp_pkg/share/demo_cpp_pkg/cmake/demo_cpp_pkgConfig.cmake
[2.663s] -- Up-to-date: /home/yjfy/桌面/workspace/demo_cpp_pkg/install/demo_cpp_pkg/share/demo_cpp_pkg/cmake/demo_cpp_pkgConfig-version.cmake
[2.663s] -- Up-to-date: /home/yjfy/桌面/workspace/demo_cpp_pkg/install/demo_cpp_pkg/share/demo_cpp_pkg/package.xml
[2.664s] Invoked command in '/home/yjfy/桌面/workspace/demo_cpp_pkg/build/demo_cpp_pkg' returned '0': CMAKE_PREFIX_PATH=${CMAKE_PREFIX_PATH}:/opt/ros/humble /usr/bin/cmake --install /home/yjfy/桌面/workspace/demo_cpp_pkg/build/demo_cpp_pkg
