[35m[1mConsolidate compiler generated dependencies of target turtle_control[0m
[ 50%] Built target turtle_circle
[ 75%] [32mBuilding CXX object CMakeFiles/turtle_control.dir/src/turtle_control.cpp.o[0m
[01m[K/home/yjfy/桌面/workspace/demo_cpp_topic/src/turtle_control.cpp:36:23:[m[K [01;31m[Kerror: [m[K‘[01m[Kgeometry[m[K’ was not declared in this scope
   36 |     rclcpp::Publisher<[01;31m[Kgeometry[m[K::msg::msg::Twist>::SharedPtr velocity_publisher;
      |                       [01;31m[K^~~~~~~~[m[K
[01m[K/home/yjfy/桌面/workspace/demo_cpp_topic/src/turtle_control.cpp:36:48:[m[K [01;31m[Kerror: [m[Ktemplate argument 1 is invalid
   36 |     rclcpp::Publisher<geometry::msg::msg::Twist[01;31m[K>[m[K::SharedPtr velocity_publisher;
      |                                                [01;31m[K^[m[K
[01m[K/home/yjfy/桌面/workspace/demo_cpp_topic/src/turtle_control.cpp:36:51:[m[K [01;31m[Kerror: [m[Kexpected ‘[01m[K;[m[K’ at end of member declaration
   36 |     rclcpp::Publisher<geometry::msg::msg::Twist>::[01;31m[KSharedPtr[m[K velocity_publisher;
      |                                                   [01;31m[K^~~~~~~~~[m[K
      |                                                            [32m[K;[m[K
[01m[K/home/yjfy/桌面/workspace/demo_cpp_topic/src/turtle_control.cpp:36:61:[m[K [01;31m[Kerror: [m[K‘[01m[Kvelocity_publisher[m[K’ does not name a type
   36 |     rclcpp::Publisher<geometry::msg::msg::Twist>::SharedPtr [01;31m[Kvelocity_publisher[m[K;
      |                                                             [01;31m[K^~~~~~~~~~~~~~~~~~[m[K
[01m[K/home/yjfy/桌面/workspace/demo_cpp_topic/src/turtle_control.cpp:[m[K In constructor ‘[01m[KTurtleController::TurtleController()[m[K’:
[01m[K/home/yjfy/桌面/workspace/demo_cpp_topic/src/turtle_control.cpp:8:9:[m[K [01;31m[Kerror: [m[K‘[01m[Kvelocity_publisher_[m[K’ was not declared in this scope; did you mean ‘[01m[Kcount_publishers[m[K’?
    8 |         [01;31m[Kvelocity_publisher_[m[K=this->create_publisher<geometry_msgs::msg::Twist>("/turtle1/cmd_vel",10);
      |         [01;31m[K^~~~~~~~~~~~~~~~~~~[m[K
      |         [32m[Kcount_publishers[m[K
[01m[K/home/yjfy/桌面/workspace/demo_cpp_topic/src/turtle_control.cpp:9:9:[m[K [01;31m[Kerror: [m[K‘[01m[Kpose_subscriber[m[K’ was not declared in this scope; did you mean ‘[01m[Kcount_subscribers[m[K’?
    9 |         [01;31m[Kpose_subscriber[m[K=this->create_subscription<turtlesim::msg::Pose>("/turtle1/pose",10,std::bind(&TurtleController::on_pose_received,this,std::placeholders::_1));
      |         [01;31m[K^~~~~~~~~~~~~~~[m[K
      |         [32m[Kcount_subscribers[m[K
[01m[K/home/yjfy/桌面/workspace/demo_cpp_topic/src/turtle_control.cpp:[m[K In member function ‘[01m[Kvoid TurtleController::on_pose_received(turtlesim::msg::Pose_<std::allocator<void> >::SharedPtr)[m[K’:
[01m[K/home/yjfy/桌面/workspace/demo_cpp_topic/src/turtle_control.cpp:19:33:[m[K [01;31m[Kerror: [m[K‘[01m[Ktarget_y[m[K’ was not declared in this scope; did you mean ‘[01m[Ktarget_y_[m[K’?
   19 |         double angle=std::atan2([01;31m[Ktarget_y[m[K-current_y,target_x-current_x)-pose->theta;
      |                                 [01;31m[K^~~~~~~~[m[K
      |                                 [32m[Ktarget_y_[m[K
[01m[K/home/yjfy/桌面/workspace/demo_cpp_topic/src/turtle_control.cpp:19:52:[m[K [01;31m[Kerror: [m[K‘[01m[Ktarget_x[m[K’ was not declared in this scope; did you mean ‘[01m[Ktarget_x_[m[K’?
   19 |         double angle=std::atan2(target_y-current_y,[01;31m[Ktarget_x[m[K-current_x)-pose->theta;
      |                                                    [01;31m[K^~~~~~~~[m[K
      |                                                    [32m[Ktarget_x_[m[K
[01m[K/home/yjfy/桌面/workspace/demo_cpp_topic/src/turtle_control.cpp:32:9:[m[K [01;31m[Kerror: [m[K‘[01m[Kvelocity_publisher[m[K’ was not declared in this scope
   32 |         [01;31m[Kvelocity_publisher[m[K->publish(message);
      |         [01;31m[K^~~~~~~~~~~~~~~~~~[m[K
gmake[2]: *** [CMakeFiles/turtle_control.dir/build.make:76：CMakeFiles/turtle_control.dir/src/turtle_control.cpp.o] 错误 1
gmake[1]: *** [CMakeFiles/Makefile2:165：CMakeFiles/turtle_control.dir/all] 错误 2
gmake: *** [Makefile:146：all] 错误 2
