[35m[1mConsolidate compiler generated dependencies of target turtle_circle[0m
[ 50%] [32mBuilding CXX object CMakeFiles/turtle_circle.dir/src/turtle_circle.cpp.o[0m
[01m[K/home/yjfy/桌面/workspace/demo_cpp_topic/src/turtle_circle.cpp:13:71:[m[K [01;35m[Kwarning: [m[Kcharacter constant too long for its type
   13 |         publisher = this->create_publisher<geometry_msgs::msg::Twist>([01;35m[K'turtle1/cmd_vel'[m[K,10);
      |                                                                       [01;35m[K^~~~~~~~~~~~~~~~~[m[K
[01m[K/home/yjfy/桌面/workspace/demo_cpp_topic/src/turtle_circle.cpp:8:24:[m[K [01;31m[Kerror: [m[K‘[01m[KsharedPtr[m[K’ in ‘[01m[Kclass rclcpp::TimerBase[m[K’ does not name a type
    8 |     rclcpp::TimerBase::[01;31m[KsharedPtr[m[K timer_;
      |                        [01;31m[K^~~~~~~~~[m[K
[01m[K/home/yjfy/桌面/workspace/demo_cpp_topic/src/turtle_circle.cpp:24:2:[m[K [01;31m[Kerror: [m[Kexpected ‘[01m[K;[m[K’ after class definition
   24 | }
      |  [01;31m[K^[m[K
      |  [32m[K;[m[K
[01m[K/home/yjfy/桌面/workspace/demo_cpp_topic/src/turtle_circle.cpp:[m[K In constructor ‘[01m[KTurtleCircle::TurtleCircle(const string&)[m[K’:
[01m[K/home/yjfy/桌面/workspace/demo_cpp_topic/src/turtle_circle.cpp:13:70:[m[K [01;31m[Kerror: [m[Kno matching function for call to ‘[01m[KTurtleCircle::create_publisher<geometry_msgs::msg::Twist>(int, int)[m[K’
   13 |         publisher = [01;31m[Kthis->create_publisher<geometry_msgs::msg::Twist>('turtle1/cmd_vel',10)[m[K;
      |                     [01;31m[K~~~~~~~~~~~~~~~~~~~~~~~~~~~~~~~~~~~~~~~~~~~~~~~~~^~~~~~~~~~~~~~~~~~~~~~[m[K
In file included from [01m[K/opt/ros/humble/include/rclcpp/rclcpp/executors/single_threaded_executor.hpp:28[m[K,
                 from [01m[K/opt/ros/humble/include/rclcpp/rclcpp/executors.hpp:22[m[K,
                 from [01m[K/opt/ros/humble/include/rclcpp/rclcpp/rclcpp.hpp:155[m[K,
                 from [01m[K/home/yjfy/桌面/workspace/demo_cpp_topic/src/turtle_circle.cpp:1[m[K:
[01m[K/opt/ros/humble/include/rclcpp/rclcpp/node.hpp:195:3:[m[K [01;36m[Knote: [m[Kcandidate: ‘[01m[Ktemplate<class MessageT, class AllocatorT, class PublisherT> std::shared_ptr<PublisherT> rclcpp::Node::create_publisher(const string&, const rclcpp::QoS&, const rclcpp::PublisherOptionsWithAllocator<AllocatorT>&)[m[K’
  195 |   [01;36m[Kcreate_publisher[m[K(
      |   [01;36m[K^~~~~~~~~~~~~~~~[m[K
[01m[K/opt/ros/humble/include/rclcpp/rclcpp/node.hpp:195:3:[m[K [01;36m[Knote: [m[K  template argument deduction/substitution failed:
[01m[K/home/yjfy/桌面/workspace/demo_cpp_topic/src/turtle_circle.cpp:13:71:[m[K [01;36m[Knote: [m[K  cannot convert ‘[01m[K1601594732[m[K’ (type ‘[01m[Kint[m[K’) to type ‘[01m[Kconst string&[m[K’ {aka ‘[01m[Kconst std::__cxx11::basic_string<char>&[m[K’}
   13 |         publisher = this->create_publisher<geometry_msgs::msg::Twist>([01;36m[K'turtle1/cmd_vel'[m[K,10);
      |                                                                       [01;36m[K^~~~~~~~~~~~~~~~~[m[K
[01m[K/home/yjfy/桌面/workspace/demo_cpp_topic/src/turtle_circle.cpp:14:9:[m[K [01;31m[Kerror: [m[K‘[01m[Ktimer_[m[K’ was not declared in this scope; did you mean ‘[01m[Ktimer_t[m[K’?
   14 |         [01;31m[Ktimer_[m[K=this->create_wall_timer(1000ms,std::bind(&TurtleCircle::timer_callback,this));
      |         [01;31m[K^~~~~~[m[K
      |         [32m[Ktimer_t[m[K
gmake[2]: *** [CMakeFiles/turtle_circle.dir/build.make:76：CMakeFiles/turtle_circle.dir/src/turtle_circle.cpp.o] 错误 1
gmake[1]: *** [CMakeFiles/Makefile2:137：CMakeFiles/turtle_circle.dir/all] 错误 2
gmake: *** [Makefile:146：all] 错误 2
