[0.006s] Invoking command in '/home/yjfy/桌面/workspace/demo_cpp_topic/build/demo_cpp_topic': CMAKE_PREFIX_PATH=/opt/ros/humble /usr/bin/cmake --build /home/yjfy/桌面/workspace/demo_cpp_topic/build/demo_cpp_topic -- -j24 -l24
[0.045s] [35m[1mConsolidate compiler generated dependencies of target turtle_circle[0m
[0.072s] [ 50%] [32mBuilding CXX object CMakeFiles/turtle_circle.dir/src/turtle_circle.cpp.o[0m
[2.206s] [100%] [32m[1mLinking CXX executable turtle_circle[0m
[2.333s] [100%] Built target turtle_circle
[2.340s] Invoked command in '/home/yjfy/桌面/workspace/demo_cpp_topic/build/demo_cpp_topic' returned '0': CMAKE_PREFIX_PATH=/opt/ros/humble /usr/bin/cmake --build /home/yjfy/桌面/workspace/demo_cpp_topic/build/demo_cpp_topic -- -j24 -l24
[2.345s] Invoking command in '/home/yjfy/桌面/workspace/demo_cpp_topic/build/demo_cpp_topic': CMAKE_PREFIX_PATH=/opt/ros/humble /usr/bin/cmake --install /home/yjfy/桌面/workspace/demo_cpp_topic/build/demo_cpp_topic
[2.349s] -- Install configuration: ""
[2.349s] -- Installing: /home/yjfy/桌面/workspace/demo_cpp_topic/install/demo_cpp_topic/lib/demo_cpp_topic/turtle_circle
[2.349s] -- Set runtime path of "/home/yjfy/桌面/workspace/demo_cpp_topic/install/demo_cpp_topic/lib/demo_cpp_topic/turtle_circle" to ""
[2.349s] -- Installing: /home/yjfy/桌面/workspace/demo_cpp_topic/install/demo_cpp_topic/share/ament_index/resource_index/package_run_dependencies/demo_cpp_topic
[2.349s] -- Installing: /home/yjfy/桌面/workspace/demo_cpp_topic/install/demo_cpp_topic/share/ament_index/resource_index/parent_prefix_path/demo_cpp_topic
[2.350s] -- Installing: /home/yjfy/桌面/workspace/demo_cpp_topic/install/demo_cpp_topic/share/demo_cpp_topic/environment/ament_prefix_path.sh
[2.350s] -- Installing: /home/yjfy/桌面/workspace/demo_cpp_topic/install/demo_cpp_topic/share/demo_cpp_topic/environment/ament_prefix_path.dsv
[2.350s] -- Installing: /home/yjfy/桌面/workspace/demo_cpp_topic/install/demo_cpp_topic/share/demo_cpp_topic/environment/path.sh
[2.350s] -- Installing: /home/yjfy/桌面/workspace/demo_cpp_topic/install/demo_cpp_topic/share/demo_cpp_topic/environment/path.dsv
[2.350s] -- Installing: /home/yjfy/桌面/workspace/demo_cpp_topic/install/demo_cpp_topic/share/demo_cpp_topic/local_setup.bash
[2.350s] -- Installing: /home/yjfy/桌面/workspace/demo_cpp_topic/install/demo_cpp_topic/share/demo_cpp_topic/local_setup.sh
[2.350s] -- Installing: /home/yjfy/桌面/workspace/demo_cpp_topic/install/demo_cpp_topic/share/demo_cpp_topic/local_setup.zsh
[2.350s] -- Installing: /home/yjfy/桌面/workspace/demo_cpp_topic/install/demo_cpp_topic/share/demo_cpp_topic/local_setup.dsv
[2.350s] -- Installing: /home/yjfy/桌面/workspace/demo_cpp_topic/install/demo_cpp_topic/share/demo_cpp_topic/package.dsv
[2.350s] -- Installing: /home/yjfy/桌面/workspace/demo_cpp_topic/install/demo_cpp_topic/share/ament_index/resource_index/packages/demo_cpp_topic
[2.350s] -- Installing: /home/yjfy/桌面/workspace/demo_cpp_topic/install/demo_cpp_topic/share/demo_cpp_topic/cmake/demo_cpp_topicConfig.cmake
[2.350s] -- Installing: /home/yjfy/桌面/workspace/demo_cpp_topic/install/demo_cpp_topic/share/demo_cpp_topic/cmake/demo_cpp_topicConfig-version.cmake
[2.350s] -- Installing: /home/yjfy/桌面/workspace/demo_cpp_topic/install/demo_cpp_topic/share/demo_cpp_topic/package.xml
[2.351s] Invoked command in '/home/yjfy/桌面/workspace/demo_cpp_topic/build/demo_cpp_topic' returned '0': CMAKE_PREFIX_PATH=/opt/ros/humble /usr/bin/cmake --install /home/yjfy/桌面/workspace/demo_cpp_topic/build/demo_cpp_topic
