[0.055s] DEBUG:colcon:Command line arguments: ['/usr/bin/colcon', 'build']
[0.055s] DEBUG:colcon:Parsed command line arguments: Namespace(log_base=None, log_level=None, verb_name='build', build_base='build', install_base='install', merge_install=False, symlink_install=False, test_result_base=None, continue_on_error=False, executor='parallel', parallel_workers=24, event_handlers=None, ignore_user_meta=False, metas=['./colcon.meta'], base_paths=['.'], packages_ignore=None, packages_ignore_regex=None, paths=None, packages_up_to=None, packages_up_to_regex=None, packages_above=None, packages_above_and_dependencies=None, packages_above_depth=None, packages_select_by_dep=None, packages_skip_by_dep=None, packages_skip_up_to=None, packages_select_build_failed=False, packages_skip_build_finished=False, packages_select_test_failures=False, packages_skip_test_passed=False, packages_select=None, packages_skip=None, packages_select_regex=None, packages_skip_regex=None, packages_start=None, packages_end=None, allow_overriding=[], cmake_args=None, cmake_target=None, cmake_target_skip_unavailable=False, cmake_clean_cache=False, cmake_clean_first=False, cmake_force_configure=False, ament_cmake_args=None, catkin_cmake_args=None, catkin_skip_building_tests=False, verb_parser=<colcon_defaults.argument_parser.defaults.DefaultArgumentsDecorator object at 0x7b2584d3cd30>, verb_extension=<colcon_core.verb.build.BuildVerb object at 0x7b2584d3c730>, main=<bound method BuildVerb.main of <colcon_core.verb.build.BuildVerb object at 0x7b2584d3c730>>)
[0.146s] Level 1:colcon.colcon_core.package_discovery:discover_packages(colcon_meta) check parameters
[0.146s] Level 1:colcon.colcon_core.package_discovery:discover_packages(recursive) check parameters
[0.146s] Level 1:colcon.colcon_core.package_discovery:discover_packages(ignore) check parameters
[0.146s] Level 1:colcon.colcon_core.package_discovery:discover_packages(path) check parameters
[0.146s] Level 1:colcon.colcon_core.package_discovery:discover_packages(colcon_meta) discover
[0.146s] Level 1:colcon.colcon_core.package_discovery:discover_packages(recursive) discover
[0.146s] INFO:colcon.colcon_core.package_discovery:Crawling recursively for packages in '/home/yjfy/chapt4_ws'
[0.146s] Level 1:colcon.colcon_core.package_identification:_identify(.) by extensions ['ignore', 'ignore_ament_install']
[0.146s] Level 1:colcon.colcon_core.package_identification:_identify(.) by extension 'ignore'
[0.146s] Level 1:colcon.colcon_core.package_identification:_identify(.) by extension 'ignore_ament_install'
[0.146s] Level 1:colcon.colcon_core.package_identification:_identify(.) by extensions ['colcon_pkg']
[0.146s] Level 1:colcon.colcon_core.package_identification:_identify(.) by extension 'colcon_pkg'
[0.146s] Level 1:colcon.colcon_core.package_identification:_identify(.) by extensions ['colcon_meta']
[0.146s] Level 1:colcon.colcon_core.package_identification:_identify(.) by extension 'colcon_meta'
[0.146s] Level 1:colcon.colcon_core.package_identification:_identify(.) by extensions ['ros']
[0.146s] Level 1:colcon.colcon_core.package_identification:_identify(.) by extension 'ros'
[0.153s] Level 1:colcon.colcon_core.package_identification:_identify(.) by extensions ['cmake', 'python']
[0.153s] Level 1:colcon.colcon_core.package_identification:_identify(.) by extension 'cmake'
[0.153s] Level 1:colcon.colcon_core.package_identification:_identify(.) by extension 'python'
[0.153s] Level 1:colcon.colcon_core.package_identification:_identify(.) by extensions ['python_setup_py']
[0.153s] Level 1:colcon.colcon_core.package_identification:_identify(.) by extension 'python_setup_py'
[0.153s] Level 1:colcon.colcon_core.package_identification:_identify(build) by extensions ['ignore', 'ignore_ament_install']
[0.153s] Level 1:colcon.colcon_core.package_identification:_identify(build) by extension 'ignore'
[0.153s] Level 1:colcon.colcon_core.package_identification:_identify(build) ignored
[0.153s] Level 1:colcon.colcon_core.package_identification:_identify(install) by extensions ['ignore', 'ignore_ament_install']
[0.153s] Level 1:colcon.colcon_core.package_identification:_identify(install) by extension 'ignore'
[0.153s] Level 1:colcon.colcon_core.package_identification:_identify(install) ignored
[0.153s] Level 1:colcon.colcon_core.package_identification:_identify(log) by extensions ['ignore', 'ignore_ament_install']
[0.153s] Level 1:colcon.colcon_core.package_identification:_identify(log) by extension 'ignore'
[0.153s] Level 1:colcon.colcon_core.package_identification:_identify(log) ignored
[0.153s] Level 1:colcon.colcon_core.package_identification:_identify(src) by extensions ['ignore', 'ignore_ament_install']
[0.154s] Level 1:colcon.colcon_core.package_identification:_identify(src) by extension 'ignore'
[0.154s] Level 1:colcon.colcon_core.package_identification:_identify(src) by extension 'ignore_ament_install'
[0.154s] Level 1:colcon.colcon_core.package_identification:_identify(src) by extensions ['colcon_pkg']
[0.154s] Level 1:colcon.colcon_core.package_identification:_identify(src) by extension 'colcon_pkg'
[0.154s] Level 1:colcon.colcon_core.package_identification:_identify(src) by extensions ['colcon_meta']
[0.154s] Level 1:colcon.colcon_core.package_identification:_identify(src) by extension 'colcon_meta'
[0.154s] Level 1:colcon.colcon_core.package_identification:_identify(src) by extensions ['ros']
[0.154s] Level 1:colcon.colcon_core.package_identification:_identify(src) by extension 'ros'
[0.154s] Level 1:colcon.colcon_core.package_identification:_identify(src) by extensions ['cmake', 'python']
[0.154s] Level 1:colcon.colcon_core.package_identification:_identify(src) by extension 'cmake'
[0.154s] Level 1:colcon.colcon_core.package_identification:_identify(src) by extension 'python'
[0.154s] Level 1:colcon.colcon_core.package_identification:_identify(src) by extensions ['python_setup_py']
[0.154s] Level 1:colcon.colcon_core.package_identification:_identify(src) by extension 'python_setup_py'
[0.154s] Level 1:colcon.colcon_core.package_identification:_identify(src/chapt4_interfaces) by extensions ['ignore', 'ignore_ament_install']
[0.154s] Level 1:colcon.colcon_core.package_identification:_identify(src/chapt4_interfaces) by extension 'ignore'
[0.154s] Level 1:colcon.colcon_core.package_identification:_identify(src/chapt4_interfaces) by extension 'ignore_ament_install'
[0.154s] Level 1:colcon.colcon_core.package_identification:_identify(src/chapt4_interfaces) by extensions ['colcon_pkg']
[0.154s] Level 1:colcon.colcon_core.package_identification:_identify(src/chapt4_interfaces) by extension 'colcon_pkg'
[0.154s] Level 1:colcon.colcon_core.package_identification:_identify(src/chapt4_interfaces) by extensions ['colcon_meta']
[0.154s] Level 1:colcon.colcon_core.package_identification:_identify(src/chapt4_interfaces) by extension 'colcon_meta'
[0.154s] Level 1:colcon.colcon_core.package_identification:_identify(src/chapt4_interfaces) by extensions ['ros']
[0.154s] Level 1:colcon.colcon_core.package_identification:_identify(src/chapt4_interfaces) by extension 'ros'
[0.155s] DEBUG:colcon.colcon_core.package_identification:Package 'src/chapt4_interfaces' with type 'ros.ament_cmake' and name 'chapt4_interfaces'
[0.155s] Level 1:colcon.colcon_core.package_identification:_identify(src/demo_cpp_service) by extensions ['ignore', 'ignore_ament_install']
[0.156s] Level 1:colcon.colcon_core.package_identification:_identify(src/demo_cpp_service) by extension 'ignore'
[0.156s] Level 1:colcon.colcon_core.package_identification:_identify(src/demo_cpp_service) by extension 'ignore_ament_install'
[0.156s] Level 1:colcon.colcon_core.package_identification:_identify(src/demo_cpp_service) by extensions ['colcon_pkg']
[0.156s] Level 1:colcon.colcon_core.package_identification:_identify(src/demo_cpp_service) by extension 'colcon_pkg'
[0.156s] Level 1:colcon.colcon_core.package_identification:_identify(src/demo_cpp_service) by extensions ['colcon_meta']
[0.156s] Level 1:colcon.colcon_core.package_identification:_identify(src/demo_cpp_service) by extension 'colcon_meta'
[0.156s] Level 1:colcon.colcon_core.package_identification:_identify(src/demo_cpp_service) by extensions ['ros']
[0.156s] Level 1:colcon.colcon_core.package_identification:_identify(src/demo_cpp_service) by extension 'ros'
[0.156s] DEBUG:colcon.colcon_core.package_identification:Package 'src/demo_cpp_service' with type 'ros.ament_cmake' and name 'demo_cpp_service'
[0.156s] Level 1:colcon.colcon_core.package_discovery:discover_packages(recursive) using defaults
[0.156s] Level 1:colcon.colcon_core.package_discovery:discover_packages(ignore) discover
[0.156s] Level 1:colcon.colcon_core.package_discovery:discover_packages(ignore) using defaults
[0.156s] Level 1:colcon.colcon_core.package_discovery:discover_packages(path) discover
[0.156s] Level 1:colcon.colcon_core.package_discovery:discover_packages(path) using defaults
[0.173s] Level 1:colcon.colcon_core.package_discovery:discover_packages(prefix_path) check parameters
[0.173s] Level 1:colcon.colcon_core.package_discovery:discover_packages(prefix_path) discover
[0.173s] DEBUG:colcon.colcon_installed_package_information.package_discovery:Found 2 installed packages in /home/yjfy/chapt4_ws/install
[0.174s] DEBUG:colcon.colcon_installed_package_information.package_discovery:Found 444 installed packages in /opt/ros/humble
[0.176s] Level 1:colcon.colcon_core.package_discovery:discover_packages(prefix_path) using defaults
[0.205s] Level 5:colcon.colcon_core.verb:set package 'chapt4_interfaces' build argument 'cmake_args' from command line to 'None'
[0.205s] Level 5:colcon.colcon_core.verb:set package 'chapt4_interfaces' build argument 'cmake_target' from command line to 'None'
[0.205s] Level 5:colcon.colcon_core.verb:set package 'chapt4_interfaces' build argument 'cmake_target_skip_unavailable' from command line to 'False'
[0.205s] Level 5:colcon.colcon_core.verb:set package 'chapt4_interfaces' build argument 'cmake_clean_cache' from command line to 'False'
[0.205s] Level 5:colcon.colcon_core.verb:set package 'chapt4_interfaces' build argument 'cmake_clean_first' from command line to 'False'
[0.205s] Level 5:colcon.colcon_core.verb:set package 'chapt4_interfaces' build argument 'cmake_force_configure' from command line to 'False'
[0.205s] Level 5:colcon.colcon_core.verb:set package 'chapt4_interfaces' build argument 'ament_cmake_args' from command line to 'None'
[0.205s] Level 5:colcon.colcon_core.verb:set package 'chapt4_interfaces' build argument 'catkin_cmake_args' from command line to 'None'
[0.205s] Level 5:colcon.colcon_core.verb:set package 'chapt4_interfaces' build argument 'catkin_skip_building_tests' from command line to 'False'
[0.205s] DEBUG:colcon.colcon_core.verb:Building package 'chapt4_interfaces' with the following arguments: {'ament_cmake_args': None, 'build_base': '/home/yjfy/chapt4_ws/build/chapt4_interfaces', 'catkin_cmake_args': None, 'catkin_skip_building_tests': False, 'cmake_args': None, 'cmake_clean_cache': False, 'cmake_clean_first': False, 'cmake_force_configure': False, 'cmake_target': None, 'cmake_target_skip_unavailable': False, 'install_base': '/home/yjfy/chapt4_ws/install/chapt4_interfaces', 'merge_install': False, 'path': '/home/yjfy/chapt4_ws/src/chapt4_interfaces', 'symlink_install': False, 'test_result_base': None}
[0.205s] Level 5:colcon.colcon_core.verb:set package 'demo_cpp_service' build argument 'cmake_args' from command line to 'None'
[0.205s] Level 5:colcon.colcon_core.verb:set package 'demo_cpp_service' build argument 'cmake_target' from command line to 'None'
[0.205s] Level 5:colcon.colcon_core.verb:set package 'demo_cpp_service' build argument 'cmake_target_skip_unavailable' from command line to 'False'
[0.205s] Level 5:colcon.colcon_core.verb:set package 'demo_cpp_service' build argument 'cmake_clean_cache' from command line to 'False'
[0.205s] Level 5:colcon.colcon_core.verb:set package 'demo_cpp_service' build argument 'cmake_clean_first' from command line to 'False'
[0.205s] Level 5:colcon.colcon_core.verb:set package 'demo_cpp_service' build argument 'cmake_force_configure' from command line to 'False'
[0.205s] Level 5:colcon.colcon_core.verb:set package 'demo_cpp_service' build argument 'ament_cmake_args' from command line to 'None'
[0.205s] Level 5:colcon.colcon_core.verb:set package 'demo_cpp_service' build argument 'catkin_cmake_args' from command line to 'None'
[0.205s] Level 5:colcon.colcon_core.verb:set package 'demo_cpp_service' build argument 'catkin_skip_building_tests' from command line to 'False'
[0.205s] DEBUG:colcon.colcon_core.verb:Building package 'demo_cpp_service' with the following arguments: {'ament_cmake_args': None, 'build_base': '/home/yjfy/chapt4_ws/build/demo_cpp_service', 'catkin_cmake_args': None, 'catkin_skip_building_tests': False, 'cmake_args': None, 'cmake_clean_cache': False, 'cmake_clean_first': False, 'cmake_force_configure': False, 'cmake_target': None, 'cmake_target_skip_unavailable': False, 'install_base': '/home/yjfy/chapt4_ws/install/demo_cpp_service', 'merge_install': False, 'path': '/home/yjfy/chapt4_ws/src/demo_cpp_service', 'symlink_install': False, 'test_result_base': None}
[0.205s] INFO:colcon.colcon_core.executor:Executing jobs using 'parallel' executor
[0.206s] DEBUG:colcon.colcon_parallel_executor.executor.parallel:run_until_complete
[0.206s] INFO:colcon.colcon_ros.task.ament_cmake.build:Building ROS package in '/home/yjfy/chapt4_ws/src/chapt4_interfaces' with build type 'ament_cmake'
[0.206s] INFO:colcon.colcon_cmake.task.cmake.build:Building CMake package in '/home/yjfy/chapt4_ws/src/chapt4_interfaces'
[0.207s] INFO:colcon.colcon_core.plugin_system:Skipping extension 'colcon_core.shell.bat': Not used on non-Windows systems
[0.208s] INFO:colcon.colcon_core.shell:Skip shell extension 'powershell' for command environment: Not usable outside of PowerShell
[0.208s] DEBUG:colcon.colcon_core.shell:Skip shell extension 'dsv' for command environment
[0.214s] DEBUG:colcon.colcon_core.event_handler.log_command:Invoking command in '/home/yjfy/chapt4_ws/build/chapt4_interfaces': CMAKE_PREFIX_PATH=${CMAKE_PREFIX_PATH}:/opt/ros/humble /usr/bin/cmake --build /home/yjfy/chapt4_ws/build/chapt4_interfaces -- -j24 -l24
[0.452s] DEBUG:colcon.colcon_core.event_handler.log_command:Invoked command in '/home/yjfy/chapt4_ws/build/chapt4_interfaces' returned '0': CMAKE_PREFIX_PATH=${CMAKE_PREFIX_PATH}:/opt/ros/humble /usr/bin/cmake --build /home/yjfy/chapt4_ws/build/chapt4_interfaces -- -j24 -l24
[0.460s] DEBUG:colcon.colcon_core.event_handler.log_command:Invoking command in '/home/yjfy/chapt4_ws/build/chapt4_interfaces': CMAKE_PREFIX_PATH=${CMAKE_PREFIX_PATH}:/opt/ros/humble /usr/bin/cmake --install /home/yjfy/chapt4_ws/build/chapt4_interfaces
[0.498s] Level 1:colcon.colcon_core.environment:create_environment_scripts_only(chapt4_interfaces)
[0.498s] DEBUG:colcon.colcon_core.event_handler.log_command:Invoked command in '/home/yjfy/chapt4_ws/build/chapt4_interfaces' returned '0': CMAKE_PREFIX_PATH=${CMAKE_PREFIX_PATH}:/opt/ros/humble /usr/bin/cmake --install /home/yjfy/chapt4_ws/build/chapt4_interfaces
[0.500s] Level 1:colcon.colcon_core.environment:checking '/home/yjfy/chapt4_ws/install/chapt4_interfaces' for CMake module files
[0.500s] Level 1:colcon.colcon_core.environment:checking '/home/yjfy/chapt4_ws/install/chapt4_interfaces' for CMake config files
[0.501s] Level 1:colcon.colcon_core.shell:create_environment_hook('chapt4_interfaces', 'cmake_prefix_path')
[0.501s] INFO:colcon.colcon_core.shell:Creating environment hook '/home/yjfy/chapt4_ws/install/chapt4_interfaces/share/chapt4_interfaces/hook/cmake_prefix_path.ps1'
[0.501s] INFO:colcon.colcon_core.shell:Creating environment descriptor '/home/yjfy/chapt4_ws/install/chapt4_interfaces/share/chapt4_interfaces/hook/cmake_prefix_path.dsv'
[0.502s] INFO:colcon.colcon_core.shell:Creating environment hook '/home/yjfy/chapt4_ws/install/chapt4_interfaces/share/chapt4_interfaces/hook/cmake_prefix_path.sh'
[0.502s] Level 1:colcon.colcon_core.environment:checking '/home/yjfy/chapt4_ws/install/chapt4_interfaces/lib'
[0.503s] Level 1:colcon.colcon_core.shell:create_environment_hook('chapt4_interfaces', 'ld_library_path_lib')
[0.503s] INFO:colcon.colcon_core.shell:Creating environment hook '/home/yjfy/chapt4_ws/install/chapt4_interfaces/share/chapt4_interfaces/hook/ld_library_path_lib.ps1'
[0.503s] INFO:colcon.colcon_core.shell:Creating environment descriptor '/home/yjfy/chapt4_ws/install/chapt4_interfaces/share/chapt4_interfaces/hook/ld_library_path_lib.dsv'
[0.503s] INFO:colcon.colcon_core.shell:Creating environment hook '/home/yjfy/chapt4_ws/install/chapt4_interfaces/share/chapt4_interfaces/hook/ld_library_path_lib.sh'
[0.503s] Level 1:colcon.colcon_core.environment:checking '/home/yjfy/chapt4_ws/install/chapt4_interfaces/bin'
[0.503s] Level 1:colcon.colcon_core.environment:checking '/home/yjfy/chapt4_ws/install/chapt4_interfaces/lib/pkgconfig/chapt4_interfaces.pc'
[0.503s] Level 1:colcon.colcon_core.environment:checking '/home/yjfy/chapt4_ws/install/chapt4_interfaces/lib/python3.10/site-packages'
[0.504s] Level 1:colcon.colcon_core.environment:checking '/home/yjfy/chapt4_ws/install/chapt4_interfaces/bin'
[0.504s] INFO:colcon.colcon_core.shell:Creating package script '/home/yjfy/chapt4_ws/install/chapt4_interfaces/share/chapt4_interfaces/package.ps1'
[0.504s] INFO:colcon.colcon_core.shell:Creating package descriptor '/home/yjfy/chapt4_ws/install/chapt4_interfaces/share/chapt4_interfaces/package.dsv'
[0.504s] INFO:colcon.colcon_core.shell:Creating package script '/home/yjfy/chapt4_ws/install/chapt4_interfaces/share/chapt4_interfaces/package.sh'
[0.505s] INFO:colcon.colcon_core.shell:Creating package script '/home/yjfy/chapt4_ws/install/chapt4_interfaces/share/chapt4_interfaces/package.bash'
[0.505s] INFO:colcon.colcon_core.shell:Creating package script '/home/yjfy/chapt4_ws/install/chapt4_interfaces/share/chapt4_interfaces/package.zsh'
[0.505s] Level 1:colcon.colcon_core.environment:create_file_with_runtime_dependencies(/home/yjfy/chapt4_ws/install/chapt4_interfaces/share/colcon-core/packages/chapt4_interfaces)
[0.506s] Level 1:colcon.colcon_core.environment:create_environment_scripts_only(chapt4_interfaces)
[0.506s] Level 1:colcon.colcon_core.environment:checking '/home/yjfy/chapt4_ws/install/chapt4_interfaces' for CMake module files
[0.506s] Level 1:colcon.colcon_core.environment:checking '/home/yjfy/chapt4_ws/install/chapt4_interfaces' for CMake config files
[0.506s] Level 1:colcon.colcon_core.shell:create_environment_hook('chapt4_interfaces', 'cmake_prefix_path')
[0.507s] INFO:colcon.colcon_core.shell:Creating environment hook '/home/yjfy/chapt4_ws/install/chapt4_interfaces/share/chapt4_interfaces/hook/cmake_prefix_path.ps1'
[0.507s] INFO:colcon.colcon_core.shell:Creating environment descriptor '/home/yjfy/chapt4_ws/install/chapt4_interfaces/share/chapt4_interfaces/hook/cmake_prefix_path.dsv'
[0.507s] INFO:colcon.colcon_core.shell:Creating environment hook '/home/yjfy/chapt4_ws/install/chapt4_interfaces/share/chapt4_interfaces/hook/cmake_prefix_path.sh'
[0.507s] Level 1:colcon.colcon_core.environment:checking '/home/yjfy/chapt4_ws/install/chapt4_interfaces/lib'
[0.507s] Level 1:colcon.colcon_core.shell:create_environment_hook('chapt4_interfaces', 'ld_library_path_lib')
[0.507s] INFO:colcon.colcon_core.shell:Creating environment hook '/home/yjfy/chapt4_ws/install/chapt4_interfaces/share/chapt4_interfaces/hook/ld_library_path_lib.ps1'
[0.508s] INFO:colcon.colcon_core.shell:Creating environment descriptor '/home/yjfy/chapt4_ws/install/chapt4_interfaces/share/chapt4_interfaces/hook/ld_library_path_lib.dsv'
[0.508s] INFO:colcon.colcon_core.shell:Creating environment hook '/home/yjfy/chapt4_ws/install/chapt4_interfaces/share/chapt4_interfaces/hook/ld_library_path_lib.sh'
[0.508s] Level 1:colcon.colcon_core.environment:checking '/home/yjfy/chapt4_ws/install/chapt4_interfaces/bin'
[0.508s] Level 1:colcon.colcon_core.environment:checking '/home/yjfy/chapt4_ws/install/chapt4_interfaces/lib/pkgconfig/chapt4_interfaces.pc'
[0.508s] Level 1:colcon.colcon_core.environment:checking '/home/yjfy/chapt4_ws/install/chapt4_interfaces/lib/python3.10/site-packages'
[0.508s] Level 1:colcon.colcon_core.environment:checking '/home/yjfy/chapt4_ws/install/chapt4_interfaces/bin'
[0.508s] INFO:colcon.colcon_core.shell:Creating package script '/home/yjfy/chapt4_ws/install/chapt4_interfaces/share/chapt4_interfaces/package.ps1'
[0.509s] INFO:colcon.colcon_core.shell:Creating package descriptor '/home/yjfy/chapt4_ws/install/chapt4_interfaces/share/chapt4_interfaces/package.dsv'
[0.509s] INFO:colcon.colcon_core.shell:Creating package script '/home/yjfy/chapt4_ws/install/chapt4_interfaces/share/chapt4_interfaces/package.sh'
[0.509s] INFO:colcon.colcon_core.shell:Creating package script '/home/yjfy/chapt4_ws/install/chapt4_interfaces/share/chapt4_interfaces/package.bash'
[0.509s] INFO:colcon.colcon_core.shell:Creating package script '/home/yjfy/chapt4_ws/install/chapt4_interfaces/share/chapt4_interfaces/package.zsh'
[0.509s] Level 1:colcon.colcon_core.environment:create_file_with_runtime_dependencies(/home/yjfy/chapt4_ws/install/chapt4_interfaces/share/colcon-core/packages/chapt4_interfaces)
[0.510s] INFO:colcon.colcon_ros.task.ament_cmake.build:Building ROS package in '/home/yjfy/chapt4_ws/src/demo_cpp_service' with build type 'ament_cmake'
[0.510s] INFO:colcon.colcon_cmake.task.cmake.build:Building CMake package in '/home/yjfy/chapt4_ws/src/demo_cpp_service'
[0.510s] INFO:colcon.colcon_core.shell:Skip shell extension 'powershell' for command environment: Not usable outside of PowerShell
[0.510s] DEBUG:colcon.colcon_core.shell:Skip shell extension 'dsv' for command environment
[0.517s] DEBUG:colcon.colcon_core.event_handler.log_command:Invoking command in '/home/yjfy/chapt4_ws/build/demo_cpp_service': CMAKE_PREFIX_PATH=/home/yjfy/chapt4_ws/install/chapt4_interfaces:/home/yjfy/chapt4_ws/install/demo_cpp_service:/opt/ros/humble /usr/bin/cmake --build /home/yjfy/chapt4_ws/build/demo_cpp_service -- -j24 -l24
[2.480s] DEBUG:colcon.colcon_core.event_handler.log_command:Invoked command in '/home/yjfy/chapt4_ws/build/demo_cpp_service' returned '0': CMAKE_PREFIX_PATH=/home/yjfy/chapt4_ws/install/chapt4_interfaces:/home/yjfy/chapt4_ws/install/demo_cpp_service:/opt/ros/humble /usr/bin/cmake --build /home/yjfy/chapt4_ws/build/demo_cpp_service -- -j24 -l24
[2.481s] DEBUG:colcon.colcon_core.event_handler.log_command:Invoking command in '/home/yjfy/chapt4_ws/build/demo_cpp_service': CMAKE_PREFIX_PATH=/home/yjfy/chapt4_ws/install/chapt4_interfaces:/home/yjfy/chapt4_ws/install/demo_cpp_service:/opt/ros/humble /usr/bin/cmake --install /home/yjfy/chapt4_ws/build/demo_cpp_service
[2.488s] Level 1:colcon.colcon_core.environment:create_environment_scripts_only(demo_cpp_service)
[2.488s] Level 1:colcon.colcon_core.environment:checking '/home/yjfy/chapt4_ws/install/demo_cpp_service' for CMake module files
[2.488s] DEBUG:colcon.colcon_core.event_handler.log_command:Invoked command in '/home/yjfy/chapt4_ws/build/demo_cpp_service' returned '0': CMAKE_PREFIX_PATH=/home/yjfy/chapt4_ws/install/chapt4_interfaces:/home/yjfy/chapt4_ws/install/demo_cpp_service:/opt/ros/humble /usr/bin/cmake --install /home/yjfy/chapt4_ws/build/demo_cpp_service
[2.488s] Level 1:colcon.colcon_core.environment:checking '/home/yjfy/chapt4_ws/install/demo_cpp_service' for CMake config files
[2.488s] Level 1:colcon.colcon_core.shell:create_environment_hook('demo_cpp_service', 'cmake_prefix_path')
[2.489s] INFO:colcon.colcon_core.shell:Creating environment hook '/home/yjfy/chapt4_ws/install/demo_cpp_service/share/demo_cpp_service/hook/cmake_prefix_path.ps1'
[2.489s] INFO:colcon.colcon_core.shell:Creating environment descriptor '/home/yjfy/chapt4_ws/install/demo_cpp_service/share/demo_cpp_service/hook/cmake_prefix_path.dsv'
[2.489s] INFO:colcon.colcon_core.shell:Creating environment hook '/home/yjfy/chapt4_ws/install/demo_cpp_service/share/demo_cpp_service/hook/cmake_prefix_path.sh'
[2.490s] Level 1:colcon.colcon_core.environment:checking '/home/yjfy/chapt4_ws/install/demo_cpp_service/lib'
[2.490s] Level 1:colcon.colcon_core.environment:checking '/home/yjfy/chapt4_ws/install/demo_cpp_service/bin'
[2.490s] Level 1:colcon.colcon_core.environment:checking '/home/yjfy/chapt4_ws/install/demo_cpp_service/lib/pkgconfig/demo_cpp_service.pc'
[2.490s] Level 1:colcon.colcon_core.environment:checking '/home/yjfy/chapt4_ws/install/demo_cpp_service/lib/python3.10/site-packages'
[2.490s] Level 1:colcon.colcon_core.environment:checking '/home/yjfy/chapt4_ws/install/demo_cpp_service/bin'
[2.490s] INFO:colcon.colcon_core.shell:Creating package script '/home/yjfy/chapt4_ws/install/demo_cpp_service/share/demo_cpp_service/package.ps1'
[2.491s] INFO:colcon.colcon_core.shell:Creating package descriptor '/home/yjfy/chapt4_ws/install/demo_cpp_service/share/demo_cpp_service/package.dsv'
[2.491s] INFO:colcon.colcon_core.shell:Creating package script '/home/yjfy/chapt4_ws/install/demo_cpp_service/share/demo_cpp_service/package.sh'
[2.491s] INFO:colcon.colcon_core.shell:Creating package script '/home/yjfy/chapt4_ws/install/demo_cpp_service/share/demo_cpp_service/package.bash'
[2.491s] INFO:colcon.colcon_core.shell:Creating package script '/home/yjfy/chapt4_ws/install/demo_cpp_service/share/demo_cpp_service/package.zsh'
[2.492s] Level 1:colcon.colcon_core.environment:create_file_with_runtime_dependencies(/home/yjfy/chapt4_ws/install/demo_cpp_service/share/colcon-core/packages/demo_cpp_service)
[2.492s] Level 1:colcon.colcon_core.environment:create_environment_scripts_only(demo_cpp_service)
[2.493s] Level 1:colcon.colcon_core.environment:checking '/home/yjfy/chapt4_ws/install/demo_cpp_service' for CMake module files
[2.493s] Level 1:colcon.colcon_core.environment:checking '/home/yjfy/chapt4_ws/install/demo_cpp_service' for CMake config files
[2.493s] Level 1:colcon.colcon_core.shell:create_environment_hook('demo_cpp_service', 'cmake_prefix_path')
[2.493s] INFO:colcon.colcon_core.shell:Creating environment hook '/home/yjfy/chapt4_ws/install/demo_cpp_service/share/demo_cpp_service/hook/cmake_prefix_path.ps1'
[2.494s] INFO:colcon.colcon_core.shell:Creating environment descriptor '/home/yjfy/chapt4_ws/install/demo_cpp_service/share/demo_cpp_service/hook/cmake_prefix_path.dsv'
[2.494s] INFO:colcon.colcon_core.shell:Creating environment hook '/home/yjfy/chapt4_ws/install/demo_cpp_service/share/demo_cpp_service/hook/cmake_prefix_path.sh'
[2.494s] Level 1:colcon.colcon_core.environment:checking '/home/yjfy/chapt4_ws/install/demo_cpp_service/lib'
[2.495s] Level 1:colcon.colcon_core.environment:checking '/home/yjfy/chapt4_ws/install/demo_cpp_service/bin'
[2.495s] Level 1:colcon.colcon_core.environment:checking '/home/yjfy/chapt4_ws/install/demo_cpp_service/lib/pkgconfig/demo_cpp_service.pc'
[2.495s] Level 1:colcon.colcon_core.environment:checking '/home/yjfy/chapt4_ws/install/demo_cpp_service/lib/python3.10/site-packages'
[2.495s] Level 1:colcon.colcon_core.environment:checking '/home/yjfy/chapt4_ws/install/demo_cpp_service/bin'
[2.495s] INFO:colcon.colcon_core.shell:Creating package script '/home/yjfy/chapt4_ws/install/demo_cpp_service/share/demo_cpp_service/package.ps1'
[2.496s] INFO:colcon.colcon_core.shell:Creating package descriptor '/home/yjfy/chapt4_ws/install/demo_cpp_service/share/demo_cpp_service/package.dsv'
[2.496s] INFO:colcon.colcon_core.shell:Creating package script '/home/yjfy/chapt4_ws/install/demo_cpp_service/share/demo_cpp_service/package.sh'
[2.496s] INFO:colcon.colcon_core.shell:Creating package script '/home/yjfy/chapt4_ws/install/demo_cpp_service/share/demo_cpp_service/package.bash'
[2.497s] INFO:colcon.colcon_core.shell:Creating package script '/home/yjfy/chapt4_ws/install/demo_cpp_service/share/demo_cpp_service/package.zsh'
[2.497s] Level 1:colcon.colcon_core.environment:create_file_with_runtime_dependencies(/home/yjfy/chapt4_ws/install/demo_cpp_service/share/colcon-core/packages/demo_cpp_service)
[2.497s] DEBUG:colcon.colcon_parallel_executor.executor.parallel:closing loop
[2.497s] DEBUG:colcon.colcon_parallel_executor.executor.parallel:loop closed
[2.498s] DEBUG:colcon.colcon_parallel_executor.executor.parallel:run_until_complete finished with '0'
[2.498s] DEBUG:colcon.colcon_core.event_reactor:joining thread
[2.501s] INFO:colcon.colcon_core.plugin_system:Skipping extension 'colcon_notification.desktop_notification.terminal_notifier': Not used on non-Darwin systems
[2.501s] INFO:colcon.colcon_core.plugin_system:Skipping extension 'colcon_notification.desktop_notification.win32': Not used on non-Windows systems
[2.501s] INFO:colcon.colcon_notification.desktop_notification:Sending desktop notification using 'notify2'
[2.508s] DEBUG:colcon.colcon_core.event_reactor:joined thread
[2.509s] INFO:colcon.colcon_core.shell:Creating prefix script '/home/yjfy/chapt4_ws/install/local_setup.ps1'
[2.509s] INFO:colcon.colcon_core.shell:Creating prefix util module '/home/yjfy/chapt4_ws/install/_local_setup_util_ps1.py'
[2.510s] INFO:colcon.colcon_core.shell:Creating prefix chain script '/home/yjfy/chapt4_ws/install/setup.ps1'
[2.511s] INFO:colcon.colcon_core.shell:Creating prefix script '/home/yjfy/chapt4_ws/install/local_setup.sh'
[2.511s] INFO:colcon.colcon_core.shell:Creating prefix util module '/home/yjfy/chapt4_ws/install/_local_setup_util_sh.py'
[2.512s] INFO:colcon.colcon_core.shell:Creating prefix chain script '/home/yjfy/chapt4_ws/install/setup.sh'
[2.512s] INFO:colcon.colcon_core.shell:Creating prefix script '/home/yjfy/chapt4_ws/install/local_setup.bash'
[2.513s] INFO:colcon.colcon_core.shell:Creating prefix chain script '/home/yjfy/chapt4_ws/install/setup.bash'
[2.513s] INFO:colcon.colcon_core.shell:Creating prefix script '/home/yjfy/chapt4_ws/install/local_setup.zsh'
[2.514s] INFO:colcon.colcon_core.shell:Creating prefix chain script '/home/yjfy/chapt4_ws/install/setup.zsh'
