[0.004s] Invoking command in '/home/yjfy/topic_parctice_ws/build/status_display': AMENT_PREFIX_PATH=/home/yjfy/topic_parctice_ws/install/status_interfaces:${AMENT_PREFIX_PATH} CMAKE_PREFIX_PATH=/home/yjfy/topic_parctice_ws/install/status_interfaces:/opt/ros/humble LD_LIBRARY_PATH=/home/yjfy/topic_parctice_ws/install/status_interfaces/lib:${LD_LIBRARY_PATH} PYTHONPATH=/home/yjfy/topic_parctice_ws/install/status_interfaces/local/lib/python3.10/dist-packages:${PYTHONPATH} /usr/bin/cmake /home/yjfy/topic_parctice_ws/src/status_display -DCMAKE_INSTALL_PREFIX=/home/yjfy/topic_parctice_ws/install/status_display
[0.039s] -- The C compiler identification is GNU 11.4.0
[0.071s] -- The CXX compiler identification is GNU 11.4.0
[0.076s] -- Detecting C compiler ABI info
[0.121s] -- Detecting C compiler ABI info - done
[0.124s] -- Check for working C compiler: /usr/bin/cc - skipped
[0.125s] -- Detecting C compile features
[0.125s] -- Detecting C compile features - done
[0.126s] -- Detecting CXX compiler ABI info
[0.174s] -- Detecting CXX compiler ABI info - done
[0.178s] -- Check for working CXX compiler: /usr/bin/c++ - skipped
[0.178s] -- Detecting CXX compile features
[0.178s] -- Detecting CXX compile features - done
[0.179s] -- Found ament_cmake: 1.3.13 (/opt/ros/humble/share/ament_cmake/cmake)
[0.262s] -- Found Python3: /usr/bin/python3 (found version "3.10.12") found components: Interpreter 
[0.309s] -- Found rclcpp: 16.0.18 (/opt/ros/humble/share/rclcpp/cmake)
[0.333s] -- Found rosidl_generator_c: 3.1.8 (/opt/ros/humble/share/rosidl_generator_c/cmake)
[0.335s] -- Found rosidl_adapter: 3.1.8 (/opt/ros/humble/share/rosidl_adapter/cmake)
[0.339s] -- Found rosidl_generator_cpp: 3.1.8 (/opt/ros/humble/share/rosidl_generator_cpp/cmake)
[0.344s] -- Using all available rosidl_typesupport_c: rosidl_typesupport_fastrtps_c;rosidl_typesupport_introspection_c
[0.351s] -- Using all available rosidl_typesupport_cpp: rosidl_typesupport_fastrtps_cpp;rosidl_typesupport_introspection_cpp
[0.370s] -- Found rmw_implementation_cmake: 6.1.2 (/opt/ros/humble/share/rmw_implementation_cmake/cmake)
[0.372s] -- Found rmw_fastrtps_cpp: 6.2.10 (/opt/ros/humble/share/rmw_fastrtps_cpp/cmake)
[0.422s] -- Found OpenSSL: /usr/lib/x86_64-linux-gnu/libcrypto.so (found version "3.0.2")  
[0.435s] -- Found FastRTPS: /opt/ros/humble/include  
[0.456s] -- Using RMW implementation 'rmw_fastrtps_cpp' as default
[0.460s] -- Looking for pthread.h
[0.534s] -- Looking for pthread.h - found
[0.535s] -- Performing Test CMAKE_HAVE_LIBC_PTHREAD
[0.625s] -- Performing Test CMAKE_HAVE_LIBC_PTHREAD - Success
[0.626s] -- Found Threads: TRUE  
[0.664s] -- Found status_interfaces: 0.0.0 (/home/yjfy/topic_parctice_ws/install/status_interfaces/share/status_interfaces/cmake)
[0.674s] -- Found ament_lint_auto: 0.12.15 (/opt/ros/humble/share/ament_lint_auto/cmake)
[0.710s] -- Added test 'cppcheck' to perform static code analysis on C / C++ code
[0.710s] -- Configured cppcheck include dirs: 
[0.710s] -- Configured cppcheck exclude dirs and/or files: 
[0.710s] -- Added test 'lint_cmake' to check CMake code style
[0.711s] -- Added test 'uncrustify' to check C / C++ code style
[0.711s] -- Configured uncrustify additional arguments: 
[0.711s] -- Added test 'xmllint' to check XML markup files
[0.712s] -- Configuring done
[0.716s] -- Generating done
[0.718s] -- Build files have been written to: /home/yjfy/topic_parctice_ws/build/status_display
[0.723s] Invoked command in '/home/yjfy/topic_parctice_ws/build/status_display' returned '0': AMENT_PREFIX_PATH=/home/yjfy/topic_parctice_ws/install/status_interfaces:${AMENT_PREFIX_PATH} CMAKE_PREFIX_PATH=/home/yjfy/topic_parctice_ws/install/status_interfaces:/opt/ros/humble LD_LIBRARY_PATH=/home/yjfy/topic_parctice_ws/install/status_interfaces/lib:${LD_LIBRARY_PATH} PYTHONPATH=/home/yjfy/topic_parctice_ws/install/status_interfaces/local/lib/python3.10/dist-packages:${PYTHONPATH} /usr/bin/cmake /home/yjfy/topic_parctice_ws/src/status_display -DCMAKE_INSTALL_PREFIX=/home/yjfy/topic_parctice_ws/install/status_display
[0.724s] Invoking command in '/home/yjfy/topic_parctice_ws/build/status_display': AMENT_PREFIX_PATH=/home/yjfy/topic_parctice_ws/install/status_interfaces:${AMENT_PREFIX_PATH} CMAKE_PREFIX_PATH=/home/yjfy/topic_parctice_ws/install/status_interfaces:/opt/ros/humble LD_LIBRARY_PATH=/home/yjfy/topic_parctice_ws/install/status_interfaces/lib:${LD_LIBRARY_PATH} PYTHONPATH=/home/yjfy/topic_parctice_ws/install/status_interfaces/local/lib/python3.10/dist-packages:${PYTHONPATH} /usr/bin/cmake --build /home/yjfy/topic_parctice_ws/build/status_display -- -j24 -l24
[0.768s] [ 50%] [32mBuilding CXX object CMakeFiles/sys_status_display.dir/src/sys_status_display.cpp.o[0m
[4.878s] [100%] [32m[1mLinking CXX executable sys_status_display[0m
[5.289s] [100%] Built target sys_status_display
[5.297s] Invoked command in '/home/yjfy/topic_parctice_ws/build/status_display' returned '0': AMENT_PREFIX_PATH=/home/yjfy/topic_parctice_ws/install/status_interfaces:${AMENT_PREFIX_PATH} CMAKE_PREFIX_PATH=/home/yjfy/topic_parctice_ws/install/status_interfaces:/opt/ros/humble LD_LIBRARY_PATH=/home/yjfy/topic_parctice_ws/install/status_interfaces/lib:${LD_LIBRARY_PATH} PYTHONPATH=/home/yjfy/topic_parctice_ws/install/status_interfaces/local/lib/python3.10/dist-packages:${PYTHONPATH} /usr/bin/cmake --build /home/yjfy/topic_parctice_ws/build/status_display -- -j24 -l24
[5.299s] Invoking command in '/home/yjfy/topic_parctice_ws/build/status_display': AMENT_PREFIX_PATH=/home/yjfy/topic_parctice_ws/install/status_interfaces:${AMENT_PREFIX_PATH} CMAKE_PREFIX_PATH=/home/yjfy/topic_parctice_ws/install/status_interfaces:/opt/ros/humble LD_LIBRARY_PATH=/home/yjfy/topic_parctice_ws/install/status_interfaces/lib:${LD_LIBRARY_PATH} PYTHONPATH=/home/yjfy/topic_parctice_ws/install/status_interfaces/local/lib/python3.10/dist-packages:${PYTHONPATH} /usr/bin/cmake --install /home/yjfy/topic_parctice_ws/build/status_display
[5.306s] [31mCMake Error at cmake_install.cmake:60 (file):
[5.306s]   file cannot create directory: /lib/status_display.  Maybe need
[5.306s]   administrative privileges.
[5.306s] 
[5.307s] -- Install configuration: ""
[5.307s] [0m
[5.308s] Invoked command in '/home/yjfy/topic_parctice_ws/build/status_display' returned '1': AMENT_PREFIX_PATH=/home/yjfy/topic_parctice_ws/install/status_interfaces:${AMENT_PREFIX_PATH} CMAKE_PREFIX_PATH=/home/yjfy/topic_parctice_ws/install/status_interfaces:/opt/ros/humble LD_LIBRARY_PATH=/home/yjfy/topic_parctice_ws/install/status_interfaces/lib:${LD_LIBRARY_PATH} PYTHONPATH=/home/yjfy/topic_parctice_ws/install/status_interfaces/local/lib/python3.10/dist-packages:${PYTHONPATH} /usr/bin/cmake --install /home/yjfy/topic_parctice_ws/build/status_display
