[0.006s] Invoking command in '/home/yjfy/桌面/workspace/demo_cpp_pkg/build/demo_cpp_pkg': CMAKE_PREFIX_PATH=/opt/ros/humble /usr/bin/cmake --build /home/yjfy/桌面/workspace/demo_cpp_pkg/build/demo_cpp_pkg -- -j24 -l24
[0.038s] [35m[1mConsolidate compiler generated dependencies of target learn_thread[0m
[0.043s] [ 20%] Built target learn_function1
[0.044s] [ 40%] Built target learn_function
[0.045s] [ 60%] Built target person_node
[0.047s] [ 80%] Built target cpp_node
[0.048s] [ 90%] [32mBuilding CXX object CMakeFiles/learn_thread.dir/src/learn_thread.cpp.o[0m
[0.531s] [01m[K/home/yjfy/桌面/workspace/demo_cpp_pkg/src/learn_thread.cpp:[m[K In function ‘[01m[Kint main()[m[K’:
[0.531s] [01m[K/home/yjfy/桌面/workspace/demo_cpp_pkg/src/learn_thread.cpp:33:69:[m[K [01;31m[Kerror: [m[Kcannot bind non-const lvalue reference of type ‘[01m[Kstd::function<void(const std::__cxx11::basic_string<char>&, const std::__cxx11::basic_string<char>&)>&[m[K’ to an rvalue of type ‘[01m[Kstd::function<void(const std::__cxx11::basic_string<char>&, const std::__cxx11::basic_string<char>&)>[m[K’
[0.531s]    33 |     download.start_download("http://localhost:8000", "/novel1.txt", [01;31m[Kdownload_finish_callback[m[K);
[0.532s]       |                                                                     [01;31m[K^~~~~~~~~~~~~~~~~~~~~~~~[m[K
[0.532s] In file included from [01m[K/usr/include/c++/11/functional:59[m[K,
[0.532s]                  from [01m[K/home/yjfy/桌面/workspace/demo_cpp_pkg/src/learn_thread.cpp:4[m[K:
[0.532s] [01m[K/usr/include/c++/11/bits/std_function.h:435:9:[m[K [01;36m[Knote: [m[K  after user-defined conversion: ‘[01m[Kstd::function<_Res(_ArgTypes ...)>::function(_Functor&&) [with _Functor = main()::<lambda(const string&, const string&)>&; _Constraints = void; _Res = void; _ArgTypes = {const std::__cxx11::basic_string<char, std::char_traits<char>, std::allocator<char> >&, const std::__cxx11::basic_string<char, std::char_traits<char>, std::allocator<char> >&}][m[K’
[0.532s]   435 |         [01;36m[Kfunction[m[K(_Functor&& __f)
[0.532s]       |         [01;36m[K^~~~~~~~[m[K
[0.532s] [01m[K/home/yjfy/桌面/workspace/demo_cpp_pkg/src/learn_thread.cpp:21:108:[m[K [01;36m[Knote: [m[K  initializing argument 3 of ‘[01m[Kvoid Download::start_download(const string&, const string&, std::function<void(const std::__cxx11::basic_string<char>&, const std::__cxx11::basic_string<char>&)>&)[m[K’
[0.532s]    21 |     void start_download(const string &host,const string &path,[01;36m[Kfunction<void(const string&,const string&)> &callback[m[K){
[0.532s]       |                                                               [01;36m[K~~~~~~~~~~~~~~~~~~~~~~~~~~~~~~~~~~~~~~~~~~~~~^~~~~~~~[m[K
[0.532s] [01m[K/home/yjfy/桌面/workspace/demo_cpp_pkg/src/learn_thread.cpp:34:69:[m[K [01;31m[Kerror: [m[Kcannot bind non-const lvalue reference of type ‘[01m[Kstd::function<void(const std::__cxx11::basic_string<char>&, const std::__cxx11::basic_string<char>&)>&[m[K’ to an rvalue of type ‘[01m[Kstd::function<void(const std::__cxx11::basic_string<char>&, const std::__cxx11::basic_string<char>&)>[m[K’
[0.532s]    34 |     download.start_download("http://localhost:8000", "/novel2.txt", [01;31m[Kdownload_finish_callback[m[K);
[0.532s]       |                                                                     [01;31m[K^~~~~~~~~~~~~~~~~~~~~~~~[m[K
[0.532s] In file included from [01m[K/usr/include/c++/11/functional:59[m[K,
[0.532s]                  from [01m[K/home/yjfy/桌面/workspace/demo_cpp_pkg/src/learn_thread.cpp:4[m[K:
[0.532s] [01m[K/usr/include/c++/11/bits/std_function.h:435:9:[m[K [01;36m[Knote: [m[K  after user-defined conversion: ‘[01m[Kstd::function<_Res(_ArgTypes ...)>::function(_Functor&&) [with _Functor = main()::<lambda(const string&, const string&)>&; _Constraints = void; _Res = void; _ArgTypes = {const std::__cxx11::basic_string<char, std::char_traits<char>, std::allocator<char> >&, const std::__cxx11::basic_string<char, std::char_traits<char>, std::allocator<char> >&}][m[K’
[0.532s]   435 |         [01;36m[Kfunction[m[K(_Functor&& __f)
[0.532s]       |         [01;36m[K^~~~~~~~[m[K
[0.532s] [01m[K/home/yjfy/桌面/workspace/demo_cpp_pkg/src/learn_thread.cpp:21:108:[m[K [01;36m[Knote: [m[K  initializing argument 3 of ‘[01m[Kvoid Download::start_download(const string&, const string&, std::function<void(const std::__cxx11::basic_string<char>&, const std::__cxx11::basic_string<char>&)>&)[m[K’
[0.532s]    21 |     void start_download(const string &host,const string &path,[01;36m[Kfunction<void(const string&,const string&)> &callback[m[K){
[0.533s]       |                                                               [01;36m[K~~~~~~~~~~~~~~~~~~~~~~~~~~~~~~~~~~~~~~~~~~~~~^~~~~~~~[m[K
[0.533s] [01m[K/home/yjfy/桌面/workspace/demo_cpp_pkg/src/learn_thread.cpp:35:69:[m[K [01;31m[Kerror: [m[Kcannot bind non-const lvalue reference of type ‘[01m[Kstd::function<void(const std::__cxx11::basic_string<char>&, const std::__cxx11::basic_string<char>&)>&[m[K’ to an rvalue of type ‘[01m[Kstd::function<void(const std::__cxx11::basic_string<char>&, const std::__cxx11::basic_string<char>&)>[m[K’
[0.533s]    35 |     download.start_download("http://localhost:8000", "/novel3.txt", [01;31m[Kdownload_finish_callback[m[K);
[0.533s]       |                                                                     [01;31m[K^~~~~~~~~~~~~~~~~~~~~~~~[m[K
[0.533s] In file included from [01m[K/usr/include/c++/11/functional:59[m[K,
[0.533s]                  from [01m[K/home/yjfy/桌面/workspace/demo_cpp_pkg/src/learn_thread.cpp:4[m[K:
[0.533s] [01m[K/usr/include/c++/11/bits/std_function.h:435:9:[m[K [01;36m[Knote: [m[K  after user-defined conversion: ‘[01m[Kstd::function<_Res(_ArgTypes ...)>::function(_Functor&&) [with _Functor = main()::<lambda(const string&, const string&)>&; _Constraints = void; _Res = void; _ArgTypes = {const std::__cxx11::basic_string<char, std::char_traits<char>, std::allocator<char> >&, const std::__cxx11::basic_string<char, std::char_traits<char>, std::allocator<char> >&}][m[K’
[0.533s]   435 |         [01;36m[Kfunction[m[K(_Functor&& __f)
[0.533s]       |         [01;36m[K^~~~~~~~[m[K
[0.533s] [01m[K/home/yjfy/桌面/workspace/demo_cpp_pkg/src/learn_thread.cpp:21:108:[m[K [01;36m[Knote: [m[K  initializing argument 3 of ‘[01m[Kvoid Download::start_download(const string&, const string&, std::function<void(const std::__cxx11::basic_string<char>&, const std::__cxx11::basic_string<char>&)>&)[m[K’
[0.533s]    21 |     void start_download(const string &host,const string &path,[01;36m[Kfunction<void(const string&,const string&)> &callback[m[K){
[0.533s]       |                                                               [01;36m[K~~~~~~~~~~~~~~~~~~~~~~~~~~~~~~~~~~~~~~~~~~~~~^~~~~~~~[m[K
[0.594s] In file included from [01m[K/usr/include/c++/11/thread:43[m[K,
[0.594s]                  from [01m[K/home/yjfy/桌面/workspace/demo_cpp_pkg/src/learn_thread.cpp:2[m[K:
[0.594s] /usr/include/c++/11/bits/std_thread.h: In instantiation of ‘[01m[Kstd::thread::thread(_Callable&&, _Args&& ...) [with _Callable = std::_Bind<void (Download::*(Download*, std::_Placeholder<1>, std::_Placeholder<2>, std::_Placeholder<3>))(const std::__cxx11::basic_string<char>&, const std::__cxx11::basic_string<char>&, std::function<void(const std::__cxx11::basic_string<char>&, const std::__cxx11::basic_string<char>&)>&)>&; _Args = {const std::__cxx11::basic_string<char, std::char_traits<char>, std::allocator<char> >&, const std::__cxx11::basic_string<char, std::char_traits<char>, std::allocator<char> >&, std::function<void(const std::__cxx11::basic_string<char, std::char_traits<char>, std::allocator<char> >&, const std::__cxx11::basic_string<char, std::char_traits<char>, std::allocator<char> >&)>&}; <template-parameter-1-3> = void][m[K’:
[0.594s] [01m[K/home/yjfy/桌面/workspace/demo_cpp_pkg/src/learn_thread.cpp:23:63:[m[K   required from here
[0.594s] [01m[K/usr/include/c++/11/bits/std_thread.h:130:72:[m[K [01;31m[Kerror: [m[Kstatic assertion failed: std::thread arguments must be invocable after conversion to rvalues
[0.594s]   130 |                                       typename decay<_Args>::type...>::[01;31m[Kvalue[m[K,
[0.594s]       |                                                                        [01;31m[K^~~~~[m[K
[0.594s] [01m[K/usr/include/c++/11/bits/std_thread.h:130:72:[m[K [01;36m[Knote: [m[K‘[01m[Kstd::integral_constant<bool, false>::value[m[K’ evaluates to false
[0.596s] /usr/include/c++/11/bits/std_thread.h: In instantiation of ‘[01m[Kstruct std::thread::_Invoker<std::tuple<std::_Bind<void (Download::*(Download*, std::_Placeholder<1>, std::_Placeholder<2>, std::_Placeholder<3>))(const std::__cxx11::basic_string<char, std::char_traits<char>, std::allocator<char> >&, const std::__cxx11::basic_string<char, std::char_traits<char>, std::allocator<char> >&, std::function<void(const std::__cxx11::basic_string<char, std::char_traits<char>, std::allocator<char> >&, const std::__cxx11::basic_string<char, std::char_traits<char>, std::allocator<char> >&)>&)>, std::__cxx11::basic_string<char, std::char_traits<char>, std::allocator<char> >, std::__cxx11::basic_string<char, std::char_traits<char>, std::allocator<char> >, std::function<void(const std::__cxx11::basic_string<char, std::char_traits<char>, std::allocator<char> >&, const std::__cxx11::basic_string<char, std::char_traits<char>, std::allocator<char> >&)> > >[m[K’:
[0.596s] [01m[K/usr/include/c++/11/bits/std_thread.h:203:13:[m[K   required from ‘[01m[Kstruct std::thread::_State_impl<std::thread::_Invoker<std::tuple<std::_Bind<void (Download::*(Download*, std::_Placeholder<1>, std::_Placeholder<2>, std::_Placeholder<3>))(const std::__cxx11::basic_string<char, std::char_traits<char>, std::allocator<char> >&, const std::__cxx11::basic_string<char, std::char_traits<char>, std::allocator<char> >&, std::function<void(const std::__cxx11::basic_string<char, std::char_traits<char>, std::allocator<char> >&, const std::__cxx11::basic_string<char, std::char_traits<char>, std::allocator<char> >&)>&)>, std::__cxx11::basic_string<char, std::char_traits<char>, std::allocator<char> >, std::__cxx11::basic_string<char, std::char_traits<char>, std::allocator<char> >, std::function<void(const std::__cxx11::basic_string<char, std::char_traits<char>, std::allocator<char> >&, const std::__cxx11::basic_string<char, std::char_traits<char>, std::allocator<char> >&)> > > >[m[K’
[0.596s] [01m[K/usr/include/c++/11/bits/std_thread.h:143:29:[m[K   required from ‘[01m[Kstd::thread::thread(_Callable&&, _Args&& ...) [with _Callable = std::_Bind<void (Download::*(Download*, std::_Placeholder<1>, std::_Placeholder<2>, std::_Placeholder<3>))(const std::__cxx11::basic_string<char>&, const std::__cxx11::basic_string<char>&, std::function<void(const std::__cxx11::basic_string<char>&, const std::__cxx11::basic_string<char>&)>&)>&; _Args = {const std::__cxx11::basic_string<char, std::char_traits<char>, std::allocator<char> >&, const std::__cxx11::basic_string<char, std::char_traits<char>, std::allocator<char> >&, std::function<void(const std::__cxx11::basic_string<char, std::char_traits<char>, std::allocator<char> >&, const std::__cxx11::basic_string<char, std::char_traits<char>, std::allocator<char> >&)>&}; <template-parameter-1-3> = void][m[K’
[0.596s] [01m[K/home/yjfy/桌面/workspace/demo_cpp_pkg/src/learn_thread.cpp:23:63:[m[K   required from here
[0.597s] [01m[K/usr/include/c++/11/bits/std_thread.h:258:11:[m[K [01;31m[Kerror: [m[Kno type named ‘[01m[Ktype[m[K’ in ‘[01m[Kstruct std::thread::_Invoker<std::tuple<std::_Bind<void (Download::*(Download*, std::_Placeholder<1>, std::_Placeholder<2>, std::_Placeholder<3>))(const std::__cxx11::basic_string<char, std::char_traits<char>, std::allocator<char> >&, const std::__cxx11::basic_string<char, std::char_traits<char>, std::allocator<char> >&, std::function<void(const std::__cxx11::basic_string<char, std::char_traits<char>, std::allocator<char> >&, const std::__cxx11::basic_string<char, std::char_traits<char>, std::allocator<char> >&)>&)>, std::__cxx11::basic_string<char, std::char_traits<char>, std::allocator<char> >, std::__cxx11::basic_string<char, std::char_traits<char>, std::allocator<char> >, std::function<void(const std::__cxx11::basic_string<char, std::char_traits<char>, std::allocator<char> >&, const std::__cxx11::basic_string<char, std::char_traits<char>, std::allocator<char> >&)> > >::__result<std::tuple<std::_Bind<void (Download::*(Download*, std::_Placeholder<1>, std::_Placeholder<2>, std::_Placeholder<3>))(const std::__cxx11::basic_string<char, std::char_traits<char>, std::allocator<char> >&, const std::__cxx11::basic_string<char, std::char_traits<char>, std::allocator<char> >&, std::function<void(const std::__cxx11::basic_string<char, std::char_traits<char>, std::allocator<char> >&, const std::__cxx11::basic_string<char, std::char_traits<char>, std::allocator<char> >&)>&)>, std::__cxx11::basic_string<char, std::char_traits<char>, std::allocator<char> >, std::__cxx11::basic_string<char, std::char_traits<char>, std::allocator<char> >, std::function<void(const std::__cxx11::basic_string<char, std::char_traits<char>, std::allocator<char> >&, const std::__cxx11::basic_string<char, std::char_traits<char>, std::allocator<char> >&)> > >[m[K’
[0.597s]   258 |           [01;31m[K_M_invoke[m[K(_Index_tuple<_Ind...>)
[0.597s]       |           [01;31m[K^~~~~~~~~[m[K
[0.597s] [01m[K/usr/include/c++/11/bits/std_thread.h:262:9:[m[K [01;31m[Kerror: [m[Kno type named ‘[01m[Ktype[m[K’ in ‘[01m[Kstruct std::thread::_Invoker<std::tuple<std::_Bind<void (Download::*(Download*, std::_Placeholder<1>, std::_Placeholder<2>, std::_Placeholder<3>))(const std::__cxx11::basic_string<char, std::char_traits<char>, std::allocator<char> >&, const std::__cxx11::basic_string<char, std::char_traits<char>, std::allocator<char> >&, std::function<void(const std::__cxx11::basic_string<char, std::char_traits<char>, std::allocator<char> >&, const std::__cxx11::basic_string<char, std::char_traits<char>, std::allocator<char> >&)>&)>, std::__cxx11::basic_string<char, std::char_traits<char>, std::allocator<char> >, std::__cxx11::basic_string<char, std::char_traits<char>, std::allocator<char> >, std::function<void(const std::__cxx11::basic_string<char, std::char_traits<char>, std::allocator<char> >&, const std::__cxx11::basic_string<char, std::char_traits<char>, std::allocator<char> >&)> > >::__result<std::tuple<std::_Bind<void (Download::*(Download*, std::_Placeholder<1>, std::_Placeholder<2>, std::_Placeholder<3>))(const std::__cxx11::basic_string<char, std::char_traits<char>, std::allocator<char> >&, const std::__cxx11::basic_string<char, std::char_traits<char>, std::allocator<char> >&, std::function<void(const std::__cxx11::basic_string<char, std::char_traits<char>, std::allocator<char> >&, const std::__cxx11::basic_string<char, std::char_traits<char>, std::allocator<char> >&)>&)>, std::__cxx11::basic_string<char, std::char_traits<char>, std::allocator<char> >, std::__cxx11::basic_string<char, std::char_traits<char>, std::allocator<char> >, std::function<void(const std::__cxx11::basic_string<char, std::char_traits<char>, std::allocator<char> >&, const std::__cxx11::basic_string<char, std::char_traits<char>, std::allocator<char> >&)> > >[m[K’
[0.597s]   262 |         [01;31m[Koperator[m[K()()
[0.597s]       |         [01;31m[K^~~~~~~~[m[K
[1.090s] gmake[2]: *** [CMakeFiles/learn_thread.dir/build.make:76：CMakeFiles/learn_thread.dir/src/learn_thread.cpp.o] 错误 1
[1.090s] gmake[1]: *** [CMakeFiles/Makefile2:249：CMakeFiles/learn_thread.dir/all] 错误 2
[1.090s] gmake: *** [Makefile:146：all] 错误 2
[1.092s] Invoked command in '/home/yjfy/桌面/workspace/demo_cpp_pkg/build/demo_cpp_pkg' returned '2': CMAKE_PREFIX_PATH=/opt/ros/humble /usr/bin/cmake --build /home/yjfy/桌面/workspace/demo_cpp_pkg/build/demo_cpp_pkg -- -j24 -l24
