[0.007s] Invoking command in '/home/yjfy/桌面/workspace/demo_cpp_pkg/build/demo_cpp_pkg': CMAKE_PREFIX_PATH=${CMAKE_PREFIX_PATH}:/opt/ros/humble /usr/bin/cmake --build /home/yjfy/桌面/workspace/demo_cpp_pkg/build/demo_cpp_pkg -- -j24 -l24
[0.026s] -- Found ament_cmake: 1.3.13 (/opt/ros/humble/share/ament_cmake/cmake)
[0.107s] -- Found rclcpp: 16.0.18 (/opt/ros/humble/share/rclcpp/cmake)
[0.124s] -- Found rosidl_generator_c: 3.1.8 (/opt/ros/humble/share/rosidl_generator_c/cmake)
[0.125s] -- Found rosidl_adapter: 3.1.8 (/opt/ros/humble/share/rosidl_adapter/cmake)
[0.129s] -- Found rosidl_generator_cpp: 3.1.8 (/opt/ros/humble/share/rosidl_generator_cpp/cmake)
[0.134s] -- Using all available rosidl_typesupport_c: rosidl_typesupport_fastrtps_c;rosidl_typesupport_introspection_c
[0.141s] -- Using all available rosidl_typesupport_cpp: rosidl_typesupport_fastrtps_cpp;rosidl_typesupport_introspection_cpp
[0.160s] -- Found rmw_implementation_cmake: 6.1.2 (/opt/ros/humble/share/rmw_implementation_cmake/cmake)
[0.161s] -- Found rmw_fastrtps_cpp: 6.2.10 (/opt/ros/humble/share/rmw_fastrtps_cpp/cmake)
[0.214s] -- Using RMW implementation 'rmw_fastrtps_cpp' as default
[0.243s] -- Found ament_lint_auto: 0.12.15 (/opt/ros/humble/share/ament_lint_auto/cmake)
[0.290s] -- Added test 'cppcheck' to perform static code analysis on C / C++ code
[0.290s] -- Configured cppcheck include dirs: /home/yjfy/桌面/workspace/demo_cpp_pkg/include
[0.290s] -- Configured cppcheck exclude dirs and/or files: 
[0.291s] -- Added test 'flake8' to check Python code syntax and style conventions
[0.294s] -- Added test 'lint_cmake' to check CMake code style
[0.295s] -- Added test 'pep257' to check Python code against some of the docstring style conventions in PEP 257
[0.304s] -- Added test 'uncrustify' to check C / C++ code style
[0.304s] -- Configured uncrustify additional arguments: 
[0.305s] -- Added test 'xmllint' to check XML markup files
[0.306s] -- Configuring done
[0.312s] -- Generating done
[0.315s] -- Build files have been written to: /home/yjfy/桌面/workspace/demo_cpp_pkg/build/demo_cpp_pkg
[0.331s] [35m[1mConsolidate compiler generated dependencies of target person_node[0m
[0.331s] [35m[1mConsolidate compiler generated dependencies of target cpp_node[0m
[0.332s] [35m[1mConsolidate compiler generated dependencies of target learn_function[0m
[0.332s] [35m[1mConsolidate compiler generated dependencies of target learn_function1[0m
[0.340s] [ 25%] Built target learn_function1
[0.340s] [ 50%] Built target learn_function
[0.342s] [100%] Built target person_node
[0.342s] [100%] Built target cpp_node
[0.348s] Invoked command in '/home/yjfy/桌面/workspace/demo_cpp_pkg/build/demo_cpp_pkg' returned '0': CMAKE_PREFIX_PATH=${CMAKE_PREFIX_PATH}:/opt/ros/humble /usr/bin/cmake --build /home/yjfy/桌面/workspace/demo_cpp_pkg/build/demo_cpp_pkg -- -j24 -l24
[0.354s] Invoking command in '/home/yjfy/桌面/workspace/demo_cpp_pkg/build/demo_cpp_pkg': CMAKE_PREFIX_PATH=${CMAKE_PREFIX_PATH}:/opt/ros/humble /usr/bin/cmake --install /home/yjfy/桌面/workspace/demo_cpp_pkg/build/demo_cpp_pkg
[0.357s] -- Install configuration: ""
[0.357s] -- Up-to-date: /home/yjfy/桌面/workspace/demo_cpp_pkg/install/demo_cpp_pkg/lib/demo_cpp_pkg/cpp_node
[0.357s] -- Up-to-date: /home/yjfy/桌面/workspace/demo_cpp_pkg/install/demo_cpp_pkg/lib/demo_cpp_pkg/person_node
[0.358s] -- Up-to-date: /home/yjfy/桌面/workspace/demo_cpp_pkg/install/demo_cpp_pkg/lib/demo_cpp_pkg/learn_function
[0.358s] -- Installing: /home/yjfy/桌面/workspace/demo_cpp_pkg/install/demo_cpp_pkg/lib/demo_cpp_pkg/learn_function1
[0.358s] -- Up-to-date: /home/yjfy/桌面/workspace/demo_cpp_pkg/install/demo_cpp_pkg/share/ament_index/resource_index/package_run_dependencies/demo_cpp_pkg
[0.358s] -- Installing: /home/yjfy/桌面/workspace/demo_cpp_pkg/install/demo_cpp_pkg/share/ament_index/resource_index/parent_prefix_path/demo_cpp_pkg
[0.358s] -- Up-to-date: /home/yjfy/桌面/workspace/demo_cpp_pkg/install/demo_cpp_pkg/share/demo_cpp_pkg/environment/ament_prefix_path.sh
[0.358s] -- Installing: /home/yjfy/桌面/workspace/demo_cpp_pkg/install/demo_cpp_pkg/share/demo_cpp_pkg/environment/ament_prefix_path.dsv
[0.358s] -- Up-to-date: /home/yjfy/桌面/workspace/demo_cpp_pkg/install/demo_cpp_pkg/share/demo_cpp_pkg/environment/path.sh
[0.358s] -- Installing: /home/yjfy/桌面/workspace/demo_cpp_pkg/install/demo_cpp_pkg/share/demo_cpp_pkg/environment/path.dsv
[0.358s] -- Up-to-date: /home/yjfy/桌面/workspace/demo_cpp_pkg/install/demo_cpp_pkg/share/demo_cpp_pkg/local_setup.bash
[0.358s] -- Up-to-date: /home/yjfy/桌面/workspace/demo_cpp_pkg/install/demo_cpp_pkg/share/demo_cpp_pkg/local_setup.sh
[0.358s] -- Up-to-date: /home/yjfy/桌面/workspace/demo_cpp_pkg/install/demo_cpp_pkg/share/demo_cpp_pkg/local_setup.zsh
[0.358s] -- Installing: /home/yjfy/桌面/workspace/demo_cpp_pkg/install/demo_cpp_pkg/share/demo_cpp_pkg/local_setup.dsv
[0.358s] -- Installing: /home/yjfy/桌面/workspace/demo_cpp_pkg/install/demo_cpp_pkg/share/demo_cpp_pkg/package.dsv
[0.358s] -- Up-to-date: /home/yjfy/桌面/workspace/demo_cpp_pkg/install/demo_cpp_pkg/share/ament_index/resource_index/packages/demo_cpp_pkg
[0.358s] -- Up-to-date: /home/yjfy/桌面/workspace/demo_cpp_pkg/install/demo_cpp_pkg/share/demo_cpp_pkg/cmake/demo_cpp_pkgConfig.cmake
[0.358s] -- Up-to-date: /home/yjfy/桌面/workspace/demo_cpp_pkg/install/demo_cpp_pkg/share/demo_cpp_pkg/cmake/demo_cpp_pkgConfig-version.cmake
[0.358s] -- Up-to-date: /home/yjfy/桌面/workspace/demo_cpp_pkg/install/demo_cpp_pkg/share/demo_cpp_pkg/package.xml
[0.359s] Invoked command in '/home/yjfy/桌面/workspace/demo_cpp_pkg/build/demo_cpp_pkg' returned '0': CMAKE_PREFIX_PATH=${CMAKE_PREFIX_PATH}:/opt/ros/humble /usr/bin/cmake --install /home/yjfy/桌面/workspace/demo_cpp_pkg/build/demo_cpp_pkg
