[0.006s] Invoking command in '/home/yjfy/桌面/workspace/demo_cpp_pkg/build/demo_cpp_pkg': CMAKE_PREFIX_PATH=${CMAKE_PREFIX_PATH}:/opt/ros/humble /usr/bin/cmake --build /home/yjfy/桌面/workspace/demo_cpp_pkg/build/demo_cpp_pkg -- -j24 -l24
[0.043s] [35m[1mConsolidate compiler generated dependencies of target person_node[0m
[0.055s] [ 33%] Built target learn_function
[0.057s] [ 66%] Built target cpp_node
[0.060s] [ 83%] [32mBuilding CXX object CMakeFiles/person_node.dir/src/person_node.cpp.o[0m
[1.412s] [100%] [32m[1mLinking CXX executable person_node[0m
[1.493s] [100%] Built target person_node
[1.502s] Invoked command in '/home/yjfy/桌面/workspace/demo_cpp_pkg/build/demo_cpp_pkg' returned '0': CMAKE_PREFIX_PATH=${CMAKE_PREFIX_PATH}:/opt/ros/humble /usr/bin/cmake --build /home/yjfy/桌面/workspace/demo_cpp_pkg/build/demo_cpp_pkg -- -j24 -l24
[1.509s] Invoking command in '/home/yjfy/桌面/workspace/demo_cpp_pkg/build/demo_cpp_pkg': CMAKE_PREFIX_PATH=${CMAKE_PREFIX_PATH}:/opt/ros/humble /usr/bin/cmake --install /home/yjfy/桌面/workspace/demo_cpp_pkg/build/demo_cpp_pkg
[1.518s] -- Install configuration: ""
[1.519s] -- Up-to-date: /home/yjfy/桌面/workspace/demo_cpp_pkg/install/demo_cpp_pkg/lib/demo_cpp_pkg/cpp_node
[1.519s] -- Installing: /home/yjfy/桌面/workspace/demo_cpp_pkg/install/demo_cpp_pkg/lib/demo_cpp_pkg/person_node
[1.519s] -- Set runtime path of "/home/yjfy/桌面/workspace/demo_cpp_pkg/install/demo_cpp_pkg/lib/demo_cpp_pkg/person_node" to ""
[1.519s] -- Installing: /home/yjfy/桌面/workspace/demo_cpp_pkg/install/demo_cpp_pkg/lib/demo_cpp_pkg/learn_function
[1.519s] -- Up-to-date: /home/yjfy/桌面/workspace/demo_cpp_pkg/install/demo_cpp_pkg/share/ament_index/resource_index/package_run_dependencies/demo_cpp_pkg
[1.520s] -- Up-to-date: /home/yjfy/桌面/workspace/demo_cpp_pkg/install/demo_cpp_pkg/share/ament_index/resource_index/parent_prefix_path/demo_cpp_pkg
[1.520s] -- Up-to-date: /home/yjfy/桌面/workspace/demo_cpp_pkg/install/demo_cpp_pkg/share/demo_cpp_pkg/environment/ament_prefix_path.sh
[1.520s] -- Installing: /home/yjfy/桌面/workspace/demo_cpp_pkg/install/demo_cpp_pkg/share/demo_cpp_pkg/environment/ament_prefix_path.dsv
[1.520s] -- Up-to-date: /home/yjfy/桌面/workspace/demo_cpp_pkg/install/demo_cpp_pkg/share/demo_cpp_pkg/environment/path.sh
[1.520s] -- Installing: /home/yjfy/桌面/workspace/demo_cpp_pkg/install/demo_cpp_pkg/share/demo_cpp_pkg/environment/path.dsv
[1.520s] -- Up-to-date: /home/yjfy/桌面/workspace/demo_cpp_pkg/install/demo_cpp_pkg/share/demo_cpp_pkg/local_setup.bash
[1.520s] -- Up-to-date: /home/yjfy/桌面/workspace/demo_cpp_pkg/install/demo_cpp_pkg/share/demo_cpp_pkg/local_setup.sh
[1.520s] -- Up-to-date: /home/yjfy/桌面/workspace/demo_cpp_pkg/install/demo_cpp_pkg/share/demo_cpp_pkg/local_setup.zsh
[1.520s] -- Installing: /home/yjfy/桌面/workspace/demo_cpp_pkg/install/demo_cpp_pkg/share/demo_cpp_pkg/local_setup.dsv
[1.520s] -- Installing: /home/yjfy/桌面/workspace/demo_cpp_pkg/install/demo_cpp_pkg/share/demo_cpp_pkg/package.dsv
[1.520s] -- Up-to-date: /home/yjfy/桌面/workspace/demo_cpp_pkg/install/demo_cpp_pkg/share/ament_index/resource_index/packages/demo_cpp_pkg
[1.520s] -- Up-to-date: /home/yjfy/桌面/workspace/demo_cpp_pkg/install/demo_cpp_pkg/share/demo_cpp_pkg/cmake/demo_cpp_pkgConfig.cmake
[1.520s] -- Up-to-date: /home/yjfy/桌面/workspace/demo_cpp_pkg/install/demo_cpp_pkg/share/demo_cpp_pkg/cmake/demo_cpp_pkgConfig-version.cmake
[1.520s] -- Up-to-date: /home/yjfy/桌面/workspace/demo_cpp_pkg/install/demo_cpp_pkg/share/demo_cpp_pkg/package.xml
[1.523s] Invoked command in '/home/yjfy/桌面/workspace/demo_cpp_pkg/build/demo_cpp_pkg' returned '0': CMAKE_PREFIX_PATH=${CMAKE_PREFIX_PATH}:/opt/ros/humble /usr/bin/cmake --install /home/yjfy/桌面/workspace/demo_cpp_pkg/build/demo_cpp_pkg
