[01m[K/home/yjfy/桌面/workspace/demo_cpp_pkg/src/learn_function1.cpp:13:19:[m[K [01;31m[Kerror: [m[Kexpected type-specifier before ‘[01m[K([m[K’ token
   13 |     float operator[01;31m[K([m[Kfloat a, float b)
      |                   [01;31m[K^[m[K
[01m[K/home/yjfy/桌面/workspace/demo_cpp_pkg/src/learn_function1.cpp:[m[K In function ‘[01m[Kint main()[m[K’:
[01m[K/home/yjfy/桌面/workspace/demo_cpp_pkg/src/learn_function1.cpp:25:5:[m[K [01;31m[Kerror: [m[Kno matching function for call to ‘[01m[Kstd::map<std::__cxx11::basic_string<char>, std::function<double(double, double)> >::map(<brace-enclosed initializer list>)[m[K’
   25 |     [01;31m[K}[m[K;
      |     [01;31m[K^[m[K
In file included from [01m[K/usr/include/c++/11/map:61[m[K,
                 from [01m[K/home/yjfy/桌面/workspace/demo_cpp_pkg/src/learn_function1.cpp:1[m[K:
[01m[K/usr/include/c++/11/bits/stl_map.h:290:9:[m[K [01;36m[Knote: [m[Kcandidate: ‘[01m[Ktemplate<class _InputIterator> std::map<_Key, _Tp, _Compare, _Alloc>::map(_InputIterator, _InputIterator, const _Compare&, const allocator_type&) [with _InputIterator = _InputIterator; _Key = std::__cxx11::basic_string<char>; _Tp = std::function<double(double, double)>; _Compare = std::less<std::__cxx11::basic_string<char> >; _Alloc = std::allocator<std::pair<const std::__cxx11::basic_string<char>, std::function<double(double, double)> > >][m[K’
  290 |         [01;36m[Kmap[m[K(_InputIterator __first, _InputIterator __last,
      |         [01;36m[K^~~[m[K
[01m[K/usr/include/c++/11/bits/stl_map.h:290:9:[m[K [01;36m[Knote: [m[K  template argument deduction/substitution failed:
[01m[K/home/yjfy/桌面/workspace/demo_cpp_pkg/src/learn_function1.cpp:25:5:[m[K [01;36m[Knote: [m[K  couldn’t deduce template parameter ‘[01m[K_InputIterator[m[K’
   25 |     [01;36m[K}[m[K;
      |     [01;36m[K^[m[K
In file included from [01m[K/usr/include/c++/11/map:61[m[K,
                 from [01m[K/home/yjfy/桌面/workspace/demo_cpp_pkg/src/learn_function1.cpp:1[m[K:
[01m[K/usr/include/c++/11/bits/stl_map.h:273:9:[m[K [01;36m[Knote: [m[Kcandidate: ‘[01m[Ktemplate<class _InputIterator> std::map<_Key, _Tp, _Compare, _Alloc>::map(_InputIterator, _InputIterator) [with _InputIterator = _InputIterator; _Key = std::__cxx11::basic_string<char>; _Tp = std::function<double(double, double)>; _Compare = std::less<std::__cxx11::basic_string<char> >; _Alloc = std::allocator<std::pair<const std::__cxx11::basic_string<char>, std::function<double(double, double)> > >][m[K’
  273 |         [01;36m[Kmap[m[K(_InputIterator __first, _InputIterator __last)
      |         [01;36m[K^~~[m[K
[01m[K/usr/include/c++/11/bits/stl_map.h:273:9:[m[K [01;36m[Knote: [m[K  template argument deduction/substitution failed:
[01m[K/home/yjfy/桌面/workspace/demo_cpp_pkg/src/learn_function1.cpp:25:5:[m[K [01;36m[Knote: [m[K  candidate expects 2 arguments, 3 provided
   25 |     [01;36m[K}[m[K;
      |     [01;36m[K^[m[K
In file included from [01m[K/usr/include/c++/11/map:61[m[K,
                 from [01m[K/home/yjfy/桌面/workspace/demo_cpp_pkg/src/learn_function1.cpp:1[m[K:
[01m[K/usr/include/c++/11/bits/stl_map.h:256:9:[m[K [01;36m[Knote: [m[Kcandidate: ‘[01m[Ktemplate<class _InputIterator> std::map<_Key, _Tp, _Compare, _Alloc>::map(_InputIterator, _InputIterator, const allocator_type&) [with _InputIterator = _InputIterator; _Key = std::__cxx11::basic_string<char>; _Tp = std::function<double(double, double)>; _Compare = std::less<std::__cxx11::basic_string<char> >; _Alloc = std::allocator<std::pair<const std::__cxx11::basic_string<char>, std::function<double(double, double)> > >][m[K’
  256 |         [01;36m[Kmap[m[K(_InputIterator __first, _InputIterator __last,
      |         [01;36m[K^~~[m[K
[01m[K/usr/include/c++/11/bits/stl_map.h:256:9:[m[K [01;36m[Knote: [m[K  template argument deduction/substitution failed:
[01m[K/home/yjfy/桌面/workspace/demo_cpp_pkg/src/learn_function1.cpp:25:5:[m[K [01;36m[Knote: [m[K  couldn’t deduce template parameter ‘[01m[K_InputIterator[m[K’
   25 |     [01;36m[K}[m[K;
      |     [01;36m[K^[m[K
In file included from [01m[K/usr/include/c++/11/map:61[m[K,
                 from [01m[K/home/yjfy/桌面/workspace/demo_cpp_pkg/src/learn_function1.cpp:1[m[K:
[01m[K/usr/include/c++/11/bits/stl_map.h:250:7:[m[K [01;36m[Knote: [m[Kcandidate: ‘[01m[Kstd::map<_Key, _Tp, _Compare, _Alloc>::map(std::initializer_list<std::pair<const _Key, _Tp> >, const allocator_type&) [with _Key = std::__cxx11::basic_string<char>; _Tp = std::function<double(double, double)>; _Compare = std::less<std::__cxx11::basic_string<char> >; _Alloc = std::allocator<std::pair<const std::__cxx11::basic_string<char>, std::function<double(double, double)> > >; std::map<_Key, _Tp, _Compare, _Alloc>::allocator_type = std::allocator<std::pair<const std::__cxx11::basic_string<char>, std::function<double(double, double)> > >][m[K’
  250 |       [01;36m[Kmap[m[K(initializer_list<value_type> __l, const allocator_type& __a)
      |       [01;36m[K^~~[m[K
[01m[K/usr/include/c++/11/bits/stl_map.h:250:7:[m[K [01;36m[Knote: [m[K  candidate expects 2 arguments, 3 provided
[01m[K/usr/include/c++/11/bits/stl_map.h:244:7:[m[K [01;36m[Knote: [m[Kcandidate: ‘[01m[Kstd::map<_Key, _Tp, _Compare, _Alloc>::map(std::map<_Key, _Tp, _Compare, _Alloc>&&, const allocator_type&) [with _Key = std::__cxx11::basic_string<char>; _Tp = std::function<double(double, double)>; _Compare = std::less<std::__cxx11::basic_string<char> >; _Alloc = std::allocator<std::pair<const std::__cxx11::basic_string<char>, std::function<double(double, double)> > >; std::map<_Key, _Tp, _Compare, _Alloc>::allocator_type = std::allocator<std::pair<const std::__cxx11::basic_string<char>, std::function<double(double, double)> > >][m[K’
  244 |       [01;36m[Kmap[m[K(map&& __m, const allocator_type& __a)
      |       [01;36m[K^~~[m[K
[01m[K/usr/include/c++/11/bits/stl_map.h:244:7:[m[K [01;36m[Knote: [m[K  candidate expects 2 arguments, 3 provided
[01m[K/usr/include/c++/11/bits/stl_map.h:240:7:[m[K [01;36m[Knote: [m[Kcandidate: ‘[01m[Kstd::map<_Key, _Tp, _Compare, _Alloc>::map(const std::map<_Key, _Tp, _Compare, _Alloc>&, const allocator_type&) [with _Key = std::__cxx11::basic_string<char>; _Tp = std::function<double(double, double)>; _Compare = std::less<std::__cxx11::basic_string<char> >; _Alloc = std::allocator<std::pair<const std::__cxx11::basic_string<char>, std::function<double(double, double)> > >; std::map<_Key, _Tp, _Compare, _Alloc>::allocator_type = std::allocator<std::pair<const std::__cxx11::basic_string<char>, std::function<double(double, double)> > >][m[K’
  240 |       [01;36m[Kmap[m[K(const map& __m, const allocator_type& __a)
      |       [01;36m[K^~~[m[K
[01m[K/usr/include/c++/11/bits/stl_map.h:240:7:[m[K [01;36m[Knote: [m[K  candidate expects 2 arguments, 3 provided
[01m[K/usr/include/c++/11/bits/stl_map.h:236:7:[m[K [01;36m[Knote: [m[Kcandidate: ‘[01m[Kstd::map<_Key, _Tp, _Compare, _Alloc>::map(const allocator_type&) [with _Key = std::__cxx11::basic_string<char>; _Tp = std::function<double(double, double)>; _Compare = std::less<std::__cxx11::basic_string<char> >; _Alloc = std::allocator<std::pair<const std::__cxx11::basic_string<char>, std::function<double(double, double)> > >; std::map<_Key, _Tp, _Compare, _Alloc>::allocator_type = std::allocator<std::pair<const std::__cxx11::basic_string<char>, std::function<double(double, double)> > >][m[K’
  236 |       [01;36m[Kmap[m[K(const allocator_type& __a)
      |       [01;36m[K^~~[m[K
[01m[K/usr/include/c++/11/bits/stl_map.h:236:7:[m[K [01;36m[Knote: [m[K  candidate expects 1 argument, 3 provided
[01m[K/usr/include/c++/11/bits/stl_map.h:228:7:[m[K [01;36m[Knote: [m[Kcandidate: ‘[01m[Kstd::map<_Key, _Tp, _Compare, _Alloc>::map(std::initializer_list<std::pair<const _Key, _Tp> >, const _Compare&, const allocator_type&) [with _Key = std::__cxx11::basic_string<char>; _Tp = std::function<double(double, double)>; _Compare = std::less<std::__cxx11::basic_string<char> >; _Alloc = std::allocator<std::pair<const std::__cxx11::basic_string<char>, std::function<double(double, double)> > >; std::map<_Key, _Tp, _Compare, _Alloc>::allocator_type = std::allocator<std::pair<const std::__cxx11::basic_string<char>, std::function<double(double, double)> > >][m[K’
  228 |       [01;36m[Kmap[m[K(initializer_list<value_type> __l,
      |       [01;36m[K^~~[m[K
[01m[K/usr/include/c++/11/bits/stl_map.h:228:40:[m[K [01;36m[Knote: [m[K  no known conversion for argument 1 from ‘[01m[K<brace-enclosed initializer list>[m[K’ to ‘[01m[Kstd::initializer_list<std::pair<const std::__cxx11::basic_string<char>, std::function<double(double, double)> > >[m[K’
  228 |       map([01;36m[Kinitializer_list<value_type> __l[m[K,
      |           [01;36m[K~~~~~~~~~~~~~~~~~~~~~~~~~~~~~^~~[m[K
[01m[K/usr/include/c++/11/bits/stl_map.h:215:7:[m[K [01;36m[Knote: [m[Kcandidate: ‘[01m[Kstd::map<_Key, _Tp, _Compare, _Alloc>::map(std::map<_Key, _Tp, _Compare, _Alloc>&&) [with _Key = std::__cxx11::basic_string<char>; _Tp = std::function<double(double, double)>; _Compare = std::less<std::__cxx11::basic_string<char> >; _Alloc = std::allocator<std::pair<const std::__cxx11::basic_string<char>, std::function<double(double, double)> > >][m[K’
  215 |       [01;36m[Kmap[m[K(map&&) = default;
      |       [01;36m[K^~~[m[K
[01m[K/usr/include/c++/11/bits/stl_map.h:215:7:[m[K [01;36m[Knote: [m[K  candidate expects 1 argument, 3 provided
[01m[K/usr/include/c++/11/bits/stl_map.h:207:7:[m[K [01;36m[Knote: [m[Kcandidate: ‘[01m[Kstd::map<_Key, _Tp, _Compare, _Alloc>::map(const std::map<_Key, _Tp, _Compare, _Alloc>&) [with _Key = std::__cxx11::basic_string<char>; _Tp = std::function<double(double, double)>; _Compare = std::less<std::__cxx11::basic_string<char> >; _Alloc = std::allocator<std::pair<const std::__cxx11::basic_string<char>, std::function<double(double, double)> > >][m[K’
  207 |       [01;36m[Kmap[m[K(const map&) = default;
      |       [01;36m[K^~~[m[K
[01m[K/usr/include/c++/11/bits/stl_map.h:207:7:[m[K [01;36m[Knote: [m[K  candidate expects 1 argument, 3 provided
[01m[K/usr/include/c++/11/bits/stl_map.h:194:7:[m[K [01;36m[Knote: [m[Kcandidate: ‘[01m[Kstd::map<_Key, _Tp, _Compare, _Alloc>::map(const _Compare&, const allocator_type&) [with _Key = std::__cxx11::basic_string<char>; _Tp = std::function<double(double, double)>; _Compare = std::less<std::__cxx11::basic_string<char> >; _Alloc = std::allocator<std::pair<const std::__cxx11::basic_string<char>, std::function<double(double, double)> > >; std::map<_Key, _Tp, _Compare, _Alloc>::allocator_type = std::allocator<std::pair<const std::__cxx11::basic_string<char>, std::function<double(double, double)> > >][m[K’
  194 |       [01;36m[Kmap[m[K(const _Compare& __comp,
      |       [01;36m[K^~~[m[K
[01m[K/usr/include/c++/11/bits/stl_map.h:194:7:[m[K [01;36m[Knote: [m[K  candidate expects 2 arguments, 3 provided
[01m[K/usr/include/c++/11/bits/stl_map.h:185:7:[m[K [01;36m[Knote: [m[Kcandidate: ‘[01m[Kstd::map<_Key, _Tp, _Compare, _Alloc>::map() [with _Key = std::__cxx11::basic_string<char>; _Tp = std::function<double(double, double)>; _Compare = std::less<std::__cxx11::basic_string<char> >; _Alloc = std::allocator<std::pair<const std::__cxx11::basic_string<char>, std::function<double(double, double)> > >][m[K’
  185 |       [01;36m[Kmap[m[K() = default;
      |       [01;36m[K^~~[m[K
[01m[K/usr/include/c++/11/bits/stl_map.h:185:7:[m[K [01;36m[Knote: [m[K  candidate expects 0 arguments, 3 provided
[01m[K/home/yjfy/桌面/workspace/demo_cpp_pkg/src/learn_function1.cpp:27:21:[m[K [01;31m[Kerror: [m[Kno match for ‘[01m[Koperator[][m[K’ (operand types are ‘[01m[Kstd::map<std::__cxx11::basic_string<char>, std::function<double(double, double)> >[m[K’ and ‘[01m[Kchar[m[K’)
   27 |     cout<<calculator[01;31m[K[[m[K'+'](1,2)<<endl;
      |                     [01;31m[K^[m[K
In file included from [01m[K/usr/include/c++/11/map:61[m[K,
                 from [01m[K/home/yjfy/桌面/workspace/demo_cpp_pkg/src/learn_function1.cpp:1[m[K:
[01m[K/usr/include/c++/11/bits/stl_map.h:492:7:[m[K [01;36m[Knote: [m[Kcandidate: ‘[01m[Kstd::map<_Key, _Tp, _Compare, _Alloc>::mapped_type& std::map<_Key, _Tp, _Compare, _Alloc>::operator[](const key_type&) [with _Key = std::__cxx11::basic_string<char>; _Tp = std::function<double(double, double)>; _Compare = std::less<std::__cxx11::basic_string<char> >; _Alloc = std::allocator<std::pair<const std::__cxx11::basic_string<char>, std::function<double(double, double)> > >; std::map<_Key, _Tp, _Compare, _Alloc>::mapped_type = std::function<double(double, double)>; std::map<_Key, _Tp, _Compare, _Alloc>::key_type = std::__cxx11::basic_string<char>][m[K’
  492 |       [01;36m[Koperator[m[K[](const key_type& __k)
      |       [01;36m[K^~~~~~~~[m[K
[01m[K/usr/include/c++/11/bits/stl_map.h:492:34:[m[K [01;36m[Knote: [m[K  no known conversion for argument 1 from ‘[01m[Kchar[m[K’ to ‘[01m[Kconst key_type&[m[K’ {aka ‘[01m[Kconst std::__cxx11::basic_string<char>&[m[K’}
  492 |       operator[]([01;36m[Kconst key_type& __k[m[K)
      |                  [01;36m[K~~~~~~~~~~~~~~~~^~~[m[K
[01m[K/usr/include/c++/11/bits/stl_map.h:512:7:[m[K [01;36m[Knote: [m[Kcandidate: ‘[01m[Kstd::map<_Key, _Tp, _Compare, _Alloc>::mapped_type& std::map<_Key, _Tp, _Compare, _Alloc>::operator[](std::map<_Key, _Tp, _Compare, _Alloc>::key_type&&) [with _Key = std::__cxx11::basic_string<char>; _Tp = std::function<double(double, double)>; _Compare = std::less<std::__cxx11::basic_string<char> >; _Alloc = std::allocator<std::pair<const std::__cxx11::basic_string<char>, std::function<double(double, double)> > >; std::map<_Key, _Tp, _Compare, _Alloc>::mapped_type = std::function<double(double, double)>; std::map<_Key, _Tp, _Compare, _Alloc>::key_type = std::__cxx11::basic_string<char>][m[K’
  512 |       [01;36m[Koperator[m[K[](key_type&& __k)
      |       [01;36m[K^~~~~~~~[m[K
[01m[K/usr/include/c++/11/bits/stl_map.h:512:29:[m[K [01;36m[Knote: [m[K  no known conversion for argument 1 from ‘[01m[Kchar[m[K’ to ‘[01m[Kstd::map<std::__cxx11::basic_string<char>, std::function<double(double, double)> >::key_type&&[m[K’ {aka ‘[01m[Kstd::__cxx11::basic_string<char>&&[m[K’}
  512 |       operator[]([01;36m[Kkey_type&& __k[m[K)
      |                  [01;36m[K~~~~~~~~~~~^~~[m[K
[01m[K/home/yjfy/桌面/workspace/demo_cpp_pkg/src/learn_function1.cpp:28:21:[m[K [01;31m[Kerror: [m[Kno match for ‘[01m[Koperator[][m[K’ (operand types are ‘[01m[Kstd::map<std::__cxx11::basic_string<char>, std::function<double(double, double)> >[m[K’ and ‘[01m[Kchar[m[K’)
   28 |     cout<<calculator[01;31m[K[[m[K'-'](13.0,6.2)<<endl;
      |                     [01;31m[K^[m[K
In file included from [01m[K/usr/include/c++/11/map:61[m[K,
                 from [01m[K/home/yjfy/桌面/workspace/demo_cpp_pkg/src/learn_function1.cpp:1[m[K:
[01m[K/usr/include/c++/11/bits/stl_map.h:492:7:[m[K [01;36m[Knote: [m[Kcandidate: ‘[01m[Kstd::map<_Key, _Tp, _Compare, _Alloc>::mapped_type& std::map<_Key, _Tp, _Compare, _Alloc>::operator[](const key_type&) [with _Key = std::__cxx11::basic_string<char>; _Tp = std::function<double(double, double)>; _Compare = std::less<std::__cxx11::basic_string<char> >; _Alloc = std::allocator<std::pair<const std::__cxx11::basic_string<char>, std::function<double(double, double)> > >; std::map<_Key, _Tp, _Compare, _Alloc>::mapped_type = std::function<double(double, double)>; std::map<_Key, _Tp, _Compare, _Alloc>::key_type = std::__cxx11::basic_string<char>][m[K’
  492 |       [01;36m[Koperator[m[K[](const key_type& __k)
      |       [01;36m[K^~~~~~~~[m[K
[01m[K/usr/include/c++/11/bits/stl_map.h:492:34:[m[K [01;36m[Knote: [m[K  no known conversion for argument 1 from ‘[01m[Kchar[m[K’ to ‘[01m[Kconst key_type&[m[K’ {aka ‘[01m[Kconst std::__cxx11::basic_string<char>&[m[K’}
  492 |       operator[]([01;36m[Kconst key_type& __k[m[K)
      |                  [01;36m[K~~~~~~~~~~~~~~~~^~~[m[K
[01m[K/usr/include/c++/11/bits/stl_map.h:512:7:[m[K [01;36m[Knote: [m[Kcandidate: ‘[01m[Kstd::map<_Key, _Tp, _Compare, _Alloc>::mapped_type& std::map<_Key, _Tp, _Compare, _Alloc>::operator[](std::map<_Key, _Tp, _Compare, _Alloc>::key_type&&) [with _Key = std::__cxx11::basic_string<char>; _Tp = std::function<double(double, double)>; _Compare = std::less<std::__cxx11::basic_string<char> >; _Alloc = std::allocator<std::pair<const std::__cxx11::basic_string<char>, std::function<double(double, double)> > >; std::map<_Key, _Tp, _Compare, _Alloc>::mapped_type = std::function<double(double, double)>; std::map<_Key, _Tp, _Compare, _Alloc>::key_type = std::__cxx11::basic_string<char>][m[K’
  512 |       [01;36m[Koperator[m[K[](key_type&& __k)
      |       [01;36m[K^~~~~~~~[m[K
[01m[K/usr/include/c++/11/bits/stl_map.h:512:29:[m[K [01;36m[Knote: [m[K  no known conversion for argument 1 from ‘[01m[Kchar[m[K’ to ‘[01m[Kstd::map<std::__cxx11::basic_string<char>, std::function<double(double, double)> >::key_type&&[m[K’ {aka ‘[01m[Kstd::__cxx11::basic_string<char>&&[m[K’}
  512 |       operator[]([01;36m[Kkey_type&& __k[m[K)
      |                  [01;36m[K~~~~~~~~~~~^~~[m[K
[01m[K/home/yjfy/桌面/workspace/demo_cpp_pkg/src/learn_function1.cpp:29:21:[m[K [01;31m[Kerror: [m[Kno match for ‘[01m[Koperator[][m[K’ (operand types are ‘[01m[Kstd::map<std::__cxx11::basic_string<char>, std::function<double(double, double)> >[m[K’ and ‘[01m[Kchar[m[K’)
   29 |     cout<<calculator[01;31m[K[[m[K'*'](3.0,4.0)<<endl;
      |                     [01;31m[K^[m[K
In file included from [01m[K/usr/include/c++/11/map:61[m[K,
                 from [01m[K/home/yjfy/桌面/workspace/demo_cpp_pkg/src/learn_function1.cpp:1[m[K:
[01m[K/usr/include/c++/11/bits/stl_map.h:492:7:[m[K [01;36m[Knote: [m[Kcandidate: ‘[01m[Kstd::map<_Key, _Tp, _Compare, _Alloc>::mapped_type& std::map<_Key, _Tp, _Compare, _Alloc>::operator[](const key_type&) [with _Key = std::__cxx11::basic_string<char>; _Tp = std::function<double(double, double)>; _Compare = std::less<std::__cxx11::basic_string<char> >; _Alloc = std::allocator<std::pair<const std::__cxx11::basic_string<char>, std::function<double(double, double)> > >; std::map<_Key, _Tp, _Compare, _Alloc>::mapped_type = std::function<double(double, double)>; std::map<_Key, _Tp, _Compare, _Alloc>::key_type = std::__cxx11::basic_string<char>][m[K’
  492 |       [01;36m[Koperator[m[K[](const key_type& __k)
      |       [01;36m[K^~~~~~~~[m[K
[01m[K/usr/include/c++/11/bits/stl_map.h:492:34:[m[K [01;36m[Knote: [m[K  no known conversion for argument 1 from ‘[01m[Kchar[m[K’ to ‘[01m[Kconst key_type&[m[K’ {aka ‘[01m[Kconst std::__cxx11::basic_string<char>&[m[K’}
  492 |       operator[]([01;36m[Kconst key_type& __k[m[K)
      |                  [01;36m[K~~~~~~~~~~~~~~~~^~~[m[K
[01m[K/usr/include/c++/11/bits/stl_map.h:512:7:[m[K [01;36m[Knote: [m[Kcandidate: ‘[01m[Kstd::map<_Key, _Tp, _Compare, _Alloc>::mapped_type& std::map<_Key, _Tp, _Compare, _Alloc>::operator[](std::map<_Key, _Tp, _Compare, _Alloc>::key_type&&) [with _Key = std::__cxx11::basic_string<char>; _Tp = std::function<double(double, double)>; _Compare = std::less<std::__cxx11::basic_string<char> >; _Alloc = std::allocator<std::pair<const std::__cxx11::basic_string<char>, std::function<double(double, double)> > >; std::map<_Key, _Tp, _Compare, _Alloc>::mapped_type = std::function<double(double, double)>; std::map<_Key, _Tp, _Compare, _Alloc>::key_type = std::__cxx11::basic_string<char>][m[K’
  512 |       [01;36m[Koperator[m[K[](key_type&& __k)
      |       [01;36m[K^~~~~~~~[m[K
[01m[K/usr/include/c++/11/bits/stl_map.h:512:29:[m[K [01;36m[Knote: [m[K  no known conversion for argument 1 from ‘[01m[Kchar[m[K’ to ‘[01m[Kstd::map<std::__cxx11::basic_string<char>, std::function<double(double, double)> >::key_type&&[m[K’ {aka ‘[01m[Kstd::__cxx11::basic_string<char>&&[m[K’}
  512 |       operator[]([01;36m[Kkey_type&& __k[m[K)
      |                  [01;36m[K~~~~~~~~~~~^~~[m[K
gmake[2]: *** [CMakeFiles/learn_function1.dir/build.make:76：CMakeFiles/learn_function1.dir/src/learn_function1.cpp.o] 错误 1
gmake[1]: *** [CMakeFiles/Makefile2:221：CMakeFiles/learn_function1.dir/all] 错误 2
gmake: *** [Makefile:146：all] 错误 2
