[0.006s] Invoking command in '/home/yjfy/桌面/workspace/demo_cpp_pkg/build/demo_cpp_pkg': CMAKE_PREFIX_PATH=/opt/ros/humble /usr/bin/cmake --build /home/yjfy/桌面/workspace/demo_cpp_pkg/build/demo_cpp_pkg -- -j24 -l24
[0.023s] -- Found ament_cmake: 1.3.13 (/opt/ros/humble/share/ament_cmake/cmake)
[0.101s] -- Found rclcpp: 16.0.18 (/opt/ros/humble/share/rclcpp/cmake)
[0.116s] -- Found rosidl_generator_c: 3.1.8 (/opt/ros/humble/share/rosidl_generator_c/cmake)
[0.118s] -- Found rosidl_adapter: 3.1.8 (/opt/ros/humble/share/rosidl_adapter/cmake)
[0.121s] -- Found rosidl_generator_cpp: 3.1.8 (/opt/ros/humble/share/rosidl_generator_cpp/cmake)
[0.127s] -- Using all available rosidl_typesupport_c: rosidl_typesupport_fastrtps_c;rosidl_typesupport_introspection_c
[0.134s] -- Using all available rosidl_typesupport_cpp: rosidl_typesupport_fastrtps_cpp;rosidl_typesupport_introspection_cpp
[0.152s] -- Found rmw_implementation_cmake: 6.1.2 (/opt/ros/humble/share/rmw_implementation_cmake/cmake)
[0.153s] -- Found rmw_fastrtps_cpp: 6.2.10 (/opt/ros/humble/share/rmw_fastrtps_cpp/cmake)
[0.211s] -- Using RMW implementation 'rmw_fastrtps_cpp' as default
[0.238s] -- Found ament_lint_auto: 0.12.15 (/opt/ros/humble/share/ament_lint_auto/cmake)
[0.288s] -- Added test 'cppcheck' to perform static code analysis on C / C++ code
[0.288s] -- Configured cppcheck include dirs: /home/yjfy/桌面/workspace/demo_cpp_pkg/include
[0.288s] -- Configured cppcheck exclude dirs and/or files: 
[0.289s] -- Added test 'flake8' to check Python code syntax and style conventions
[0.291s] -- Added test 'lint_cmake' to check CMake code style
[0.292s] -- Added test 'pep257' to check Python code against some of the docstring style conventions in PEP 257
[0.299s] -- Added test 'uncrustify' to check C / C++ code style
[0.299s] -- Configured uncrustify additional arguments: 
[0.300s] -- Added test 'xmllint' to check XML markup files
[0.300s] -- Configuring done
[0.306s] -- Generating done
[0.308s] -- Build files have been written to: /home/yjfy/桌面/workspace/demo_cpp_pkg/build/demo_cpp_pkg
[0.326s] [35m[1mConsolidate compiler generated dependencies of target learn_function[0m
[0.326s] [35m[1mConsolidate compiler generated dependencies of target cpp_node[0m
[0.326s] [35m[1mConsolidate compiler generated dependencies of target person_node[0m
[0.334s] [ 12%] [32mBuilding CXX object CMakeFiles/learn_function1.dir/src/learn_function1.cpp.o[0m
[0.334s] [ 25%] [32mBuilding CXX object CMakeFiles/learn_function.dir/src/learn_function.cpp.o[0m
[0.338s] [ 37%] [32mBuilding CXX object CMakeFiles/cpp_node.dir/src/cpp_node.cpp.o[0m
[0.339s] [ 50%] [32mBuilding CXX object CMakeFiles/person_node.dir/src/person_node.cpp.o[0m
[0.493s] [01m[K/home/yjfy/桌面/workspace/demo_cpp_pkg/src/learn_function1.cpp:17:2:[m[K [01;31m[Kerror: [m[Kexpected ‘[01m[K;[m[K’ after struct definition
[0.493s]    17 | }
[0.493s]       |  [01;31m[K^[m[K
[0.493s]       |  [32m[K;[m[K
[0.498s] [01m[K/home/yjfy/桌面/workspace/demo_cpp_pkg/src/learn_function1.cpp:[m[K In function ‘[01m[Kint main()[m[K’:
[0.498s] [01m[K/home/yjfy/桌面/workspace/demo_cpp_pkg/src/learn_function1.cpp:25:5:[m[K [01;31m[Kerror: [m[Kno matching function for call to ‘[01m[Kstd::map<std::__cxx11::basic_string<char>, std::function<double(double, double)> >::map(<brace-enclosed initializer list>)[m[K’
[0.498s]    25 |     [01;31m[K}[m[K;
[0.498s]       |     [01;31m[K^[m[K
[0.500s] In file included from [01m[K/usr/include/c++/11/map:61[m[K,
[0.500s]                  from [01m[K/home/yjfy/桌面/workspace/demo_cpp_pkg/src/learn_function1.cpp:1[m[K:
[0.500s] [01m[K/usr/include/c++/11/bits/stl_map.h:290:9:[m[K [01;36m[Knote: [m[Kcandidate: ‘[01m[Ktemplate<class _InputIterator> std::map<_Key, _Tp, _Compare, _Alloc>::map(_InputIterator, _InputIterator, const _Compare&, const allocator_type&) [with _InputIterator = _InputIterator; _Key = std::__cxx11::basic_string<char>; _Tp = std::function<double(double, double)>; _Compare = std::less<std::__cxx11::basic_string<char> >; _Alloc = std::allocator<std::pair<const std::__cxx11::basic_string<char>, std::function<double(double, double)> > >][m[K’
[0.500s]   290 |         [01;36m[Kmap[m[K(_InputIterator __first, _InputIterator __last,
[0.500s]       |         [01;36m[K^~~[m[K
[0.500s] [01m[K/usr/include/c++/11/bits/stl_map.h:290:9:[m[K [01;36m[Knote: [m[K  template argument deduction/substitution failed:
[0.501s] [01m[K/home/yjfy/桌面/workspace/demo_cpp_pkg/src/learn_function1.cpp:25:5:[m[K [01;36m[Knote: [m[K  couldn’t deduce template parameter ‘[01m[K_InputIterator[m[K’
[0.501s]    25 |     [01;36m[K}[m[K;
[0.501s]       |     [01;36m[K^[m[K
[0.501s] In file included from [01m[K/usr/include/c++/11/map:61[m[K,
[0.501s]                  from [01m[K/home/yjfy/桌面/workspace/demo_cpp_pkg/src/learn_function1.cpp:1[m[K:
[0.501s] [01m[K/usr/include/c++/11/bits/stl_map.h:273:9:[m[K [01;36m[Knote: [m[Kcandidate: ‘[01m[Ktemplate<class _InputIterator> std::map<_Key, _Tp, _Compare, _Alloc>::map(_InputIterator, _InputIterator) [with _InputIterator = _InputIterator; _Key = std::__cxx11::basic_string<char>; _Tp = std::function<double(double, double)>; _Compare = std::less<std::__cxx11::basic_string<char> >; _Alloc = std::allocator<std::pair<const std::__cxx11::basic_string<char>, std::function<double(double, double)> > >][m[K’
[0.501s]   273 |         [01;36m[Kmap[m[K(_InputIterator __first, _InputIterator __last)
[0.501s]       |         [01;36m[K^~~[m[K
[0.501s] [01m[K/usr/include/c++/11/bits/stl_map.h:273:9:[m[K [01;36m[Knote: [m[K  template argument deduction/substitution failed:
[0.501s] [01m[K/home/yjfy/桌面/workspace/demo_cpp_pkg/src/learn_function1.cpp:25:5:[m[K [01;36m[Knote: [m[K  candidate expects 2 arguments, 3 provided
[0.501s]    25 |     [01;36m[K}[m[K;
[0.501s]       |     [01;36m[K^[m[K
[0.501s] In file included from [01m[K/usr/include/c++/11/map:61[m[K,
[0.501s]                  from [01m[K/home/yjfy/桌面/workspace/demo_cpp_pkg/src/learn_function1.cpp:1[m[K:
[0.501s] [01m[K/usr/include/c++/11/bits/stl_map.h:256:9:[m[K [01;36m[Knote: [m[Kcandidate: ‘[01m[Ktemplate<class _InputIterator> std::map<_Key, _Tp, _Compare, _Alloc>::map(_InputIterator, _InputIterator, const allocator_type&) [with _InputIterator = _InputIterator; _Key = std::__cxx11::basic_string<char>; _Tp = std::function<double(double, double)>; _Compare = std::less<std::__cxx11::basic_string<char> >; _Alloc = std::allocator<std::pair<const std::__cxx11::basic_string<char>, std::function<double(double, double)> > >][m[K’
[0.501s]   256 |         [01;36m[Kmap[m[K(_InputIterator __first, _InputIterator __last,
[0.501s]       |         [01;36m[K^~~[m[K
[0.501s] [01m[K/usr/include/c++/11/bits/stl_map.h:256:9:[m[K [01;36m[Knote: [m[K  template argument deduction/substitution failed:
[0.501s] [01m[K/home/yjfy/桌面/workspace/demo_cpp_pkg/src/learn_function1.cpp:25:5:[m[K [01;36m[Knote: [m[K  couldn’t deduce template parameter ‘[01m[K_InputIterator[m[K’
[0.501s]    25 |     [01;36m[K}[m[K;
[0.501s]       |     [01;36m[K^[m[K
[0.501s] In file included from [01m[K/usr/include/c++/11/map:61[m[K,
[0.501s]                  from [01m[K/home/yjfy/桌面/workspace/demo_cpp_pkg/src/learn_function1.cpp:1[m[K:
[0.501s] [01m[K/usr/include/c++/11/bits/stl_map.h:250:7:[m[K [01;36m[Knote: [m[Kcandidate: ‘[01m[Kstd::map<_Key, _Tp, _Compare, _Alloc>::map(std::initializer_list<std::pair<const _Key, _Tp> >, const allocator_type&) [with _Key = std::__cxx11::basic_string<char>; _Tp = std::function<double(double, double)>; _Compare = std::less<std::__cxx11::basic_string<char> >; _Alloc = std::allocator<std::pair<const std::__cxx11::basic_string<char>, std::function<double(double, double)> > >; std::map<_Key, _Tp, _Compare, _Alloc>::allocator_type = std::allocator<std::pair<const std::__cxx11::basic_string<char>, std::function<double(double, double)> > >][m[K’
[0.501s]   250 |       [01;36m[Kmap[m[K(initializer_list<value_type> __l, const allocator_type& __a)
[0.501s]       |       [01;36m[K^~~[m[K
[0.501s] [01m[K/usr/include/c++/11/bits/stl_map.h:250:7:[m[K [01;36m[Knote: [m[K  candidate expects 2 arguments, 3 provided
[0.501s] [01m[K/usr/include/c++/11/bits/stl_map.h:244:7:[m[K [01;36m[Knote: [m[Kcandidate: ‘[01m[Kstd::map<_Key, _Tp, _Compare, _Alloc>::map(std::map<_Key, _Tp, _Compare, _Alloc>&&, const allocator_type&) [with _Key = std::__cxx11::basic_string<char>; _Tp = std::function<double(double, double)>; _Compare = std::less<std::__cxx11::basic_string<char> >; _Alloc = std::allocator<std::pair<const std::__cxx11::basic_string<char>, std::function<double(double, double)> > >; std::map<_Key, _Tp, _Compare, _Alloc>::allocator_type = std::allocator<std::pair<const std::__cxx11::basic_string<char>, std::function<double(double, double)> > >][m[K’
[0.501s]   244 |       [01;36m[Kmap[m[K(map&& __m, const allocator_type& __a)
[0.501s]       |       [01;36m[K^~~[m[K
[0.502s] [01m[K/usr/include/c++/11/bits/stl_map.h:244:7:[m[K [01;36m[Knote: [m[K  candidate expects 2 arguments, 3 provided
[0.502s] [01m[K/usr/include/c++/11/bits/stl_map.h:240:7:[m[K [01;36m[Knote: [m[Kcandidate: ‘[01m[Kstd::map<_Key, _Tp, _Compare, _Alloc>::map(const std::map<_Key, _Tp, _Compare, _Alloc>&, const allocator_type&) [with _Key = std::__cxx11::basic_string<char>; _Tp = std::function<double(double, double)>; _Compare = std::less<std::__cxx11::basic_string<char> >; _Alloc = std::allocator<std::pair<const std::__cxx11::basic_string<char>, std::function<double(double, double)> > >; std::map<_Key, _Tp, _Compare, _Alloc>::allocator_type = std::allocator<std::pair<const std::__cxx11::basic_string<char>, std::function<double(double, double)> > >][m[K’
[0.502s]   240 |       [01;36m[Kmap[m[K(const map& __m, const allocator_type& __a)
[0.502s]       |       [01;36m[K^~~[m[K
[0.502s] [01m[K/usr/include/c++/11/bits/stl_map.h:240:7:[m[K [01;36m[Knote: [m[K  candidate expects 2 arguments, 3 provided
[0.502s] [01m[K/usr/include/c++/11/bits/stl_map.h:236:7:[m[K [01;36m[Knote: [m[Kcandidate: ‘[01m[Kstd::map<_Key, _Tp, _Compare, _Alloc>::map(const allocator_type&) [with _Key = std::__cxx11::basic_string<char>; _Tp = std::function<double(double, double)>; _Compare = std::less<std::__cxx11::basic_string<char> >; _Alloc = std::allocator<std::pair<const std::__cxx11::basic_string<char>, std::function<double(double, double)> > >; std::map<_Key, _Tp, _Compare, _Alloc>::allocator_type = std::allocator<std::pair<const std::__cxx11::basic_string<char>, std::function<double(double, double)> > >][m[K’
[0.502s]   236 |       [01;36m[Kmap[m[K(const allocator_type& __a)
[0.502s]       |       [01;36m[K^~~[m[K
[0.502s] [01m[K/usr/include/c++/11/bits/stl_map.h:236:7:[m[K [01;36m[Knote: [m[K  candidate expects 1 argument, 3 provided
[0.502s] [01m[K/usr/include/c++/11/bits/stl_map.h:228:7:[m[K [01;36m[Knote: [m[Kcandidate: ‘[01m[Kstd::map<_Key, _Tp, _Compare, _Alloc>::map(std::initializer_list<std::pair<const _Key, _Tp> >, const _Compare&, const allocator_type&) [with _Key = std::__cxx11::basic_string<char>; _Tp = std::function<double(double, double)>; _Compare = std::less<std::__cxx11::basic_string<char> >; _Alloc = std::allocator<std::pair<const std::__cxx11::basic_string<char>, std::function<double(double, double)> > >; std::map<_Key, _Tp, _Compare, _Alloc>::allocator_type = std::allocator<std::pair<const std::__cxx11::basic_string<char>, std::function<double(double, double)> > >][m[K’
[0.502s]   228 |       [01;36m[Kmap[m[K(initializer_list<value_type> __l,
[0.502s]       |       [01;36m[K^~~[m[K
[0.502s] [01m[K/usr/include/c++/11/bits/stl_map.h:228:40:[m[K [01;36m[Knote: [m[K  no known conversion for argument 1 from ‘[01m[K<brace-enclosed initializer list>[m[K’ to ‘[01m[Kstd::initializer_list<std::pair<const std::__cxx11::basic_string<char>, std::function<double(double, double)> > >[m[K’
[0.502s]   228 |       map([01;36m[Kinitializer_list<value_type> __l[m[K,
[0.502s]       |           [01;36m[K~~~~~~~~~~~~~~~~~~~~~~~~~~~~~^~~[m[K
[0.502s] [01m[K/usr/include/c++/11/bits/stl_map.h:215:7:[m[K [01;36m[Knote: [m[Kcandidate: ‘[01m[Kstd::map<_Key, _Tp, _Compare, _Alloc>::map(std::map<_Key, _Tp, _Compare, _Alloc>&&) [with _Key = std::__cxx11::basic_string<char>; _Tp = std::function<double(double, double)>; _Compare = std::less<std::__cxx11::basic_string<char> >; _Alloc = std::allocator<std::pair<const std::__cxx11::basic_string<char>, std::function<double(double, double)> > >][m[K’
[0.502s]   215 |       [01;36m[Kmap[m[K(map&&) = default;
[0.502s]       |       [01;36m[K^~~[m[K
[0.502s] [01m[K/usr/include/c++/11/bits/stl_map.h:215:7:[m[K [01;36m[Knote: [m[K  candidate expects 1 argument, 3 provided
[0.502s] [01m[K/usr/include/c++/11/bits/stl_map.h:207:7:[m[K [01;36m[Knote: [m[Kcandidate: ‘[01m[Kstd::map<_Key, _Tp, _Compare, _Alloc>::map(const std::map<_Key, _Tp, _Compare, _Alloc>&) [with _Key = std::__cxx11::basic_string<char>; _Tp = std::function<double(double, double)>; _Compare = std::less<std::__cxx11::basic_string<char> >; _Alloc = std::allocator<std::pair<const std::__cxx11::basic_string<char>, std::function<double(double, double)> > >][m[K’
[0.502s]   207 |       [01;36m[Kmap[m[K(const map&) = default;
[0.502s]       |       [01;36m[K^~~[m[K
[0.502s] [01m[K/usr/include/c++/11/bits/stl_map.h:207:7:[m[K [01;36m[Knote: [m[K  candidate expects 1 argument, 3 provided
[0.502s] [01m[K/usr/include/c++/11/bits/stl_map.h:194:7:[m[K [01;36m[Knote: [m[Kcandidate: ‘[01m[Kstd::map<_Key, _Tp, _Compare, _Alloc>::map(const _Compare&, const allocator_type&) [with _Key = std::__cxx11::basic_string<char>; _Tp = std::function<double(double, double)>; _Compare = std::less<std::__cxx11::basic_string<char> >; _Alloc = std::allocator<std::pair<const std::__cxx11::basic_string<char>, std::function<double(double, double)> > >; std::map<_Key, _Tp, _Compare, _Alloc>::allocator_type = std::allocator<std::pair<const std::__cxx11::basic_string<char>, std::function<double(double, double)> > >][m[K’
[0.502s]   194 |       [01;36m[Kmap[m[K(const _Compare& __comp,
[0.502s]       |       [01;36m[K^~~[m[K
[0.502s] [01m[K/usr/include/c++/11/bits/stl_map.h:194:7:[m[K [01;36m[Knote: [m[K  candidate expects 2 arguments, 3 provided
[0.502s] [01m[K/usr/include/c++/11/bits/stl_map.h:185:7:[m[K [01;36m[Knote: [m[Kcandidate: ‘[01m[Kstd::map<_Key, _Tp, _Compare, _Alloc>::map() [with _Key = std::__cxx11::basic_string<char>; _Tp = std::function<double(double, double)>; _Compare = std::less<std::__cxx11::basic_string<char> >; _Alloc = std::allocator<std::pair<const std::__cxx11::basic_string<char>, std::function<double(double, double)> > >][m[K’
[0.502s]   185 |       [01;36m[Kmap[m[K() = default;
[0.502s]       |       [01;36m[K^~~[m[K
[0.502s] [01m[K/usr/include/c++/11/bits/stl_map.h:185:7:[m[K [01;36m[Knote: [m[K  candidate expects 0 arguments, 3 provided
[0.502s] [01m[K/home/yjfy/桌面/workspace/demo_cpp_pkg/src/learn_function1.cpp:27:21:[m[K [01;31m[Kerror: [m[Kno match for ‘[01m[Koperator[][m[K’ (operand types are ‘[01m[Kstd::map<std::__cxx11::basic_string<char>, std::function<double(double, double)> >[m[K’ and ‘[01m[Kchar[m[K’)
[0.502s]    27 |     cout<<calculator[01;31m[K[[m[K'+'](1,2)<<endl;
[0.502s]       |                     [01;31m[K^[m[K
[0.502s] In file included from [01m[K/usr/include/c++/11/map:61[m[K,
[0.502s]                  from [01m[K/home/yjfy/桌面/workspace/demo_cpp_pkg/src/learn_function1.cpp:1[m[K:
[0.502s] [01m[K/usr/include/c++/11/bits/stl_map.h:492:7:[m[K [01;36m[Knote: [m[Kcandidate: ‘[01m[Kstd::map<_Key, _Tp, _Compare, _Alloc>::mapped_type& std::map<_Key, _Tp, _Compare, _Alloc>::operator[](const key_type&) [with _Key = std::__cxx11::basic_string<char>; _Tp = std::function<double(double, double)>; _Compare = std::less<std::__cxx11::basic_string<char> >; _Alloc = std::allocator<std::pair<const std::__cxx11::basic_string<char>, std::function<double(double, double)> > >; std::map<_Key, _Tp, _Compare, _Alloc>::mapped_type = std::function<double(double, double)>; std::map<_Key, _Tp, _Compare, _Alloc>::key_type = std::__cxx11::basic_string<char>][m[K’
[0.502s]   492 |       [01;36m[Koperator[m[K[](const key_type& __k)
[0.502s]       |       [01;36m[K^~~~~~~~[m[K
[0.502s] [01m[K/usr/include/c++/11/bits/stl_map.h:492:34:[m[K [01;36m[Knote: [m[K  no known conversion for argument 1 from ‘[01m[Kchar[m[K’ to ‘[01m[Kconst key_type&[m[K’ {aka ‘[01m[Kconst std::__cxx11::basic_string<char>&[m[K’}
[0.502s]   492 |       operator[]([01;36m[Kconst key_type& __k[m[K)
[0.502s]       |                  [01;36m[K~~~~~~~~~~~~~~~~^~~[m[K
[0.502s] [01m[K/usr/include/c++/11/bits/stl_map.h:512:7:[m[K [01;36m[Knote: [m[Kcandidate: ‘[01m[Kstd::map<_Key, _Tp, _Compare, _Alloc>::mapped_type& std::map<_Key, _Tp, _Compare, _Alloc>::operator[](std::map<_Key, _Tp, _Compare, _Alloc>::key_type&&) [with _Key = std::__cxx11::basic_string<char>; _Tp = std::function<double(double, double)>; _Compare = std::less<std::__cxx11::basic_string<char> >; _Alloc = std::allocator<std::pair<const std::__cxx11::basic_string<char>, std::function<double(double, double)> > >; std::map<_Key, _Tp, _Compare, _Alloc>::mapped_type = std::function<double(double, double)>; std::map<_Key, _Tp, _Compare, _Alloc>::key_type = std::__cxx11::basic_string<char>][m[K’
[0.502s]   512 |       [01;36m[Koperator[m[K[](key_type&& __k)
[0.502s]       |       [01;36m[K^~~~~~~~[m[K
[0.502s] [01m[K/usr/include/c++/11/bits/stl_map.h:512:29:[m[K [01;36m[Knote: [m[K  no known conversion for argument 1 from ‘[01m[Kchar[m[K’ to ‘[01m[Kstd::map<std::__cxx11::basic_string<char>, std::function<double(double, double)> >::key_type&&[m[K’ {aka ‘[01m[Kstd::__cxx11::basic_string<char>&&[m[K’}
[0.502s]   512 |       operator[]([01;36m[Kkey_type&& __k[m[K)
[0.502s]       |                  [01;36m[K~~~~~~~~~~~^~~[m[K
[0.503s] [01m[K/home/yjfy/桌面/workspace/demo_cpp_pkg/src/learn_function1.cpp:28:21:[m[K [01;31m[Kerror: [m[Kno match for ‘[01m[Koperator[][m[K’ (operand types are ‘[01m[Kstd::map<std::__cxx11::basic_string<char>, std::function<double(double, double)> >[m[K’ and ‘[01m[Kchar[m[K’)
[0.503s]    28 |     cout<<calculator[01;31m[K[[m[K'-'](13.0,6.2)<<endl;
[0.503s]       |                     [01;31m[K^[m[K
[0.503s] In file included from [01m[K/usr/include/c++/11/map:61[m[K,
[0.503s]                  from [01m[K/home/yjfy/桌面/workspace/demo_cpp_pkg/src/learn_function1.cpp:1[m[K:
[0.503s] [01m[K/usr/include/c++/11/bits/stl_map.h:492:7:[m[K [01;36m[Knote: [m[Kcandidate: ‘[01m[Kstd::map<_Key, _Tp, _Compare, _Alloc>::mapped_type& std::map<_Key, _Tp, _Compare, _Alloc>::operator[](const key_type&) [with _Key = std::__cxx11::basic_string<char>; _Tp = std::function<double(double, double)>; _Compare = std::less<std::__cxx11::basic_string<char> >; _Alloc = std::allocator<std::pair<const std::__cxx11::basic_string<char>, std::function<double(double, double)> > >; std::map<_Key, _Tp, _Compare, _Alloc>::mapped_type = std::function<double(double, double)>; std::map<_Key, _Tp, _Compare, _Alloc>::key_type = std::__cxx11::basic_string<char>][m[K’
[0.503s]   492 |       [01;36m[Koperator[m[K[](const key_type& __k)
[0.503s]       |       [01;36m[K^~~~~~~~[m[K
[0.503s] [01m[K/usr/include/c++/11/bits/stl_map.h:492:34:[m[K [01;36m[Knote: [m[K  no known conversion for argument 1 from ‘[01m[Kchar[m[K’ to ‘[01m[Kconst key_type&[m[K’ {aka ‘[01m[Kconst std::__cxx11::basic_string<char>&[m[K’}
[0.503s]   492 |       operator[]([01;36m[Kconst key_type& __k[m[K)
[0.503s]       |                  [01;36m[K~~~~~~~~~~~~~~~~^~~[m[K
[0.503s] [01m[K/usr/include/c++/11/bits/stl_map.h:512:7:[m[K [01;36m[Knote: [m[Kcandidate: ‘[01m[Kstd::map<_Key, _Tp, _Compare, _Alloc>::mapped_type& std::map<_Key, _Tp, _Compare, _Alloc>::operator[](std::map<_Key, _Tp, _Compare, _Alloc>::key_type&&) [with _Key = std::__cxx11::basic_string<char>; _Tp = std::function<double(double, double)>; _Compare = std::less<std::__cxx11::basic_string<char> >; _Alloc = std::allocator<std::pair<const std::__cxx11::basic_string<char>, std::function<double(double, double)> > >; std::map<_Key, _Tp, _Compare, _Alloc>::mapped_type = std::function<double(double, double)>; std::map<_Key, _Tp, _Compare, _Alloc>::key_type = std::__cxx11::basic_string<char>][m[K’
[0.503s]   512 |       [01;36m[Koperator[m[K[](key_type&& __k)
[0.503s]       |       [01;36m[K^~~~~~~~[m[K
[0.503s] [01m[K/usr/include/c++/11/bits/stl_map.h:512:29:[m[K [01;36m[Knote: [m[K  no known conversion for argument 1 from ‘[01m[Kchar[m[K’ to ‘[01m[Kstd::map<std::__cxx11::basic_string<char>, std::function<double(double, double)> >::key_type&&[m[K’ {aka ‘[01m[Kstd::__cxx11::basic_string<char>&&[m[K’}
[0.503s]   512 |       operator[]([01;36m[Kkey_type&& __k[m[K)
[0.503s]       |                  [01;36m[K~~~~~~~~~~~^~~[m[K
[0.503s] [01m[K/home/yjfy/桌面/workspace/demo_cpp_pkg/src/learn_function1.cpp:29:21:[m[K [01;31m[Kerror: [m[Kno match for ‘[01m[Koperator[][m[K’ (operand types are ‘[01m[Kstd::map<std::__cxx11::basic_string<char>, std::function<double(double, double)> >[m[K’ and ‘[01m[Kchar[m[K’)
[0.503s]    29 |     cout<<calculator[01;31m[K[[m[K'*'](3.0,4.0)<<endl;
[0.503s]       |                     [01;31m[K^[m[K
[0.503s] In file included from [01m[K/usr/include/c++/11/map:61[m[K,
[0.503s]                  from [01m[K/home/yjfy/桌面/workspace/demo_cpp_pkg/src/learn_function1.cpp:1[m[K:
[0.503s] [01m[K/usr/include/c++/11/bits/stl_map.h:492:7:[m[K [01;36m[Knote: [m[Kcandidate: ‘[01m[Kstd::map<_Key, _Tp, _Compare, _Alloc>::mapped_type& std::map<_Key, _Tp, _Compare, _Alloc>::operator[](const key_type&) [with _Key = std::__cxx11::basic_string<char>; _Tp = std::function<double(double, double)>; _Compare = std::less<std::__cxx11::basic_string<char> >; _Alloc = std::allocator<std::pair<const std::__cxx11::basic_string<char>, std::function<double(double, double)> > >; std::map<_Key, _Tp, _Compare, _Alloc>::mapped_type = std::function<double(double, double)>; std::map<_Key, _Tp, _Compare, _Alloc>::key_type = std::__cxx11::basic_string<char>][m[K’
[0.503s]   492 |       [01;36m[Koperator[m[K[](const key_type& __k)
[0.503s]       |       [01;36m[K^~~~~~~~[m[K
[0.503s] [01m[K/usr/include/c++/11/bits/stl_map.h:492:34:[m[K [01;36m[Knote: [m[K  no known conversion for argument 1 from ‘[01m[Kchar[m[K’ to ‘[01m[Kconst key_type&[m[K’ {aka ‘[01m[Kconst std::__cxx11::basic_string<char>&[m[K’}
[0.503s]   492 |       operator[]([01;36m[Kconst key_type& __k[m[K)
[0.503s]       |                  [01;36m[K~~~~~~~~~~~~~~~~^~~[m[K
[0.503s] [01m[K/usr/include/c++/11/bits/stl_map.h:512:7:[m[K [01;36m[Knote: [m[Kcandidate: ‘[01m[Kstd::map<_Key, _Tp, _Compare, _Alloc>::mapped_type& std::map<_Key, _Tp, _Compare, _Alloc>::operator[](std::map<_Key, _Tp, _Compare, _Alloc>::key_type&&) [with _Key = std::__cxx11::basic_string<char>; _Tp = std::function<double(double, double)>; _Compare = std::less<std::__cxx11::basic_string<char> >; _Alloc = std::allocator<std::pair<const std::__cxx11::basic_string<char>, std::function<double(double, double)> > >; std::map<_Key, _Tp, _Compare, _Alloc>::mapped_type = std::function<double(double, double)>; std::map<_Key, _Tp, _Compare, _Alloc>::key_type = std::__cxx11::basic_string<char>][m[K’
[0.503s]   512 |       [01;36m[Koperator[m[K[](key_type&& __k)
[0.503s]       |       [01;36m[K^~~~~~~~[m[K
[0.503s] [01m[K/usr/include/c++/11/bits/stl_map.h:512:29:[m[K [01;36m[Knote: [m[K  no known conversion for argument 1 from ‘[01m[Kchar[m[K’ to ‘[01m[Kstd::map<std::__cxx11::basic_string<char>, std::function<double(double, double)> >::key_type&&[m[K’ {aka ‘[01m[Kstd::__cxx11::basic_string<char>&&[m[K’}
[0.503s]   512 |       operator[]([01;36m[Kkey_type&& __k[m[K)
[0.503s]       |                  [01;36m[K~~~~~~~~~~~^~~[m[K
[0.517s] gmake[2]: *** [CMakeFiles/learn_function1.dir/build.make:76：CMakeFiles/learn_function1.dir/src/learn_function1.cpp.o] 错误 1
[0.518s] gmake[1]: *** [CMakeFiles/Makefile2:221：CMakeFiles/learn_function1.dir/all] 错误 2
[0.518s] gmake[1]: *** 正在等待未完成的任务....
[0.553s] [ 62%] [32m[1mLinking CXX executable learn_function[0m
[0.599s] [ 62%] Built target learn_function
[1.711s] [ 75%] [32m[1mLinking CXX executable person_node[0m
[1.713s] [ 87%] [32m[1mLinking CXX executable cpp_node[0m
[1.770s] [ 87%] Built target cpp_node
[1.773s] [ 87%] Built target person_node
[1.774s] gmake: *** [Makefile:146：all] 错误 2
[1.776s] Invoked command in '/home/yjfy/桌面/workspace/demo_cpp_pkg/build/demo_cpp_pkg' returned '2': CMAKE_PREFIX_PATH=/opt/ros/humble /usr/bin/cmake --build /home/yjfy/桌面/workspace/demo_cpp_pkg/build/demo_cpp_pkg -- -j24 -l24
