[0.268s] Invoking command in '/home/yjfy/topic_parctice_ws/src/status_publisher': AMENT_PREFIX_PATH=/home/yjfy/topic_parctice_ws/install/status_interfaces:${AMENT_PREFIX_PATH} CMAKE_PREFIX_PATH=/home/yjfy/topic_parctice_ws/install/status_interfaces LD_LIBRARY_PATH=/home/yjfy/topic_parctice_ws/install/status_interfaces/lib:${LD_LIBRARY_PATH} PYTHONPATH=/home/yjfy/topic_parctice_ws/build/status_publisher/prefix_override:/usr/lib/python3/dist-packages/colcon_core/task/python/colcon_distutils_commands:/home/yjfy/topic_parctice_ws/install/status_publisher/lib/python3.10/site-packages:/home/yjfy/topic_parctice_ws/install/status_interfaces/local/lib/python3.10/dist-packages:${PYTHONPATH} /usr/bin/python3 -W ignore:setup.py install is deprecated -W ignore:easy_install command is deprecated setup.py egg_info --egg-base ../../build/status_publisher build --build-base /home/yjfy/topic_parctice_ws/build/status_publisher/build install --record /home/yjfy/topic_parctice_ws/build/status_publisher/install.log --single-version-externally-managed install_data
[0.371s] running egg_info
[0.371s] writing ../../build/status_publisher/status_publisher.egg-info/PKG-INFO
[0.371s] writing dependency_links to ../../build/status_publisher/status_publisher.egg-info/dependency_links.txt
[0.371s] writing entry points to ../../build/status_publisher/status_publisher.egg-info/entry_points.txt
[0.371s] writing requirements to ../../build/status_publisher/status_publisher.egg-info/requires.txt
[0.371s] writing top-level names to ../../build/status_publisher/status_publisher.egg-info/top_level.txt
[0.372s] reading manifest file '../../build/status_publisher/status_publisher.egg-info/SOURCES.txt'
[0.372s] adding license file 'LICENSE'
[0.372s] writing manifest file '../../build/status_publisher/status_publisher.egg-info/SOURCES.txt'
[0.372s] running build
[0.372s] running build_py
[0.372s] running install
[0.372s] running install_lib
[0.373s] running install_data
[0.373s] running install_egg_info
[0.374s] removing '/home/yjfy/topic_parctice_ws/install/status_publisher/lib/python3.10/site-packages/status_publisher-0.0.0-py3.10.egg-info' (and everything under it)
[0.374s] Copying ../../build/status_publisher/status_publisher.egg-info to /home/yjfy/topic_parctice_ws/install/status_publisher/lib/python3.10/site-packages/status_publisher-0.0.0-py3.10.egg-info
[0.374s] running install_scripts
[0.384s] Installing sys_status_pub script to /home/yjfy/topic_parctice_ws/install/status_publisher/lib/status_publisher
[0.384s] writing list of installed files to '/home/yjfy/topic_parctice_ws/build/status_publisher/install.log'
[0.395s] Invoked command in '/home/yjfy/topic_parctice_ws/src/status_publisher' returned '0': AMENT_PREFIX_PATH=/home/yjfy/topic_parctice_ws/install/status_interfaces:${AMENT_PREFIX_PATH} CMAKE_PREFIX_PATH=/home/yjfy/topic_parctice_ws/install/status_interfaces LD_LIBRARY_PATH=/home/yjfy/topic_parctice_ws/install/status_interfaces/lib:${LD_LIBRARY_PATH} PYTHONPATH=/home/yjfy/topic_parctice_ws/build/status_publisher/prefix_override:/usr/lib/python3/dist-packages/colcon_core/task/python/colcon_distutils_commands:/home/yjfy/topic_parctice_ws/install/status_publisher/lib/python3.10/site-packages:/home/yjfy/topic_parctice_ws/install/status_interfaces/local/lib/python3.10/dist-packages:${PYTHONPATH} /usr/bin/python3 -W ignore:setup.py install is deprecated -W ignore:easy_install command is deprecated setup.py egg_info --egg-base ../../build/status_publisher build --build-base /home/yjfy/topic_parctice_ws/build/status_publisher/build install --record /home/yjfy/topic_parctice_ws/build/status_publisher/install.log --single-version-externally-managed install_data
