[35m[1mConsolidate compiler generated dependencies of target learn_thread[0m
[ 20%] Built target learn_function
[ 40%] Built target person_node
[ 60%] Built target learn_function1
[ 80%] Built target cpp_node
[100%] Built target learn_thread
-- Install configuration: ""
-- Up-to-date: /home/yjfy/桌面/workspace/demo_cpp_pkg/install/demo_cpp_pkg/lib/demo_cpp_pkg/cpp_node
-- Up-to-date: /home/yjfy/桌面/workspace/demo_cpp_pkg/install/demo_cpp_pkg/lib/demo_cpp_pkg/person_node
-- Up-to-date: /home/yjfy/桌面/workspace/demo_cpp_pkg/install/demo_cpp_pkg/lib/demo_cpp_pkg/learn_function
-- Up-to-date: /home/yjfy/桌面/workspace/demo_cpp_pkg/install/demo_cpp_pkg/lib/demo_cpp_pkg/learn_function1
-- Up-to-date: /home/yjfy/桌面/workspace/demo_cpp_pkg/install/demo_cpp_pkg/lib/demo_cpp_pkg/learn_thread
-- Up-to-date: /home/yjfy/桌面/workspace/demo_cpp_pkg/install/demo_cpp_pkg/share/ament_index/resource_index/package_run_dependencies/demo_cpp_pkg
-- Up-to-date: /home/yjfy/桌面/workspace/demo_cpp_pkg/install/demo_cpp_pkg/share/ament_index/resource_index/parent_prefix_path/demo_cpp_pkg
-- Up-to-date: /home/yjfy/桌面/workspace/demo_cpp_pkg/install/demo_cpp_pkg/share/demo_cpp_pkg/environment/ament_prefix_path.sh
-- Up-to-date: /home/yjfy/桌面/workspace/demo_cpp_pkg/install/demo_cpp_pkg/share/demo_cpp_pkg/environment/ament_prefix_path.dsv
-- Up-to-date: /home/yjfy/桌面/workspace/demo_cpp_pkg/install/demo_cpp_pkg/share/demo_cpp_pkg/environment/path.sh
-- Up-to-date: /home/yjfy/桌面/workspace/demo_cpp_pkg/install/demo_cpp_pkg/share/demo_cpp_pkg/environment/path.dsv
-- Up-to-date: /home/yjfy/桌面/workspace/demo_cpp_pkg/install/demo_cpp_pkg/share/demo_cpp_pkg/local_setup.bash
-- Up-to-date: /home/yjfy/桌面/workspace/demo_cpp_pkg/install/demo_cpp_pkg/share/demo_cpp_pkg/local_setup.sh
-- Up-to-date: /home/yjfy/桌面/workspace/demo_cpp_pkg/install/demo_cpp_pkg/share/demo_cpp_pkg/local_setup.zsh
-- Up-to-date: /home/yjfy/桌面/workspace/demo_cpp_pkg/install/demo_cpp_pkg/share/demo_cpp_pkg/local_setup.dsv
-- Installing: /home/yjfy/桌面/workspace/demo_cpp_pkg/install/demo_cpp_pkg/share/demo_cpp_pkg/package.dsv
-- Up-to-date: /home/yjfy/桌面/workspace/demo_cpp_pkg/install/demo_cpp_pkg/share/ament_index/resource_index/packages/demo_cpp_pkg
-- Up-to-date: /home/yjfy/桌面/workspace/demo_cpp_pkg/install/demo_cpp_pkg/share/demo_cpp_pkg/cmake/demo_cpp_pkgConfig.cmake
-- Up-to-date: /home/yjfy/桌面/workspace/demo_cpp_pkg/install/demo_cpp_pkg/share/demo_cpp_pkg/cmake/demo_cpp_pkgConfig-version.cmake
-- Up-to-date: /home/yjfy/桌面/workspace/demo_cpp_pkg/install/demo_cpp_pkg/share/demo_cpp_pkg/package.xml
