[35m[1mConsolidate compiler generated dependencies of target learn_function[0m
[35m[1mConsolidate compiler generated dependencies of target person_node[0m
[ 16%] [32mBuilding CXX object CMakeFiles/learn_function.dir/src/learn_function.cpp.o[0m
[ 50%] Built target cpp_node
[ 66%] [32mBuilding CXX object CMakeFiles/person_node.dir/src/person_node.cpp.o[0m
[01m[K/home/yjfy/桌面/workspace/demo_cpp_pkg/src/learn_function.cpp:[m[K In function ‘[01m[Kint main()[m[K’:
[01m[K/home/yjfy/桌面/workspace/demo_cpp_pkg/src/learn_function.cpp:23:41:[m[K [01;31m[Kerror: [m[Kexpected initializer before ‘[01m[K-[m[K’ token
   23 |     function<void(const string &)> save1[01;31m[K-[m[Ksave_with_free_fun;
      |                                         [01;31m[K^[m[K
[01m[K/home/yjfy/桌面/workspace/demo_cpp_pkg/src/learn_function.cpp:26:5:[m[K [01;31m[Kerror: [m[K‘[01m[Ksave1[m[K’ was not declared in this scope; did you mean ‘[01m[Ksave3[m[K’?
   26 |     [01;31m[Ksave1[m[K("file1.txt");
      |     [01;31m[K^~~~~[m[K
      |     [32m[Ksave3[m[K
gmake[2]: *** [CMakeFiles/learn_function.dir/build.make:76：CMakeFiles/learn_function.dir/src/learn_function.cpp.o] 错误 1
gmake[1]: *** [CMakeFiles/Makefile2:193：CMakeFiles/learn_function.dir/all] 错误 2
gmake[1]: *** 正在等待未完成的任务....
[01m[K/home/yjfy/桌面/workspace/demo_cpp_pkg/src/person_node.cpp:20:2:[m[K [01;31m[Kerror: [m[Kexpected ‘[01m[K;[m[K’ after class definition
   20 | }
      |  [01;31m[K^[m[K
      |  [32m[K;[m[K
[01m[K/home/yjfy/桌面/workspace/demo_cpp_pkg/src/person_node.cpp:[m[K In constructor ‘[01m[KPersonNode::PersonNode(const string&, int)[m[K’:
[01m[K/home/yjfy/桌面/workspace/demo_cpp_pkg/src/person_node.cpp:15:5:[m[K [01;31m[Kerror: [m[Kexpected ‘[01m[K;[m[K’ before ‘[01m[K}[m[K’ token
   15 |     [01;31m[K}[m[K
      |     [01;31m[K^[m[K
gmake[2]: *** [CMakeFiles/person_node.dir/build.make:76：CMakeFiles/person_node.dir/src/person_node.cpp.o] 错误 1
gmake[1]: *** [CMakeFiles/Makefile2:167：CMakeFiles/person_node.dir/all] 错误 2
gmake: *** [Makefile:146：all] 错误 2
