[0.007s] Invoking command in '/home/yjfy/桌面/workspace/demo_cpp_pkg/build/demo_cpp_pkg': CMAKE_PREFIX_PATH=${CMAKE_PREFIX_PATH}:/opt/ros/humble /usr/bin/cmake --build /home/yjfy/桌面/workspace/demo_cpp_pkg/build/demo_cpp_pkg -- -j24 -l24
[0.043s] [35m[1mConsolidate compiler generated dependencies of target learn_function[0m
[0.043s] [35m[1mConsolidate compiler generated dependencies of target person_node[0m
[0.055s] [ 16%] [32mBuilding CXX object CMakeFiles/learn_function.dir/src/learn_function.cpp.o[0m
[0.056s] [ 50%] Built target cpp_node
[0.056s] [ 66%] [32mBuilding CXX object CMakeFiles/person_node.dir/src/person_node.cpp.o[0m
[0.224s] [01m[K/home/yjfy/桌面/workspace/demo_cpp_pkg/src/learn_function.cpp:[m[K In function ‘[01m[Kint main()[m[K’:
[0.224s] [01m[K/home/yjfy/桌面/workspace/demo_cpp_pkg/src/learn_function.cpp:23:41:[m[K [01;31m[Kerror: [m[Kexpected initializer before ‘[01m[K-[m[K’ token
[0.224s]    23 |     function<void(const string &)> save1[01;31m[K-[m[Ksave_with_free_fun;
[0.224s]       |                                         [01;31m[K^[m[K
[0.230s] [01m[K/home/yjfy/桌面/workspace/demo_cpp_pkg/src/learn_function.cpp:26:5:[m[K [01;31m[Kerror: [m[K‘[01m[Ksave1[m[K’ was not declared in this scope; did you mean ‘[01m[Ksave3[m[K’?
[0.230s]    26 |     [01;31m[Ksave1[m[K("file1.txt");
[0.230s]       |     [01;31m[K^~~~~[m[K
[0.230s]       |     [32m[Ksave3[m[K
[0.254s] gmake[2]: *** [CMakeFiles/learn_function.dir/build.make:76：CMakeFiles/learn_function.dir/src/learn_function.cpp.o] 错误 1
[0.255s] gmake[1]: *** [CMakeFiles/Makefile2:193：CMakeFiles/learn_function.dir/all] 错误 2
[0.255s] gmake[1]: *** 正在等待未完成的任务....
[1.129s] [01m[K/home/yjfy/桌面/workspace/demo_cpp_pkg/src/person_node.cpp:20:2:[m[K [01;31m[Kerror: [m[Kexpected ‘[01m[K;[m[K’ after class definition
[1.129s]    20 | }
[1.129s]       |  [01;31m[K^[m[K
[1.129s]       |  [32m[K;[m[K
[1.129s] [01m[K/home/yjfy/桌面/workspace/demo_cpp_pkg/src/person_node.cpp:[m[K In constructor ‘[01m[KPersonNode::PersonNode(const string&, int)[m[K’:
[1.129s] [01m[K/home/yjfy/桌面/workspace/demo_cpp_pkg/src/person_node.cpp:15:5:[m[K [01;31m[Kerror: [m[Kexpected ‘[01m[K;[m[K’ before ‘[01m[K}[m[K’ token
[1.129s]    15 |     [01;31m[K}[m[K
[1.129s]       |     [01;31m[K^[m[K
[1.325s] gmake[2]: *** [CMakeFiles/person_node.dir/build.make:76：CMakeFiles/person_node.dir/src/person_node.cpp.o] 错误 1
[1.325s] gmake[1]: *** [CMakeFiles/Makefile2:167：CMakeFiles/person_node.dir/all] 错误 2
[1.325s] gmake: *** [Makefile:146：all] 错误 2
[1.328s] Invoked command in '/home/yjfy/桌面/workspace/demo_cpp_pkg/build/demo_cpp_pkg' returned '2': CMAKE_PREFIX_PATH=${CMAKE_PREFIX_PATH}:/opt/ros/humble /usr/bin/cmake --build /home/yjfy/桌面/workspace/demo_cpp_pkg/build/demo_cpp_pkg -- -j24 -l24
