[0.006s] Invoking command in '/home/yjfy/chapt4_ws/build/demo_cpp_service': CMAKE_PREFIX_PATH=/home/yjfy/chapt4_ws/install/chapt4_interfaces:/home/yjfy/chapt4_ws/install/demo_cpp_service:/opt/ros/humble /usr/bin/cmake /home/yjfy/chapt4_ws/src/demo_cpp_service -DCMAKE_INSTALL_PREFIX=/home/yjfy/chapt4_ws/install/demo_cpp_service
[0.070s] -- The C compiler identification is GNU 11.4.0
[0.126s] -- The CXX compiler identification is GNU 11.4.0
[0.130s] -- Detecting C compiler ABI info
[0.198s] -- Detecting C compiler ABI info - done
[0.208s] -- Check for working C compiler: /usr/bin/cc - skipped
[0.208s] -- Detecting C compile features
[0.209s] -- Detecting C compile features - done
[0.212s] -- Detecting CXX compiler ABI info
[0.291s] -- Detecting CXX compiler ABI info - done
[0.295s] -- Check for working CXX compiler: /usr/bin/c++ - skipped
[0.295s] -- Detecting CXX compile features
[0.295s] -- Detecting CXX compile features - done
[0.297s] -- Found ament_cmake: 1.3.13 (/opt/ros/humble/share/ament_cmake/cmake)
[0.392s] -- Found Python3: /usr/bin/python3 (found version "3.10.12") found components: Interpreter 
[0.441s] -- Found chapt4_interfaces: 0.0.0 (/home/yjfy/chapt4_ws/install/chapt4_interfaces/share/chapt4_interfaces/cmake)
[0.470s] -- Found rosidl_generator_c: 3.1.8 (/opt/ros/humble/share/rosidl_generator_c/cmake)
[0.473s] -- Found rosidl_adapter: 3.1.8 (/opt/ros/humble/share/rosidl_adapter/cmake)
[0.477s] -- Found rosidl_generator_cpp: 3.1.8 (/opt/ros/humble/share/rosidl_generator_cpp/cmake)
[0.484s] -- Using all available rosidl_typesupport_c: rosidl_typesupport_fastrtps_c;rosidl_typesupport_introspection_c
[0.492s] -- Using all available rosidl_typesupport_cpp: rosidl_typesupport_fastrtps_cpp;rosidl_typesupport_introspection_cpp
[0.529s] -- Found rclcpp: 16.0.18 (/opt/ros/humble/share/rclcpp/cmake)
[0.548s] -- Found rmw_implementation_cmake: 6.1.2 (/opt/ros/humble/share/rmw_implementation_cmake/cmake)
[0.549s] -- Found rmw_fastrtps_cpp: 6.2.10 (/opt/ros/humble/share/rmw_fastrtps_cpp/cmake)
[0.619s] -- Found OpenSSL: /usr/lib/x86_64-linux-gnu/libcrypto.so (found version "3.0.2")  
[0.644s] -- Found FastRTPS: /opt/ros/humble/include  
[0.678s] -- Using RMW implementation 'rmw_fastrtps_cpp' as default
[0.688s] -- Looking for pthread.h
[0.756s] -- Looking for pthread.h - found
[0.756s] -- Performing Test CMAKE_HAVE_LIBC_PTHREAD
[0.830s] -- Performing Test CMAKE_HAVE_LIBC_PTHREAD - Success
[0.831s] -- Found Threads: TRUE  
[0.855s] -- Found turtlesim: 1.4.3 (/opt/ros/humble/share/turtlesim/cmake)
[0.876s] -- Found ament_lint_auto: 0.12.15 (/opt/ros/humble/share/ament_lint_auto/cmake)
[0.915s] -- Added test 'cppcheck' to perform static code analysis on C / C++ code
[0.915s] -- Configured cppcheck include dirs: 
[0.915s] -- Configured cppcheck exclude dirs and/or files: 
[0.916s] -- Added test 'lint_cmake' to check CMake code style
[0.916s] -- Added test 'uncrustify' to check C / C++ code style
[0.916s] -- Configured uncrustify additional arguments: 
[0.916s] -- Added test 'xmllint' to check XML markup files
[0.917s] -- Configuring done
[0.923s] -- Generating done
[0.928s] -- Build files have been written to: /home/yjfy/chapt4_ws/build/demo_cpp_service
[0.941s] Invoked command in '/home/yjfy/chapt4_ws/build/demo_cpp_service' returned '0': CMAKE_PREFIX_PATH=/home/yjfy/chapt4_ws/install/chapt4_interfaces:/home/yjfy/chapt4_ws/install/demo_cpp_service:/opt/ros/humble /usr/bin/cmake /home/yjfy/chapt4_ws/src/demo_cpp_service -DCMAKE_INSTALL_PREFIX=/home/yjfy/chapt4_ws/install/demo_cpp_service
[0.942s] Invoking command in '/home/yjfy/chapt4_ws/build/demo_cpp_service': CMAKE_PREFIX_PATH=/home/yjfy/chapt4_ws/install/chapt4_interfaces:/home/yjfy/chapt4_ws/install/demo_cpp_service:/opt/ros/humble /usr/bin/cmake --build /home/yjfy/chapt4_ws/build/demo_cpp_service -- -j24 -l24
[0.980s] [ 25%] [32mBuilding CXX object CMakeFiles/turtle_control.dir/src/turtle_control.cpp.o[0m
[0.984s] [ 50%] [32mBuilding CXX object CMakeFiles/patrol_client.dir/src/patrol_client.cpp.o[0m
[2.387s] [ 75%] [32m[1mLinking CXX executable patrol_client[0m
[2.449s] [ 75%] Built target patrol_client
[5.213s] [100%] [32m[1mLinking CXX executable turtle_control[0m
[5.463s] [100%] Built target turtle_control
[5.473s] Invoked command in '/home/yjfy/chapt4_ws/build/demo_cpp_service' returned '0': CMAKE_PREFIX_PATH=/home/yjfy/chapt4_ws/install/chapt4_interfaces:/home/yjfy/chapt4_ws/install/demo_cpp_service:/opt/ros/humble /usr/bin/cmake --build /home/yjfy/chapt4_ws/build/demo_cpp_service -- -j24 -l24
[5.473s] Invoking command in '/home/yjfy/chapt4_ws/build/demo_cpp_service': CMAKE_PREFIX_PATH=/home/yjfy/chapt4_ws/install/chapt4_interfaces:/home/yjfy/chapt4_ws/install/demo_cpp_service:/opt/ros/humble /usr/bin/cmake --install /home/yjfy/chapt4_ws/build/demo_cpp_service
[5.477s] -- Install configuration: ""
[5.477s] -- Installing: /home/yjfy/chapt4_ws/install/demo_cpp_service/lib/demo_cpp_service/turtle_control
[5.478s] -- Set runtime path of "/home/yjfy/chapt4_ws/install/demo_cpp_service/lib/demo_cpp_service/turtle_control" to ""
[5.478s] -- Installing: /home/yjfy/chapt4_ws/install/demo_cpp_service/lib/demo_cpp_service/patrol_client
[5.478s] -- Set runtime path of "/home/yjfy/chapt4_ws/install/demo_cpp_service/lib/demo_cpp_service/patrol_client" to ""
[5.478s] -- Installing: /home/yjfy/chapt4_ws/install/demo_cpp_service/share/ament_index/resource_index/package_run_dependencies/demo_cpp_service
[5.478s] -- Installing: /home/yjfy/chapt4_ws/install/demo_cpp_service/share/ament_index/resource_index/parent_prefix_path/demo_cpp_service
[5.478s] -- Installing: /home/yjfy/chapt4_ws/install/demo_cpp_service/share/demo_cpp_service/environment/ament_prefix_path.sh
[5.478s] -- Installing: /home/yjfy/chapt4_ws/install/demo_cpp_service/share/demo_cpp_service/environment/ament_prefix_path.dsv
[5.479s] -- Installing: /home/yjfy/chapt4_ws/install/demo_cpp_service/share/demo_cpp_service/environment/path.sh
[5.479s] -- Installing: /home/yjfy/chapt4_ws/install/demo_cpp_service/share/demo_cpp_service/environment/path.dsv
[5.479s] -- Installing: /home/yjfy/chapt4_ws/install/demo_cpp_service/share/demo_cpp_service/local_setup.bash
[5.479s] -- Installing: /home/yjfy/chapt4_ws/install/demo_cpp_service/share/demo_cpp_service/local_setup.sh
[5.479s] -- Installing: /home/yjfy/chapt4_ws/install/demo_cpp_service/share/demo_cpp_service/local_setup.zsh
[5.479s] -- Installing: /home/yjfy/chapt4_ws/install/demo_cpp_service/share/demo_cpp_service/local_setup.dsv
[5.479s] -- Installing: /home/yjfy/chapt4_ws/install/demo_cpp_service/share/demo_cpp_service/package.dsv
[5.479s] -- Installing: /home/yjfy/chapt4_ws/install/demo_cpp_service/share/ament_index/resource_index/packages/demo_cpp_service
[5.479s] -- Installing: /home/yjfy/chapt4_ws/install/demo_cpp_service/share/demo_cpp_service/cmake/demo_cpp_serviceConfig.cmake
[5.479s] -- Installing: /home/yjfy/chapt4_ws/install/demo_cpp_service/share/demo_cpp_service/cmake/demo_cpp_serviceConfig-version.cmake
[5.479s] -- Installing: /home/yjfy/chapt4_ws/install/demo_cpp_service/share/demo_cpp_service/package.xml
[5.480s] Invoked command in '/home/yjfy/chapt4_ws/build/demo_cpp_service' returned '0': CMAKE_PREFIX_PATH=/home/yjfy/chapt4_ws/install/chapt4_interfaces:/home/yjfy/chapt4_ws/install/demo_cpp_service:/opt/ros/humble /usr/bin/cmake --install /home/yjfy/chapt4_ws/build/demo_cpp_service
