[0.006s] Invoking command in '/home/yjfy/chapt4_ws/build/demo_cpp_service': CMAKE_PREFIX_PATH=/home/yjfy/chapt4_ws/install/chapt4_interfaces:/home/yjfy/chapt4_ws/install/demo_cpp_service:/opt/ros/humble /usr/bin/cmake --build /home/yjfy/chapt4_ws/build/demo_cpp_service -- -j24 -l24
[0.048s] [35m[1mConsolidate compiler generated dependencies of target patrol_client[0m
[0.064s] [ 50%] Built target turtle_control
[0.068s] [ 75%] [32mBuilding CXX object CMakeFiles/patrol_client.dir/src/patrol_client.cpp.o[0m
[2.194s] [100%] [32m[1mLinking CXX executable patrol_client[0m
[2.309s] [100%] Built target patrol_client
[2.317s] Invoked command in '/home/yjfy/chapt4_ws/build/demo_cpp_service' returned '0': CMAKE_PREFIX_PATH=/home/yjfy/chapt4_ws/install/chapt4_interfaces:/home/yjfy/chapt4_ws/install/demo_cpp_service:/opt/ros/humble /usr/bin/cmake --build /home/yjfy/chapt4_ws/build/demo_cpp_service -- -j24 -l24
[2.318s] Invoking command in '/home/yjfy/chapt4_ws/build/demo_cpp_service': CMAKE_PREFIX_PATH=/home/yjfy/chapt4_ws/install/chapt4_interfaces:/home/yjfy/chapt4_ws/install/demo_cpp_service:/opt/ros/humble /usr/bin/cmake --install /home/yjfy/chapt4_ws/build/demo_cpp_service
[2.325s] -- Install configuration: ""
[2.325s] -- Up-to-date: /home/yjfy/chapt4_ws/install/demo_cpp_service/lib/demo_cpp_service/turtle_control
[2.325s] -- Installing: /home/yjfy/chapt4_ws/install/demo_cpp_service/lib/demo_cpp_service/patrol_client
[2.326s] -- Set runtime path of "/home/yjfy/chapt4_ws/install/demo_cpp_service/lib/demo_cpp_service/patrol_client" to ""
[2.326s] -- Up-to-date: /home/yjfy/chapt4_ws/install/demo_cpp_service/share/ament_index/resource_index/package_run_dependencies/demo_cpp_service
[2.326s] -- Up-to-date: /home/yjfy/chapt4_ws/install/demo_cpp_service/share/ament_index/resource_index/parent_prefix_path/demo_cpp_service
[2.326s] -- Up-to-date: /home/yjfy/chapt4_ws/install/demo_cpp_service/share/demo_cpp_service/environment/ament_prefix_path.sh
[2.326s] -- Up-to-date: /home/yjfy/chapt4_ws/install/demo_cpp_service/share/demo_cpp_service/environment/ament_prefix_path.dsv
[2.326s] -- Up-to-date: /home/yjfy/chapt4_ws/install/demo_cpp_service/share/demo_cpp_service/environment/path.sh
[2.327s] -- Up-to-date: /home/yjfy/chapt4_ws/install/demo_cpp_service/share/demo_cpp_service/environment/path.dsv
[2.327s] -- Up-to-date: /home/yjfy/chapt4_ws/install/demo_cpp_service/share/demo_cpp_service/local_setup.bash
[2.327s] -- Up-to-date: /home/yjfy/chapt4_ws/install/demo_cpp_service/share/demo_cpp_service/local_setup.sh
[2.327s] -- Up-to-date: /home/yjfy/chapt4_ws/install/demo_cpp_service/share/demo_cpp_service/local_setup.zsh
[2.327s] -- Up-to-date: /home/yjfy/chapt4_ws/install/demo_cpp_service/share/demo_cpp_service/local_setup.dsv
[2.327s] -- Installing: /home/yjfy/chapt4_ws/install/demo_cpp_service/share/demo_cpp_service/package.dsv
[2.327s] -- Up-to-date: /home/yjfy/chapt4_ws/install/demo_cpp_service/share/ament_index/resource_index/packages/demo_cpp_service
[2.327s] -- Up-to-date: /home/yjfy/chapt4_ws/install/demo_cpp_service/share/demo_cpp_service/cmake/demo_cpp_serviceConfig.cmake
[2.327s] -- Up-to-date: /home/yjfy/chapt4_ws/install/demo_cpp_service/share/demo_cpp_service/cmake/demo_cpp_serviceConfig-version.cmake
[2.327s] -- Up-to-date: /home/yjfy/chapt4_ws/install/demo_cpp_service/share/demo_cpp_service/package.xml
[2.328s] Invoked command in '/home/yjfy/chapt4_ws/build/demo_cpp_service' returned '0': CMAKE_PREFIX_PATH=/home/yjfy/chapt4_ws/install/chapt4_interfaces:/home/yjfy/chapt4_ws/install/demo_cpp_service:/opt/ros/humble /usr/bin/cmake --install /home/yjfy/chapt4_ws/build/demo_cpp_service
