[0.006s] Invoking command in '/home/yjfy/topic_parctice_ws/build/status_interfaces': CMAKE_PREFIX_PATH=/opt/ros/humble /usr/bin/cmake /home/yjfy/topic_parctice_ws/src/status_interfaces -DCMAKE_INSTALL_PREFIX=/home/yjfy/topic_parctice_ws/install/status_interfaces
[0.061s] -- The C compiler identification is GNU 11.4.0
[0.112s] -- The CXX compiler identification is GNU 11.4.0
[0.117s] -- Detecting C compiler ABI info
[0.192s] -- Detecting C compiler ABI info - done
[0.203s] -- Check for working C compiler: /usr/bin/cc - skipped
[0.204s] -- Detecting C compile features
[0.204s] -- Detecting C compile features - done
[0.209s] -- Detecting CXX compiler ABI info
[0.289s] -- Detecting CXX compiler ABI info - done
[0.294s] -- Check for working CXX compiler: /usr/bin/c++ - skipped
[0.295s] -- Detecting CXX compile features
[0.295s] -- Detecting CXX compile features - done
[0.296s] -- Found ament_cmake: 1.3.13 (/opt/ros/humble/share/ament_cmake/cmake)
[0.391s] -- Found Python3: /usr/bin/python3 (found version "3.10.12") found components: Interpreter 
[0.439s] -- Found rosidl_default_generators: 1.2.0 (/opt/ros/humble/share/rosidl_default_generators/cmake)
[0.442s] -- Using all available rosidl_typesupport_c: rosidl_typesupport_fastrtps_c;rosidl_typesupport_introspection_c
[0.447s] -- Found rosidl_adapter: 3.1.8 (/opt/ros/humble/share/rosidl_adapter/cmake)
[0.469s] -- Using all available rosidl_typesupport_cpp: rosidl_typesupport_fastrtps_cpp;rosidl_typesupport_introspection_cpp
[0.486s] -- Found builtin_interfaces: 1.2.2 (/opt/ros/humble/share/builtin_interfaces/cmake)
[0.648s] -- Found ament_cmake_ros: 0.10.0 (/opt/ros/humble/share/ament_cmake_ros/cmake)
[0.782s] -- Using all available rosidl_typesupport_c: rosidl_typesupport_fastrtps_c;rosidl_typesupport_introspection_c
[0.955s] -- Using all available rosidl_typesupport_cpp: rosidl_typesupport_fastrtps_cpp;rosidl_typesupport_introspection_cpp
[0.977s] -- Found PythonInterp: /usr/bin/python3 (found suitable version "3.10.12", minimum required is "3.6") 
[0.978s] -- Found python_cmake_module: 0.10.0 (/opt/ros/humble/share/python_cmake_module/cmake)
[1.000s] -- Found PythonLibs: /usr/lib/x86_64-linux-gnu/libpython3.10.so (found suitable version "3.10.12", minimum required is "3.5") 
[1.001s] -- Using PYTHON_EXECUTABLE: /usr/bin/python3
[1.001s] -- Using PYTHON_INCLUDE_DIRS: /usr/include/python3.10
[1.001s] -- Using PYTHON_LIBRARIES: /usr/lib/x86_64-linux-gnu/libpython3.10.so
[1.015s] -- Found PythonExtra: .so  
[1.036s] -- Found ament_lint_auto: 0.12.15 (/opt/ros/humble/share/ament_lint_auto/cmake)
[1.043s] -- Added test 'lint_cmake' to check CMake code style
[1.043s] -- Added test 'xmllint' to check XML markup files
[1.044s] -- Configuring done
[1.056s] -- Generating done
[1.062s] -- Build files have been written to: /home/yjfy/topic_parctice_ws/build/status_interfaces
[1.065s] Invoked command in '/home/yjfy/topic_parctice_ws/build/status_interfaces' returned '0': CMAKE_PREFIX_PATH=/opt/ros/humble /usr/bin/cmake /home/yjfy/topic_parctice_ws/src/status_interfaces -DCMAKE_INSTALL_PREFIX=/home/yjfy/topic_parctice_ws/install/status_interfaces
[1.067s] Invoking command in '/home/yjfy/topic_parctice_ws/build/status_interfaces': CMAKE_PREFIX_PATH=/opt/ros/humble /usr/bin/cmake --build /home/yjfy/topic_parctice_ws/build/status_interfaces -- -j24 -l24
[1.103s] [  3%] [34m[1mGenerating C code for ROS interfaces[0m
[1.113s] [  6%] [34m[1mGenerating C++ code for ROS interfaces[0m
[1.120s] [  6%] Built target ament_cmake_python_copy_status_interfaces
[1.230s] running egg_info
[1.231s] creating status_interfaces.egg-info
[1.231s] writing status_interfaces.egg-info/PKG-INFO
[1.231s] writing dependency_links to status_interfaces.egg-info/dependency_links.txt
[1.231s] writing top-level names to status_interfaces.egg-info/top_level.txt
[1.231s] writing manifest file 'status_interfaces.egg-info/SOURCES.txt'
[1.232s] reading manifest file 'status_interfaces.egg-info/SOURCES.txt'
[1.232s] writing manifest file 'status_interfaces.egg-info/SOURCES.txt'
[1.240s] [  9%] [32mBuilding C object CMakeFiles/status_interfaces__rosidl_generator_c.dir/rosidl_generator_c/status_interfaces/msg/detail/system_status__functions.c.o[0m
[1.242s] [  9%] Built target status_interfaces__cpp
[1.246s] [  9%] Built target ament_cmake_python_build_status_interfaces_egg
[1.247s] [ 12%] [34m[1mGenerating C++ introspection for ROS interfaces[0m
[1.248s] [ 16%] [34m[1mGenerating C++ type support for eProsima Fast-RTPS[0m
[1.248s] [ 19%] [34m[1mGenerating C++ type support dispatch for ROS interfaces[0m
[1.273s] [ 22%] [32m[1mLinking C shared library libstatus_interfaces__rosidl_generator_c.so[0m
[1.297s] [ 22%] Built target status_interfaces__rosidl_generator_c
[1.304s] [ 25%] [34m[1mGenerating C type support for eProsima Fast-RTPS[0m
[1.304s] [ 29%] [34m[1mGenerating C type support dispatch for ROS interfaces[0m
[1.304s] [ 32%] [34m[1mGenerating C introspection for ROS interfaces[0m
[1.362s] [ 35%] [32mBuilding CXX object CMakeFiles/status_interfaces__rosidl_typesupport_cpp.dir/rosidl_typesupport_cpp/status_interfaces/msg/system_status__type_support.cpp.o[0m
[1.370s] [ 38%] [32mBuilding CXX object CMakeFiles/status_interfaces__rosidl_typesupport_introspection_cpp.dir/rosidl_typesupport_introspection_cpp/status_interfaces/msg/detail/system_status__type_support.cpp.o[0m
[1.376s] [ 41%] [32mBuilding CXX object CMakeFiles/status_interfaces__rosidl_typesupport_fastrtps_cpp.dir/rosidl_typesupport_fastrtps_cpp/status_interfaces/msg/detail/dds_fastrtps/system_status__type_support.cpp.o[0m
[1.417s] [ 45%] [32mBuilding CXX object CMakeFiles/status_interfaces__rosidl_typesupport_c.dir/rosidl_typesupport_c/status_interfaces/msg/system_status__type_support.cpp.o[0m
[1.431s] [ 48%] [32mBuilding C object CMakeFiles/status_interfaces__rosidl_typesupport_introspection_c.dir/rosidl_typesupport_introspection_c/status_interfaces/msg/detail/system_status__type_support.c.o[0m
[1.431s] [ 51%] [32mBuilding CXX object CMakeFiles/status_interfaces__rosidl_typesupport_fastrtps_c.dir/rosidl_typesupport_fastrtps_c/status_interfaces/msg/detail/system_status__type_support_c.cpp.o[0m
[1.439s] [ 54%] [32m[1mLinking CXX shared library libstatus_interfaces__rosidl_typesupport_c.so[0m
[1.451s] [ 58%] [32m[1mLinking C shared library libstatus_interfaces__rosidl_typesupport_introspection_c.so[0m
[1.470s] [ 58%] Built target status_interfaces__rosidl_typesupport_c
[1.470s] [ 58%] Built target status_interfaces__rosidl_typesupport_introspection_c
[1.485s] [ 61%] [32m[1mLinking CXX shared library libstatus_interfaces__rosidl_typesupport_cpp.so[0m
[1.512s] [ 61%] Built target status_interfaces__rosidl_typesupport_cpp
[1.546s] [ 64%] [32m[1mLinking CXX shared library libstatus_interfaces__rosidl_typesupport_introspection_cpp.so[0m
[1.552s] [ 67%] [32m[1mLinking CXX shared library libstatus_interfaces__rosidl_typesupport_fastrtps_cpp.so[0m
[1.585s] [ 70%] [32m[1mLinking CXX shared library libstatus_interfaces__rosidl_typesupport_fastrtps_c.so[0m
[1.587s] [ 70%] Built target status_interfaces__rosidl_typesupport_introspection_cpp
[1.595s] [ 70%] Built target status_interfaces__rosidl_typesupport_fastrtps_cpp
[1.624s] [ 70%] Built target status_interfaces__rosidl_typesupport_fastrtps_c
[1.638s] [ 70%] Built target status_interfaces
[1.656s] [ 74%] [34m[1mGenerating Python code for ROS interfaces[0m
[1.810s] [ 74%] Built target status_interfaces__py
[1.825s] [ 77%] [32mBuilding C object CMakeFiles/status_interfaces__rosidl_generator_py.dir/rosidl_generator_py/status_interfaces/msg/_system_status_s.c.o[0m
[1.889s] [ 80%] [32m[1mLinking C shared library rosidl_generator_py/status_interfaces/libstatus_interfaces__rosidl_generator_py.so[0m
[1.928s] [ 80%] Built target status_interfaces__rosidl_generator_py
[1.953s] [ 83%] [32mBuilding C object CMakeFiles/status_interfaces__rosidl_typesupport_fastrtps_c__pyext.dir/rosidl_generator_py/status_interfaces/_status_interfaces_s.ep.rosidl_typesupport_fastrtps_c.c.o[0m
[1.953s] [ 87%] [32mBuilding C object CMakeFiles/status_interfaces__rosidl_typesupport_introspection_c__pyext.dir/rosidl_generator_py/status_interfaces/_status_interfaces_s.ep.rosidl_typesupport_introspection_c.c.o[0m
[1.955s] [ 90%] [32mBuilding C object CMakeFiles/status_interfaces__rosidl_typesupport_c__pyext.dir/rosidl_generator_py/status_interfaces/_status_interfaces_s.ep.rosidl_typesupport_c.c.o[0m
[2.012s] [ 93%] [32m[1mLinking C shared library rosidl_generator_py/status_interfaces/status_interfaces_s__rosidl_typesupport_c.cpython-310-x86_64-linux-gnu.so[0m
[2.012s] [100%] [32m[1mLinking C shared library rosidl_generator_py/status_interfaces/status_interfaces_s__rosidl_typesupport_introspection_c.cpython-310-x86_64-linux-gnu.so[0m
[2.012s] [100%] [32m[1mLinking C shared library rosidl_generator_py/status_interfaces/status_interfaces_s__rosidl_typesupport_fastrtps_c.cpython-310-x86_64-linux-gnu.so[0m
[2.037s] [100%] Built target status_interfaces__rosidl_typesupport_fastrtps_c__pyext
[2.038s] [100%] Built target status_interfaces__rosidl_typesupport_c__pyext
[2.038s] [100%] Built target status_interfaces__rosidl_typesupport_introspection_c__pyext
[2.048s] Invoked command in '/home/yjfy/topic_parctice_ws/build/status_interfaces' returned '0': CMAKE_PREFIX_PATH=/opt/ros/humble /usr/bin/cmake --build /home/yjfy/topic_parctice_ws/build/status_interfaces -- -j24 -l24
[2.058s] Invoking command in '/home/yjfy/topic_parctice_ws/build/status_interfaces': CMAKE_PREFIX_PATH=/opt/ros/humble /usr/bin/cmake --install /home/yjfy/topic_parctice_ws/build/status_interfaces
[2.066s] -- Install configuration: ""
[2.066s] -- Installing: /home/yjfy/topic_parctice_ws/install/status_interfaces/share/ament_index/resource_index/rosidl_interfaces/status_interfaces
[2.067s] -- Installing: /home/yjfy/topic_parctice_ws/install/status_interfaces/include/status_interfaces/status_interfaces
[2.067s] -- Installing: /home/yjfy/topic_parctice_ws/install/status_interfaces/include/status_interfaces/status_interfaces/msg
[2.067s] -- Installing: /home/yjfy/topic_parctice_ws/install/status_interfaces/include/status_interfaces/status_interfaces/msg/detail
[2.067s] -- Installing: /home/yjfy/topic_parctice_ws/install/status_interfaces/include/status_interfaces/status_interfaces/msg/detail/system_status__functions.h
[2.067s] -- Installing: /home/yjfy/topic_parctice_ws/install/status_interfaces/include/status_interfaces/status_interfaces/msg/detail/system_status__struct.h
[2.067s] -- Installing: /home/yjfy/topic_parctice_ws/install/status_interfaces/include/status_interfaces/status_interfaces/msg/detail/system_status__functions.c
[2.067s] -- Installing: /home/yjfy/topic_parctice_ws/install/status_interfaces/include/status_interfaces/status_interfaces/msg/detail/system_status__type_support.h
[2.067s] -- Installing: /home/yjfy/topic_parctice_ws/install/status_interfaces/include/status_interfaces/status_interfaces/msg/system_status.h
[2.067s] -- Installing: /home/yjfy/topic_parctice_ws/install/status_interfaces/include/status_interfaces/status_interfaces/msg/rosidl_generator_c__visibility_control.h
[2.067s] -- Installing: /home/yjfy/topic_parctice_ws/install/status_interfaces/share/status_interfaces/environment/library_path.sh
[2.067s] -- Installing: /home/yjfy/topic_parctice_ws/install/status_interfaces/share/status_interfaces/environment/library_path.dsv
[2.067s] -- Installing: /home/yjfy/topic_parctice_ws/install/status_interfaces/lib/libstatus_interfaces__rosidl_generator_c.so
[2.067s] -- Set runtime path of "/home/yjfy/topic_parctice_ws/install/status_interfaces/lib/libstatus_interfaces__rosidl_generator_c.so" to ""
[2.068s] -- Up-to-date: /home/yjfy/topic_parctice_ws/install/status_interfaces/include/status_interfaces/status_interfaces
[2.068s] -- Up-to-date: /home/yjfy/topic_parctice_ws/install/status_interfaces/include/status_interfaces/status_interfaces/msg
[2.068s] -- Up-to-date: /home/yjfy/topic_parctice_ws/install/status_interfaces/include/status_interfaces/status_interfaces/msg/detail
[2.068s] -- Installing: /home/yjfy/topic_parctice_ws/install/status_interfaces/include/status_interfaces/status_interfaces/msg/detail/system_status__rosidl_typesupport_fastrtps_c.h
[2.068s] -- Installing: /home/yjfy/topic_parctice_ws/install/status_interfaces/include/status_interfaces/status_interfaces/msg/rosidl_typesupport_fastrtps_c__visibility_control.h
[2.068s] -- Installing: /home/yjfy/topic_parctice_ws/install/status_interfaces/lib/libstatus_interfaces__rosidl_typesupport_fastrtps_c.so
[2.068s] -- Set runtime path of "/home/yjfy/topic_parctice_ws/install/status_interfaces/lib/libstatus_interfaces__rosidl_typesupport_fastrtps_c.so" to ""
[2.068s] -- Up-to-date: /home/yjfy/topic_parctice_ws/install/status_interfaces/include/status_interfaces/status_interfaces
[2.068s] -- Up-to-date: /home/yjfy/topic_parctice_ws/install/status_interfaces/include/status_interfaces/status_interfaces/msg
[2.068s] -- Up-to-date: /home/yjfy/topic_parctice_ws/install/status_interfaces/include/status_interfaces/status_interfaces/msg/detail
[2.068s] -- Installing: /home/yjfy/topic_parctice_ws/install/status_interfaces/include/status_interfaces/status_interfaces/msg/detail/system_status__type_support.c
[2.068s] -- Installing: /home/yjfy/topic_parctice_ws/install/status_interfaces/include/status_interfaces/status_interfaces/msg/detail/system_status__rosidl_typesupport_introspection_c.h
[2.068s] -- Installing: /home/yjfy/topic_parctice_ws/install/status_interfaces/include/status_interfaces/status_interfaces/msg/rosidl_typesupport_introspection_c__visibility_control.h
[2.068s] -- Installing: /home/yjfy/topic_parctice_ws/install/status_interfaces/lib/libstatus_interfaces__rosidl_typesupport_introspection_c.so
[2.069s] -- Set runtime path of "/home/yjfy/topic_parctice_ws/install/status_interfaces/lib/libstatus_interfaces__rosidl_typesupport_introspection_c.so" to ""
[2.069s] -- Installing: /home/yjfy/topic_parctice_ws/install/status_interfaces/lib/libstatus_interfaces__rosidl_typesupport_c.so
[2.069s] -- Set runtime path of "/home/yjfy/topic_parctice_ws/install/status_interfaces/lib/libstatus_interfaces__rosidl_typesupport_c.so" to ""
[2.069s] -- Up-to-date: /home/yjfy/topic_parctice_ws/install/status_interfaces/include/status_interfaces/status_interfaces
[2.069s] -- Up-to-date: /home/yjfy/topic_parctice_ws/install/status_interfaces/include/status_interfaces/status_interfaces/msg
[2.069s] -- Up-to-date: /home/yjfy/topic_parctice_ws/install/status_interfaces/include/status_interfaces/status_interfaces/msg/detail
[2.069s] -- Installing: /home/yjfy/topic_parctice_ws/install/status_interfaces/include/status_interfaces/status_interfaces/msg/detail/system_status__type_support.hpp
[2.069s] -- Installing: /home/yjfy/topic_parctice_ws/install/status_interfaces/include/status_interfaces/status_interfaces/msg/detail/system_status__traits.hpp
[2.069s] -- Installing: /home/yjfy/topic_parctice_ws/install/status_interfaces/include/status_interfaces/status_interfaces/msg/detail/system_status__builder.hpp
[2.069s] -- Installing: /home/yjfy/topic_parctice_ws/install/status_interfaces/include/status_interfaces/status_interfaces/msg/detail/system_status__struct.hpp
[2.069s] -- Installing: /home/yjfy/topic_parctice_ws/install/status_interfaces/include/status_interfaces/status_interfaces/msg/system_status.hpp
[2.069s] -- Installing: /home/yjfy/topic_parctice_ws/install/status_interfaces/include/status_interfaces/status_interfaces/msg/rosidl_generator_cpp__visibility_control.hpp
[2.069s] -- Up-to-date: /home/yjfy/topic_parctice_ws/install/status_interfaces/include/status_interfaces/status_interfaces
[2.070s] -- Up-to-date: /home/yjfy/topic_parctice_ws/install/status_interfaces/include/status_interfaces/status_interfaces/msg
[2.070s] -- Up-to-date: /home/yjfy/topic_parctice_ws/install/status_interfaces/include/status_interfaces/status_interfaces/msg/detail
[2.070s] -- Installing: /home/yjfy/topic_parctice_ws/install/status_interfaces/include/status_interfaces/status_interfaces/msg/detail/dds_fastrtps
[2.070s] -- Installing: /home/yjfy/topic_parctice_ws/install/status_interfaces/include/status_interfaces/status_interfaces/msg/detail/system_status__rosidl_typesupport_fastrtps_cpp.hpp
[2.070s] -- Installing: /home/yjfy/topic_parctice_ws/install/status_interfaces/include/status_interfaces/status_interfaces/msg/rosidl_typesupport_fastrtps_cpp__visibility_control.h
[2.070s] -- Installing: /home/yjfy/topic_parctice_ws/install/status_interfaces/lib/libstatus_interfaces__rosidl_typesupport_fastrtps_cpp.so
[2.070s] -- Set runtime path of "/home/yjfy/topic_parctice_ws/install/status_interfaces/lib/libstatus_interfaces__rosidl_typesupport_fastrtps_cpp.so" to ""
[2.070s] -- Up-to-date: /home/yjfy/topic_parctice_ws/install/status_interfaces/include/status_interfaces/status_interfaces
[2.070s] -- Up-to-date: /home/yjfy/topic_parctice_ws/install/status_interfaces/include/status_interfaces/status_interfaces/msg
[2.071s] -- Up-to-date: /home/yjfy/topic_parctice_ws/install/status_interfaces/include/status_interfaces/status_interfaces/msg/detail
[2.071s] -- Installing: /home/yjfy/topic_parctice_ws/install/status_interfaces/include/status_interfaces/status_interfaces/msg/detail/system_status__type_support.cpp
[2.071s] -- Installing: /home/yjfy/topic_parctice_ws/install/status_interfaces/include/status_interfaces/status_interfaces/msg/detail/system_status__rosidl_typesupport_introspection_cpp.hpp
[2.071s] -- Installing: /home/yjfy/topic_parctice_ws/install/status_interfaces/lib/libstatus_interfaces__rosidl_typesupport_introspection_cpp.so
[2.071s] -- Set runtime path of "/home/yjfy/topic_parctice_ws/install/status_interfaces/lib/libstatus_interfaces__rosidl_typesupport_introspection_cpp.so" to ""
[2.071s] -- Installing: /home/yjfy/topic_parctice_ws/install/status_interfaces/lib/libstatus_interfaces__rosidl_typesupport_cpp.so
[2.071s] -- Set runtime path of "/home/yjfy/topic_parctice_ws/install/status_interfaces/lib/libstatus_interfaces__rosidl_typesupport_cpp.so" to ""
[2.071s] -- Installing: /home/yjfy/topic_parctice_ws/install/status_interfaces/share/status_interfaces/environment/pythonpath.sh
[2.071s] -- Installing: /home/yjfy/topic_parctice_ws/install/status_interfaces/share/status_interfaces/environment/pythonpath.dsv
[2.072s] -- Installing: /home/yjfy/topic_parctice_ws/install/status_interfaces/local/lib/python3.10/dist-packages/status_interfaces-0.0.0-py3.10.egg-info
[2.072s] -- Installing: /home/yjfy/topic_parctice_ws/install/status_interfaces/local/lib/python3.10/dist-packages/status_interfaces-0.0.0-py3.10.egg-info/top_level.txt
[2.072s] -- Installing: /home/yjfy/topic_parctice_ws/install/status_interfaces/local/lib/python3.10/dist-packages/status_interfaces-0.0.0-py3.10.egg-info/PKG-INFO
[2.072s] -- Installing: /home/yjfy/topic_parctice_ws/install/status_interfaces/local/lib/python3.10/dist-packages/status_interfaces-0.0.0-py3.10.egg-info/dependency_links.txt
[2.072s] -- Installing: /home/yjfy/topic_parctice_ws/install/status_interfaces/local/lib/python3.10/dist-packages/status_interfaces-0.0.0-py3.10.egg-info/SOURCES.txt
[2.072s] -- Installing: /home/yjfy/topic_parctice_ws/install/status_interfaces/local/lib/python3.10/dist-packages/status_interfaces
[2.072s] -- Installing: /home/yjfy/topic_parctice_ws/install/status_interfaces/local/lib/python3.10/dist-packages/status_interfaces/_status_interfaces_s.ep.rosidl_typesupport_introspection_c.c
[2.072s] -- Installing: /home/yjfy/topic_parctice_ws/install/status_interfaces/local/lib/python3.10/dist-packages/status_interfaces/_status_interfaces_s.ep.rosidl_typesupport_fastrtps_c.c
[2.072s] -- Installing: /home/yjfy/topic_parctice_ws/install/status_interfaces/local/lib/python3.10/dist-packages/status_interfaces/__init__.py
[2.072s] -- Installing: /home/yjfy/topic_parctice_ws/install/status_interfaces/local/lib/python3.10/dist-packages/status_interfaces/status_interfaces_s__rosidl_typesupport_c.cpython-310-x86_64-linux-gnu.so
[2.073s] -- Installing: /home/yjfy/topic_parctice_ws/install/status_interfaces/local/lib/python3.10/dist-packages/status_interfaces/msg
[2.073s] -- Installing: /home/yjfy/topic_parctice_ws/install/status_interfaces/local/lib/python3.10/dist-packages/status_interfaces/msg/_system_status.py
[2.073s] -- Installing: /home/yjfy/topic_parctice_ws/install/status_interfaces/local/lib/python3.10/dist-packages/status_interfaces/msg/__init__.py
[2.073s] -- Installing: /home/yjfy/topic_parctice_ws/install/status_interfaces/local/lib/python3.10/dist-packages/status_interfaces/msg/_system_status_s.c
[2.073s] -- Installing: /home/yjfy/topic_parctice_ws/install/status_interfaces/local/lib/python3.10/dist-packages/status_interfaces/_status_interfaces_s.ep.rosidl_typesupport_c.c
[2.073s] -- Installing: /home/yjfy/topic_parctice_ws/install/status_interfaces/local/lib/python3.10/dist-packages/status_interfaces/status_interfaces_s__rosidl_typesupport_introspection_c.cpython-310-x86_64-linux-gnu.so
[2.073s] -- Installing: /home/yjfy/topic_parctice_ws/install/status_interfaces/local/lib/python3.10/dist-packages/status_interfaces/status_interfaces_s__rosidl_typesupport_fastrtps_c.cpython-310-x86_64-linux-gnu.so
[2.073s] -- Installing: /home/yjfy/topic_parctice_ws/install/status_interfaces/local/lib/python3.10/dist-packages/status_interfaces/libstatus_interfaces__rosidl_generator_py.so
[2.096s] Listing '/home/yjfy/topic_parctice_ws/install/status_interfaces/local/lib/python3.10/dist-packages/status_interfaces'...
[2.096s] Compiling '/home/yjfy/topic_parctice_ws/install/status_interfaces/local/lib/python3.10/dist-packages/status_interfaces/__init__.py'...
[2.096s] Listing '/home/yjfy/topic_parctice_ws/install/status_interfaces/local/lib/python3.10/dist-packages/status_interfaces/msg'...
[2.096s] Compiling '/home/yjfy/topic_parctice_ws/install/status_interfaces/local/lib/python3.10/dist-packages/status_interfaces/msg/__init__.py'...
[2.096s] Compiling '/home/yjfy/topic_parctice_ws/install/status_interfaces/local/lib/python3.10/dist-packages/status_interfaces/msg/_system_status.py'...
[2.098s] -- Installing: /home/yjfy/topic_parctice_ws/install/status_interfaces/local/lib/python3.10/dist-packages/status_interfaces/status_interfaces_s__rosidl_typesupport_fastrtps_c.cpython-310-x86_64-linux-gnu.so
[2.098s] -- Set runtime path of "/home/yjfy/topic_parctice_ws/install/status_interfaces/local/lib/python3.10/dist-packages/status_interfaces/status_interfaces_s__rosidl_typesupport_fastrtps_c.cpython-310-x86_64-linux-gnu.so" to ""
[2.098s] -- Installing: /home/yjfy/topic_parctice_ws/install/status_interfaces/local/lib/python3.10/dist-packages/status_interfaces/status_interfaces_s__rosidl_typesupport_introspection_c.cpython-310-x86_64-linux-gnu.so
[2.099s] -- Set runtime path of "/home/yjfy/topic_parctice_ws/install/status_interfaces/local/lib/python3.10/dist-packages/status_interfaces/status_interfaces_s__rosidl_typesupport_introspection_c.cpython-310-x86_64-linux-gnu.so" to ""
[2.099s] -- Installing: /home/yjfy/topic_parctice_ws/install/status_interfaces/local/lib/python3.10/dist-packages/status_interfaces/status_interfaces_s__rosidl_typesupport_c.cpython-310-x86_64-linux-gnu.so
[2.099s] -- Set runtime path of "/home/yjfy/topic_parctice_ws/install/status_interfaces/local/lib/python3.10/dist-packages/status_interfaces/status_interfaces_s__rosidl_typesupport_c.cpython-310-x86_64-linux-gnu.so" to ""
[2.099s] -- Installing: /home/yjfy/topic_parctice_ws/install/status_interfaces/lib/libstatus_interfaces__rosidl_generator_py.so
[2.099s] -- Set runtime path of "/home/yjfy/topic_parctice_ws/install/status_interfaces/lib/libstatus_interfaces__rosidl_generator_py.so" to ""
[2.099s] -- Installing: /home/yjfy/topic_parctice_ws/install/status_interfaces/share/status_interfaces/msg/SystemStatus.idl
[2.099s] -- Installing: /home/yjfy/topic_parctice_ws/install/status_interfaces/share/status_interfaces/msg/SystemStatus.msg
[2.099s] -- Installing: /home/yjfy/topic_parctice_ws/install/status_interfaces/share/ament_index/resource_index/package_run_dependencies/status_interfaces
[2.099s] -- Installing: /home/yjfy/topic_parctice_ws/install/status_interfaces/share/ament_index/resource_index/parent_prefix_path/status_interfaces
[2.099s] -- Installing: /home/yjfy/topic_parctice_ws/install/status_interfaces/share/status_interfaces/environment/ament_prefix_path.sh
[2.099s] -- Installing: /home/yjfy/topic_parctice_ws/install/status_interfaces/share/status_interfaces/environment/ament_prefix_path.dsv
[2.099s] -- Installing: /home/yjfy/topic_parctice_ws/install/status_interfaces/share/status_interfaces/environment/path.sh
[2.099s] -- Installing: /home/yjfy/topic_parctice_ws/install/status_interfaces/share/status_interfaces/environment/path.dsv
[2.100s] -- Installing: /home/yjfy/topic_parctice_ws/install/status_interfaces/share/status_interfaces/local_setup.bash
[2.100s] -- Installing: /home/yjfy/topic_parctice_ws/install/status_interfaces/share/status_interfaces/local_setup.sh
[2.100s] -- Installing: /home/yjfy/topic_parctice_ws/install/status_interfaces/share/status_interfaces/local_setup.zsh
[2.100s] -- Installing: /home/yjfy/topic_parctice_ws/install/status_interfaces/share/status_interfaces/local_setup.dsv
[2.100s] -- Installing: /home/yjfy/topic_parctice_ws/install/status_interfaces/share/status_interfaces/package.dsv
[2.100s] -- Installing: /home/yjfy/topic_parctice_ws/install/status_interfaces/share/ament_index/resource_index/packages/status_interfaces
[2.100s] -- Installing: /home/yjfy/topic_parctice_ws/install/status_interfaces/share/status_interfaces/cmake/export_status_interfaces__rosidl_generator_cExport.cmake
[2.100s] -- Installing: /home/yjfy/topic_parctice_ws/install/status_interfaces/share/status_interfaces/cmake/export_status_interfaces__rosidl_generator_cExport-noconfig.cmake
[2.100s] -- Installing: /home/yjfy/topic_parctice_ws/install/status_interfaces/share/status_interfaces/cmake/export_status_interfaces__rosidl_typesupport_fastrtps_cExport.cmake
[2.100s] -- Installing: /home/yjfy/topic_parctice_ws/install/status_interfaces/share/status_interfaces/cmake/export_status_interfaces__rosidl_typesupport_fastrtps_cExport-noconfig.cmake
[2.100s] -- Installing: /home/yjfy/topic_parctice_ws/install/status_interfaces/share/status_interfaces/cmake/status_interfaces__rosidl_typesupport_introspection_cExport.cmake
[2.100s] -- Installing: /home/yjfy/topic_parctice_ws/install/status_interfaces/share/status_interfaces/cmake/status_interfaces__rosidl_typesupport_introspection_cExport-noconfig.cmake
[2.100s] -- Installing: /home/yjfy/topic_parctice_ws/install/status_interfaces/share/status_interfaces/cmake/status_interfaces__rosidl_typesupport_cExport.cmake
[2.100s] -- Installing: /home/yjfy/topic_parctice_ws/install/status_interfaces/share/status_interfaces/cmake/status_interfaces__rosidl_typesupport_cExport-noconfig.cmake
[2.100s] -- Installing: /home/yjfy/topic_parctice_ws/install/status_interfaces/share/status_interfaces/cmake/export_status_interfaces__rosidl_generator_cppExport.cmake
[2.100s] -- Installing: /home/yjfy/topic_parctice_ws/install/status_interfaces/share/status_interfaces/cmake/export_status_interfaces__rosidl_typesupport_fastrtps_cppExport.cmake
[2.101s] -- Installing: /home/yjfy/topic_parctice_ws/install/status_interfaces/share/status_interfaces/cmake/export_status_interfaces__rosidl_typesupport_fastrtps_cppExport-noconfig.cmake
[2.101s] -- Installing: /home/yjfy/topic_parctice_ws/install/status_interfaces/share/status_interfaces/cmake/status_interfaces__rosidl_typesupport_introspection_cppExport.cmake
[2.101s] -- Installing: /home/yjfy/topic_parctice_ws/install/status_interfaces/share/status_interfaces/cmake/status_interfaces__rosidl_typesupport_introspection_cppExport-noconfig.cmake
[2.101s] -- Installing: /home/yjfy/topic_parctice_ws/install/status_interfaces/share/status_interfaces/cmake/status_interfaces__rosidl_typesupport_cppExport.cmake
[2.101s] -- Installing: /home/yjfy/topic_parctice_ws/install/status_interfaces/share/status_interfaces/cmake/status_interfaces__rosidl_typesupport_cppExport-noconfig.cmake
[2.101s] -- Installing: /home/yjfy/topic_parctice_ws/install/status_interfaces/share/status_interfaces/cmake/export_status_interfaces__rosidl_generator_pyExport.cmake
[2.101s] -- Installing: /home/yjfy/topic_parctice_ws/install/status_interfaces/share/status_interfaces/cmake/export_status_interfaces__rosidl_generator_pyExport-noconfig.cmake
[2.101s] -- Installing: /home/yjfy/topic_parctice_ws/install/status_interfaces/share/status_interfaces/cmake/rosidl_cmake-extras.cmake
[2.101s] -- Installing: /home/yjfy/topic_parctice_ws/install/status_interfaces/share/status_interfaces/cmake/ament_cmake_export_dependencies-extras.cmake
[2.101s] -- Installing: /home/yjfy/topic_parctice_ws/install/status_interfaces/share/status_interfaces/cmake/ament_cmake_export_include_directories-extras.cmake
[2.101s] -- Installing: /home/yjfy/topic_parctice_ws/install/status_interfaces/share/status_interfaces/cmake/ament_cmake_export_libraries-extras.cmake
[2.101s] -- Installing: /home/yjfy/topic_parctice_ws/install/status_interfaces/share/status_interfaces/cmake/ament_cmake_export_targets-extras.cmake
[2.101s] -- Installing: /home/yjfy/topic_parctice_ws/install/status_interfaces/share/status_interfaces/cmake/rosidl_cmake_export_typesupport_targets-extras.cmake
[2.101s] -- Installing: /home/yjfy/topic_parctice_ws/install/status_interfaces/share/status_interfaces/cmake/rosidl_cmake_export_typesupport_libraries-extras.cmake
[2.101s] -- Installing: /home/yjfy/topic_parctice_ws/install/status_interfaces/share/status_interfaces/cmake/status_interfacesConfig.cmake
[2.101s] -- Installing: /home/yjfy/topic_parctice_ws/install/status_interfaces/share/status_interfaces/cmake/status_interfacesConfig-version.cmake
[2.101s] -- Installing: /home/yjfy/topic_parctice_ws/install/status_interfaces/share/status_interfaces/package.xml
[2.102s] Invoked command in '/home/yjfy/topic_parctice_ws/build/status_interfaces' returned '0': CMAKE_PREFIX_PATH=/opt/ros/humble /usr/bin/cmake --install /home/yjfy/topic_parctice_ws/build/status_interfaces
