[0.046s] DEBUG:colcon:Command line arguments: ['/usr/bin/colcon', 'build']
[0.046s] DEBUG:colcon:Parsed command line arguments: Namespace(log_base=None, log_level=None, verb_name='build', build_base='build', install_base='install', merge_install=False, symlink_install=False, test_result_base=None, continue_on_error=False, executor='parallel', parallel_workers=24, event_handlers=None, ignore_user_meta=False, metas=['./colcon.meta'], base_paths=['.'], packages_ignore=None, packages_ignore_regex=None, paths=None, packages_up_to=None, packages_up_to_regex=None, packages_above=None, packages_above_and_dependencies=None, packages_above_depth=None, packages_select_by_dep=None, packages_skip_by_dep=None, packages_skip_up_to=None, packages_select_build_failed=False, packages_skip_build_finished=False, packages_select_test_failures=False, packages_skip_test_passed=False, packages_select=None, packages_skip=None, packages_select_regex=None, packages_skip_regex=None, packages_start=None, packages_end=None, allow_overriding=[], cmake_args=None, cmake_target=None, cmake_target_skip_unavailable=False, cmake_clean_cache=False, cmake_clean_first=False, cmake_force_configure=False, ament_cmake_args=None, catkin_cmake_args=None, catkin_skip_building_tests=False, verb_parser=<colcon_defaults.argument_parser.defaults.DefaultArgumentsDecorator object at 0x754604be7520>, verb_extension=<colcon_core.verb.build.BuildVerb object at 0x754604be6f20>, main=<bound method BuildVerb.main of <colcon_core.verb.build.BuildVerb object at 0x754604be6f20>>)
[0.111s] Level 1:colcon.colcon_core.package_discovery:discover_packages(colcon_meta) check parameters
[0.111s] Level 1:colcon.colcon_core.package_discovery:discover_packages(recursive) check parameters
[0.111s] Level 1:colcon.colcon_core.package_discovery:discover_packages(ignore) check parameters
[0.111s] Level 1:colcon.colcon_core.package_discovery:discover_packages(path) check parameters
[0.111s] Level 1:colcon.colcon_core.package_discovery:discover_packages(colcon_meta) discover
[0.111s] Level 1:colcon.colcon_core.package_discovery:discover_packages(recursive) discover
[0.111s] INFO:colcon.colcon_core.package_discovery:Crawling recursively for packages in '/home/yjfy/桌面/workspace/demo_python_pkg'
[0.112s] Level 1:colcon.colcon_core.package_identification:_identify(.) by extensions ['ignore', 'ignore_ament_install']
[0.112s] Level 1:colcon.colcon_core.package_identification:_identify(.) by extension 'ignore'
[0.112s] Level 1:colcon.colcon_core.package_identification:_identify(.) by extension 'ignore_ament_install'
[0.112s] Level 1:colcon.colcon_core.package_identification:_identify(.) by extensions ['colcon_pkg']
[0.112s] Level 1:colcon.colcon_core.package_identification:_identify(.) by extension 'colcon_pkg'
[0.112s] Level 1:colcon.colcon_core.package_identification:_identify(.) by extensions ['colcon_meta']
[0.112s] Level 1:colcon.colcon_core.package_identification:_identify(.) by extension 'colcon_meta'
[0.112s] Level 1:colcon.colcon_core.package_identification:_identify(.) by extensions ['ros']
[0.112s] Level 1:colcon.colcon_core.package_identification:_identify(.) by extension 'ros'
[0.118s] DEBUG:colcon.colcon_core.package_identification:Package '.' with type 'ros.ament_python' and name 'demo_python_pkg'
[0.118s] Level 1:colcon.colcon_core.package_discovery:discover_packages(recursive) using defaults
[0.118s] Level 1:colcon.colcon_core.package_discovery:discover_packages(ignore) discover
[0.118s] Level 1:colcon.colcon_core.package_discovery:discover_packages(ignore) using defaults
[0.118s] Level 1:colcon.colcon_core.package_discovery:discover_packages(path) discover
[0.118s] Level 1:colcon.colcon_core.package_discovery:discover_packages(path) using defaults
[0.129s] Level 1:colcon.colcon_core.package_discovery:discover_packages(prefix_path) check parameters
[0.129s] Level 1:colcon.colcon_core.package_discovery:discover_packages(prefix_path) discover
[0.129s] DEBUG:colcon.colcon_installed_package_information.package_discovery:Found 1 installed packages in /home/yjfy/桌面/workspace/demo_python_pkg/install
[0.130s] DEBUG:colcon.colcon_installed_package_information.package_discovery:Found 272 installed packages in /opt/ros/humble
[0.131s] Level 1:colcon.colcon_core.package_discovery:discover_packages(prefix_path) using defaults
[0.153s] Level 5:colcon.colcon_core.verb:set package 'demo_python_pkg' build argument 'cmake_args' from command line to 'None'
[0.153s] Level 5:colcon.colcon_core.verb:set package 'demo_python_pkg' build argument 'cmake_target' from command line to 'None'
[0.153s] Level 5:colcon.colcon_core.verb:set package 'demo_python_pkg' build argument 'cmake_target_skip_unavailable' from command line to 'False'
[0.153s] Level 5:colcon.colcon_core.verb:set package 'demo_python_pkg' build argument 'cmake_clean_cache' from command line to 'False'
[0.153s] Level 5:colcon.colcon_core.verb:set package 'demo_python_pkg' build argument 'cmake_clean_first' from command line to 'False'
[0.153s] Level 5:colcon.colcon_core.verb:set package 'demo_python_pkg' build argument 'cmake_force_configure' from command line to 'False'
[0.153s] Level 5:colcon.colcon_core.verb:set package 'demo_python_pkg' build argument 'ament_cmake_args' from command line to 'None'
[0.153s] Level 5:colcon.colcon_core.verb:set package 'demo_python_pkg' build argument 'catkin_cmake_args' from command line to 'None'
[0.153s] Level 5:colcon.colcon_core.verb:set package 'demo_python_pkg' build argument 'catkin_skip_building_tests' from command line to 'False'
[0.153s] DEBUG:colcon.colcon_core.verb:Building package 'demo_python_pkg' with the following arguments: {'ament_cmake_args': None, 'build_base': '/home/yjfy/桌面/workspace/demo_python_pkg/build/demo_python_pkg', 'catkin_cmake_args': None, 'catkin_skip_building_tests': False, 'cmake_args': None, 'cmake_clean_cache': False, 'cmake_clean_first': False, 'cmake_force_configure': False, 'cmake_target': None, 'cmake_target_skip_unavailable': False, 'install_base': '/home/yjfy/桌面/workspace/demo_python_pkg/install/demo_python_pkg', 'merge_install': False, 'path': '/home/yjfy/桌面/workspace/demo_python_pkg', 'symlink_install': False, 'test_result_base': None}
[0.153s] INFO:colcon.colcon_core.executor:Executing jobs using 'parallel' executor
[0.154s] DEBUG:colcon.colcon_parallel_executor.executor.parallel:run_until_complete
[0.154s] INFO:colcon.colcon_ros.task.ament_python.build:Building ROS package in '/home/yjfy/桌面/workspace/demo_python_pkg' with build type 'ament_python'
[0.154s] Level 1:colcon.colcon_core.shell:create_environment_hook('demo_python_pkg', 'ament_prefix_path')
[0.155s] INFO:colcon.colcon_core.plugin_system:Skipping extension 'colcon_core.shell.bat': Not used on non-Windows systems
[0.155s] INFO:colcon.colcon_core.shell:Creating environment hook '/home/yjfy/桌面/workspace/demo_python_pkg/install/demo_python_pkg/share/demo_python_pkg/hook/ament_prefix_path.ps1'
[0.155s] INFO:colcon.colcon_core.shell:Creating environment descriptor '/home/yjfy/桌面/workspace/demo_python_pkg/install/demo_python_pkg/share/demo_python_pkg/hook/ament_prefix_path.dsv'
[0.155s] INFO:colcon.colcon_core.shell:Creating environment hook '/home/yjfy/桌面/workspace/demo_python_pkg/install/demo_python_pkg/share/demo_python_pkg/hook/ament_prefix_path.sh'
[0.156s] INFO:colcon.colcon_core.shell:Skip shell extension 'powershell' for command environment: Not usable outside of PowerShell
[0.156s] DEBUG:colcon.colcon_core.shell:Skip shell extension 'dsv' for command environment
[0.268s] INFO:colcon.colcon_core.task.python.build:Building Python package in '/home/yjfy/桌面/workspace/demo_python_pkg'
[0.268s] INFO:colcon.colcon_core.shell:Skip shell extension 'powershell' for command environment: Not usable outside of PowerShell
[0.268s] DEBUG:colcon.colcon_core.shell:Skip shell extension 'dsv' for command environment
[0.412s] DEBUG:colcon.colcon_core.event_handler.log_command:Invoking command in '/home/yjfy/桌面/workspace/demo_python_pkg': PYTHONPATH=/home/yjfy/桌面/workspace/demo_python_pkg/build/demo_python_pkg/prefix_override:/usr/lib/python3/dist-packages/colcon_core/task/python/colcon_distutils_commands:/home/yjfy/桌面/workspace/demo_python_pkg/install/demo_python_pkg/lib/python3.10/site-packages:${PYTHONPATH} /usr/bin/python3 -W ignore:setup.py install is deprecated -W ignore:easy_install command is deprecated setup.py egg_info --egg-base build/demo_python_pkg build --build-base /home/yjfy/桌面/workspace/demo_python_pkg/build/demo_python_pkg/build install --record /home/yjfy/桌面/workspace/demo_python_pkg/build/demo_python_pkg/install.log --single-version-externally-managed install_data
[0.542s] DEBUG:colcon.colcon_core.event_handler.log_command:Invoked command in '/home/yjfy/桌面/workspace/demo_python_pkg' returned '0': PYTHONPATH=/home/yjfy/桌面/workspace/demo_python_pkg/build/demo_python_pkg/prefix_override:/usr/lib/python3/dist-packages/colcon_core/task/python/colcon_distutils_commands:/home/yjfy/桌面/workspace/demo_python_pkg/install/demo_python_pkg/lib/python3.10/site-packages:${PYTHONPATH} /usr/bin/python3 -W ignore:setup.py install is deprecated -W ignore:easy_install command is deprecated setup.py egg_info --egg-base build/demo_python_pkg build --build-base /home/yjfy/桌面/workspace/demo_python_pkg/build/demo_python_pkg/build install --record /home/yjfy/桌面/workspace/demo_python_pkg/build/demo_python_pkg/install.log --single-version-externally-managed install_data
[0.543s] Level 1:colcon.colcon_core.environment:checking '/home/yjfy/桌面/workspace/demo_python_pkg/install/demo_python_pkg' for CMake module files
[0.543s] Level 1:colcon.colcon_core.environment:checking '/home/yjfy/桌面/workspace/demo_python_pkg/install/demo_python_pkg' for CMake config files
[0.544s] Level 1:colcon.colcon_core.environment:checking '/home/yjfy/桌面/workspace/demo_python_pkg/install/demo_python_pkg/lib'
[0.544s] Level 1:colcon.colcon_core.environment:checking '/home/yjfy/桌面/workspace/demo_python_pkg/install/demo_python_pkg/bin'
[0.544s] Level 1:colcon.colcon_core.environment:checking '/home/yjfy/桌面/workspace/demo_python_pkg/install/demo_python_pkg/lib/pkgconfig/demo_python_pkg.pc'
[0.544s] Level 1:colcon.colcon_core.environment:checking '/home/yjfy/桌面/workspace/demo_python_pkg/install/demo_python_pkg/lib/python3.10/site-packages'
[0.544s] Level 1:colcon.colcon_core.shell:create_environment_hook('demo_python_pkg', 'pythonpath')
[0.544s] INFO:colcon.colcon_core.shell:Creating environment hook '/home/yjfy/桌面/workspace/demo_python_pkg/install/demo_python_pkg/share/demo_python_pkg/hook/pythonpath.ps1'
[0.545s] INFO:colcon.colcon_core.shell:Creating environment descriptor '/home/yjfy/桌面/workspace/demo_python_pkg/install/demo_python_pkg/share/demo_python_pkg/hook/pythonpath.dsv'
[0.545s] INFO:colcon.colcon_core.shell:Creating environment hook '/home/yjfy/桌面/workspace/demo_python_pkg/install/demo_python_pkg/share/demo_python_pkg/hook/pythonpath.sh'
[0.545s] Level 1:colcon.colcon_core.environment:checking '/home/yjfy/桌面/workspace/demo_python_pkg/install/demo_python_pkg/bin'
[0.545s] Level 1:colcon.colcon_core.environment:create_environment_scripts_only(demo_python_pkg)
[0.545s] INFO:colcon.colcon_core.shell:Creating package script '/home/yjfy/桌面/workspace/demo_python_pkg/install/demo_python_pkg/share/demo_python_pkg/package.ps1'
[0.546s] INFO:colcon.colcon_core.shell:Creating package descriptor '/home/yjfy/桌面/workspace/demo_python_pkg/install/demo_python_pkg/share/demo_python_pkg/package.dsv'
[0.546s] INFO:colcon.colcon_core.shell:Creating package script '/home/yjfy/桌面/workspace/demo_python_pkg/install/demo_python_pkg/share/demo_python_pkg/package.sh'
[0.546s] INFO:colcon.colcon_core.shell:Creating package script '/home/yjfy/桌面/workspace/demo_python_pkg/install/demo_python_pkg/share/demo_python_pkg/package.bash'
[0.546s] INFO:colcon.colcon_core.shell:Creating package script '/home/yjfy/桌面/workspace/demo_python_pkg/install/demo_python_pkg/share/demo_python_pkg/package.zsh'
[0.547s] Level 1:colcon.colcon_core.environment:create_file_with_runtime_dependencies(/home/yjfy/桌面/workspace/demo_python_pkg/install/demo_python_pkg/share/colcon-core/packages/demo_python_pkg)
[0.547s] DEBUG:colcon.colcon_parallel_executor.executor.parallel:closing loop
[0.547s] DEBUG:colcon.colcon_parallel_executor.executor.parallel:loop closed
[0.547s] DEBUG:colcon.colcon_parallel_executor.executor.parallel:run_until_complete finished with '0'
[0.547s] DEBUG:colcon.colcon_core.event_reactor:joining thread
[0.552s] INFO:colcon.colcon_core.plugin_system:Skipping extension 'colcon_notification.desktop_notification.terminal_notifier': Not used on non-Darwin systems
[0.552s] INFO:colcon.colcon_core.plugin_system:Skipping extension 'colcon_notification.desktop_notification.win32': Not used on non-Windows systems
[0.552s] INFO:colcon.colcon_notification.desktop_notification:Sending desktop notification using 'notify2'
[0.559s] DEBUG:colcon.colcon_core.event_reactor:joined thread
[0.559s] INFO:colcon.colcon_core.shell:Creating prefix script '/home/yjfy/桌面/workspace/demo_python_pkg/install/local_setup.ps1'
[0.560s] INFO:colcon.colcon_core.shell:Creating prefix util module '/home/yjfy/桌面/workspace/demo_python_pkg/install/_local_setup_util_ps1.py'
[0.560s] INFO:colcon.colcon_core.shell:Creating prefix chain script '/home/yjfy/桌面/workspace/demo_python_pkg/install/setup.ps1'
[0.561s] INFO:colcon.colcon_core.shell:Creating prefix script '/home/yjfy/桌面/workspace/demo_python_pkg/install/local_setup.sh'
[0.561s] INFO:colcon.colcon_core.shell:Creating prefix util module '/home/yjfy/桌面/workspace/demo_python_pkg/install/_local_setup_util_sh.py'
[0.561s] INFO:colcon.colcon_core.shell:Creating prefix chain script '/home/yjfy/桌面/workspace/demo_python_pkg/install/setup.sh'
[0.562s] INFO:colcon.colcon_core.shell:Creating prefix script '/home/yjfy/桌面/workspace/demo_python_pkg/install/local_setup.bash'
[0.562s] INFO:colcon.colcon_core.shell:Creating prefix chain script '/home/yjfy/桌面/workspace/demo_python_pkg/install/setup.bash'
[0.562s] INFO:colcon.colcon_core.shell:Creating prefix script '/home/yjfy/桌面/workspace/demo_python_pkg/install/local_setup.zsh'
[0.562s] INFO:colcon.colcon_core.shell:Creating prefix chain script '/home/yjfy/桌面/workspace/demo_python_pkg/install/setup.zsh'
