-- The C compiler identification is GNU 11.4.0
-- The CXX compiler identification is GNU 11.4.0
-- Detecting C compiler ABI info
-- Detecting C compiler ABI info - done
-- Check for working C compiler: /usr/bin/cc - skipped
-- Detecting C compile features
-- Detecting C compile features - done
-- Detecting CXX compiler ABI info
-- Detecting CXX compiler ABI info - done
-- Check for working CXX compiler: /usr/bin/c++ - skipped
-- Detecting CXX compile features
-- Detecting CXX compile features - done
-- Found ament_cmake: 1.3.13 (/opt/ros/humble/share/ament_cmake/cmake)
-- Found Python3: /usr/bin/python3 (found version "3.10.12") found components: Interpreter 
-- Found rclcpp: 16.0.18 (/opt/ros/humble/share/rclcpp/cmake)
-- Found rosidl_generator_c: 3.1.8 (/opt/ros/humble/share/rosidl_generator_c/cmake)
-- Found rosidl_adapter: 3.1.8 (/opt/ros/humble/share/rosidl_adapter/cmake)
-- Found rosidl_generator_cpp: 3.1.8 (/opt/ros/humble/share/rosidl_generator_cpp/cmake)
-- Using all available rosidl_typesupport_c: rosidl_typesupport_fastrtps_c;rosidl_typesupport_introspection_c
-- Using all available rosidl_typesupport_cpp: rosidl_typesupport_fastrtps_cpp;rosidl_typesupport_introspection_cpp
-- Found rmw_implementation_cmake: 6.1.2 (/opt/ros/humble/share/rmw_implementation_cmake/cmake)
-- Found rmw_fastrtps_cpp: 6.2.10 (/opt/ros/humble/share/rmw_fastrtps_cpp/cmake)
-- Found OpenSSL: /usr/lib/x86_64-linux-gnu/libcrypto.so (found version "3.0.2")  
-- Found FastRTPS: /opt/ros/humble/include  
-- Using RMW implementation 'rmw_fastrtps_cpp' as default
-- Looking for pthread.h
-- Looking for pthread.h - found
-- Performing Test CMAKE_HAVE_LIBC_PTHREAD
-- Performing Test CMAKE_HAVE_LIBC_PTHREAD - Success
-- Found Threads: TRUE  
-- Found geometry_msgs: 4.9.1 (/opt/ros/humble/share/geometry_msgs/cmake)
-- Found turtlesim: 1.4.3 (/opt/ros/humble/share/turtlesim/cmake)
-- Found ament_lint_auto: 0.12.15 (/opt/ros/humble/share/ament_lint_auto/cmake)
-- Added test 'cppcheck' to perform static code analysis on C / C++ code
-- Configured cppcheck include dirs: 
-- Configured cppcheck exclude dirs and/or files: 
-- Added test 'flake8' to check Python code syntax and style conventions
-- Added test 'lint_cmake' to check CMake code style
-- Added test 'pep257' to check Python code against some of the docstring style conventions in PEP 257
-- Added test 'uncrustify' to check C / C++ code style
-- Configured uncrustify additional arguments: 
-- Added test 'xmllint' to check XML markup files
-- Configuring done
-- Generating done
-- Build files have been written to: /home/yjfy/桌面/workspace/demo_cpp_topic/build/demo_cpp_topic
[ 50%] [32mBuilding CXX object CMakeFiles/turtle_circle.dir/src/turtle_circle.cpp.o[0m
[01m[K/home/yjfy/桌面/workspace/demo_cpp_topic/src/turtle_circle.cpp:13:71:[m[K [01;35m[Kwarning: [m[Kcharacter constant too long for its type
   13 |         publisher = this->create_publisher<geometry_msgs::msg::Twist>([01;35m[K'turtle1/cmd_vel'[m[K,10);
      |                                                                       [01;35m[K^~~~~~~~~~~~~~~~~[m[K
[01m[K/home/yjfy/桌面/workspace/demo_cpp_topic/src/turtle_circle.cpp:8:24:[m[K [01;31m[Kerror: [m[K‘[01m[KsharedPtr[m[K’ in ‘[01m[Kclass rclcpp::TimerBase[m[K’ does not name a type
    8 |     rclcpp::TimerBase::[01;31m[KsharedPtr[m[K timer_;
      |                        [01;31m[K^~~~~~~~~[m[K
[01m[K/home/yjfy/桌面/workspace/demo_cpp_topic/src/turtle_circle.cpp:11:51:[m[K [01;31m[Kerror: [m[Kexpected ‘[01m[K,[m[K’ or ‘[01m[K...[m[K’ before ‘[01m[Kname[m[K’
   11 |     explicit TurtleCircle(const std::string &node [01;31m[Kname[m[K) : Node(node_name)
      |                                                   [01;31m[K^~~~[m[K
[01m[K/home/yjfy/桌面/workspace/demo_cpp_topic/src/turtle_circle.cpp:24:2:[m[K [01;31m[Kerror: [m[Kexpected ‘[01m[K;[m[K’ after class definition
   24 | }
      |  [01;31m[K^[m[K
      |  [32m[K;[m[K
[01m[K/home/yjfy/桌面/workspace/demo_cpp_topic/src/turtle_circle.cpp:[m[K In constructor ‘[01m[KTurtleCircle::TurtleCircle(const string&)[m[K’:
[01m[K/home/yjfy/桌面/workspace/demo_cpp_topic/src/turtle_circle.cpp:11:64:[m[K [01;31m[Kerror: [m[K‘[01m[Knode_name[m[K’ was not declared in this scope; did you mean ‘[01m[Knode_base_[m[K’?
   11 |     explicit TurtleCircle(const std::string &node name) : Node([01;31m[Knode_name[m[K)
      |                                                                [01;31m[K^~~~~~~~~[m[K
      |                                                                [32m[Knode_base_[m[K
[01m[K/home/yjfy/桌面/workspace/demo_cpp_topic/src/turtle_circle.cpp:13:70:[m[K [01;31m[Kerror: [m[Kno matching function for call to ‘[01m[KTurtleCircle::create_publisher<geometry_msgs::msg::Twist>(int, int)[m[K’
   13 |         publisher = [01;31m[Kthis->create_publisher<geometry_msgs::msg::Twist>('turtle1/cmd_vel',10)[m[K;
      |                     [01;31m[K~~~~~~~~~~~~~~~~~~~~~~~~~~~~~~~~~~~~~~~~~~~~~~~~~^~~~~~~~~~~~~~~~~~~~~~[m[K
In file included from [01m[K/opt/ros/humble/include/rclcpp/rclcpp/executors/single_threaded_executor.hpp:28[m[K,
                 from [01m[K/opt/ros/humble/include/rclcpp/rclcpp/executors.hpp:22[m[K,
                 from [01m[K/opt/ros/humble/include/rclcpp/rclcpp/rclcpp.hpp:155[m[K,
                 from [01m[K/home/yjfy/桌面/workspace/demo_cpp_topic/src/turtle_circle.cpp:1[m[K:
[01m[K/opt/ros/humble/include/rclcpp/rclcpp/node.hpp:195:3:[m[K [01;36m[Knote: [m[Kcandidate: ‘[01m[Ktemplate<class MessageT, class AllocatorT, class PublisherT> std::shared_ptr<PublisherT> rclcpp::Node::create_publisher(const string&, const rclcpp::QoS&, const rclcpp::PublisherOptionsWithAllocator<AllocatorT>&)[m[K’
  195 |   [01;36m[Kcreate_publisher[m[K(
      |   [01;36m[K^~~~~~~~~~~~~~~~[m[K
[01m[K/opt/ros/humble/include/rclcpp/rclcpp/node.hpp:195:3:[m[K [01;36m[Knote: [m[K  template argument deduction/substitution failed:
[01m[K/home/yjfy/桌面/workspace/demo_cpp_topic/src/turtle_circle.cpp:13:71:[m[K [01;36m[Knote: [m[K  cannot convert ‘[01m[K1601594732[m[K’ (type ‘[01m[Kint[m[K’) to type ‘[01m[Kconst string&[m[K’ {aka ‘[01m[Kconst std::__cxx11::basic_string<char>&[m[K’}
   13 |         publisher = this->create_publisher<geometry_msgs::msg::Twist>([01;36m[K'turtle1/cmd_vel'[m[K,10);
      |                                                                       [01;36m[K^~~~~~~~~~~~~~~~~[m[K
[01m[K/home/yjfy/桌面/workspace/demo_cpp_topic/src/turtle_circle.cpp:14:9:[m[K [01;31m[Kerror: [m[K‘[01m[Ktimer_[m[K’ was not declared in this scope; did you mean ‘[01m[Ktimer_t[m[K’?
   14 |         [01;31m[Ktimer_[m[K=this->create_wall_timer(1000ms,std::bind(&Turtl(eCircle::timer_callback,this));
      |         [01;31m[K^~~~~~[m[K
      |         [32m[Ktimer_t[m[K
[01m[K/home/yjfy/桌面/workspace/demo_cpp_topic/src/turtle_circle.cpp:14:64:[m[K [01;31m[Kerror: [m[K‘[01m[KeCircle[m[K’ has not been declared
   14 |         timer_=this->create_wall_timer(1000ms,std::bind(&Turtl([01;31m[KeCircle[m[K::timer_callback,this));
      |                                                                [01;31m[K^~~~~~~[m[K
[01m[K/home/yjfy/桌面/workspace/demo_cpp_topic/src/turtle_circle.cpp:14:58:[m[K [01;31m[Kerror: [m[K‘[01m[KTurtl[m[K’ was not declared in this scope
   14 |         timer_=this->create_wall_timer(1000ms,std::bind(&[01;31m[KTurtl[m[K(eCircle::timer_callback,this));
      |                                                          [01;31m[K^~~~~[m[K
[01m[K/home/yjfy/桌面/workspace/demo_cpp_topic/src/turtle_circle.cpp:11:46:[m[K [01;35m[Kwarning: [m[Kunused parameter ‘[01m[Knode[m[K’ [[01;35m[K]8;;https://gcc.gnu.org/onlinedocs/gcc/Warning-Options.html#index-Wunused-parameter-Wunused-parameter]8;;[m[K]
   11 |     explicit TurtleCircle([01;35m[Kconst std::string &node[m[K name) : Node(node_name)
      |                           [01;35m[K~~~~~~~~~~~~~~~~~~~^~~~[m[K
gmake[2]: *** [CMakeFiles/turtle_circle.dir/build.make:76：CMakeFiles/turtle_circle.dir/src/turtle_circle.cpp.o] 错误 1
gmake[1]: *** [CMakeFiles/Makefile2:137：CMakeFiles/turtle_circle.dir/all] 错误 2
gmake: *** [Makefile:146：all] 错误 2
