[0.006s] Invoking command in '/home/yjfy/桌面/workspace/demo_cpp_topic/build/demo_cpp_topic': CMAKE_PREFIX_PATH=/opt/ros/humble /usr/bin/cmake /home/yjfy/桌面/workspace/demo_cpp_topic -DCMAKE_INSTALL_PREFIX=/home/yjfy/桌面/workspace/demo_cpp_topic/install/demo_cpp_topic
[0.083s] -- The C compiler identification is GNU 11.4.0
[0.141s] -- The CXX compiler identification is GNU 11.4.0
[0.147s] -- Detecting C compiler ABI info
[0.232s] -- Detecting C compiler ABI info - done
[0.242s] -- Check for working C compiler: /usr/bin/cc - skipped
[0.243s] -- Detecting C compile features
[0.243s] -- Detecting C compile features - done
[0.246s] -- Detecting CXX compiler ABI info
[0.318s] -- Detecting CXX compiler ABI info - done
[0.322s] -- Check for working CXX compiler: /usr/bin/c++ - skipped
[0.322s] -- Detecting CXX compile features
[0.322s] -- Detecting CXX compile features - done
[0.324s] -- Found ament_cmake: 1.3.13 (/opt/ros/humble/share/ament_cmake/cmake)
[0.434s] -- Found Python3: /usr/bin/python3 (found version "3.10.12") found components: Interpreter 
[0.479s] -- Found rclcpp: 16.0.18 (/opt/ros/humble/share/rclcpp/cmake)
[0.500s] -- Found rosidl_generator_c: 3.1.8 (/opt/ros/humble/share/rosidl_generator_c/cmake)
[0.503s] -- Found rosidl_adapter: 3.1.8 (/opt/ros/humble/share/rosidl_adapter/cmake)
[0.507s] -- Found rosidl_generator_cpp: 3.1.8 (/opt/ros/humble/share/rosidl_generator_cpp/cmake)
[0.513s] -- Using all available rosidl_typesupport_c: rosidl_typesupport_fastrtps_c;rosidl_typesupport_introspection_c
[0.520s] -- Using all available rosidl_typesupport_cpp: rosidl_typesupport_fastrtps_cpp;rosidl_typesupport_introspection_cpp
[0.542s] -- Found rmw_implementation_cmake: 6.1.2 (/opt/ros/humble/share/rmw_implementation_cmake/cmake)
[0.543s] -- Found rmw_fastrtps_cpp: 6.2.10 (/opt/ros/humble/share/rmw_fastrtps_cpp/cmake)
[0.607s] -- Found OpenSSL: /usr/lib/x86_64-linux-gnu/libcrypto.so (found version "3.0.2")  
[0.636s] -- Found FastRTPS: /opt/ros/humble/include  
[0.657s] -- Using RMW implementation 'rmw_fastrtps_cpp' as default
[0.661s] -- Looking for pthread.h
[0.734s] -- Looking for pthread.h - found
[0.734s] -- Performing Test CMAKE_HAVE_LIBC_PTHREAD
[0.800s] -- Performing Test CMAKE_HAVE_LIBC_PTHREAD - Success
[0.801s] -- Found Threads: TRUE  
[0.831s] -- Found geometry_msgs: 4.9.1 (/opt/ros/humble/share/geometry_msgs/cmake)
[0.840s] -- Found turtlesim: 1.4.3 (/opt/ros/humble/share/turtlesim/cmake)
[0.865s] -- Found ament_lint_auto: 0.12.15 (/opt/ros/humble/share/ament_lint_auto/cmake)
[0.928s] -- Added test 'cppcheck' to perform static code analysis on C / C++ code
[0.928s] -- Configured cppcheck include dirs: 
[0.928s] -- Configured cppcheck exclude dirs and/or files: 
[0.929s] -- Added test 'flake8' to check Python code syntax and style conventions
[0.929s] -- Added test 'lint_cmake' to check CMake code style
[0.930s] -- Added test 'pep257' to check Python code against some of the docstring style conventions in PEP 257
[0.932s] -- Added test 'uncrustify' to check C / C++ code style
[0.932s] -- Configured uncrustify additional arguments: 
[0.932s] -- Added test 'xmllint' to check XML markup files
[0.933s] -- Configuring done
[0.938s] -- Generating done
[0.940s] -- Build files have been written to: /home/yjfy/桌面/workspace/demo_cpp_topic/build/demo_cpp_topic
[0.946s] Invoked command in '/home/yjfy/桌面/workspace/demo_cpp_topic/build/demo_cpp_topic' returned '0': CMAKE_PREFIX_PATH=/opt/ros/humble /usr/bin/cmake /home/yjfy/桌面/workspace/demo_cpp_topic -DCMAKE_INSTALL_PREFIX=/home/yjfy/桌面/workspace/demo_cpp_topic/install/demo_cpp_topic
[0.948s] Invoking command in '/home/yjfy/桌面/workspace/demo_cpp_topic/build/demo_cpp_topic': CMAKE_PREFIX_PATH=/opt/ros/humble /usr/bin/cmake --build /home/yjfy/桌面/workspace/demo_cpp_topic/build/demo_cpp_topic -- -j24 -l24
[1.005s] [ 50%] [32mBuilding CXX object CMakeFiles/turtle_circle.dir/src/turtle_circle.cpp.o[0m
[1.150s] [01m[K/home/yjfy/桌面/workspace/demo_cpp_topic/src/turtle_circle.cpp:13:71:[m[K [01;35m[Kwarning: [m[Kcharacter constant too long for its type
[1.150s]    13 |         publisher = this->create_publisher<geometry_msgs::msg::Twist>([01;35m[K'turtle1/cmd_vel'[m[K,10);
[1.150s]       |                                                                       [01;35m[K^~~~~~~~~~~~~~~~~[m[K
[2.133s] [01m[K/home/yjfy/桌面/workspace/demo_cpp_topic/src/turtle_circle.cpp:8:24:[m[K [01;31m[Kerror: [m[K‘[01m[KsharedPtr[m[K’ in ‘[01m[Kclass rclcpp::TimerBase[m[K’ does not name a type
[2.133s]     8 |     rclcpp::TimerBase::[01;31m[KsharedPtr[m[K timer_;
[2.133s]       |                        [01;31m[K^~~~~~~~~[m[K
[2.135s] [01m[K/home/yjfy/桌面/workspace/demo_cpp_topic/src/turtle_circle.cpp:11:51:[m[K [01;31m[Kerror: [m[Kexpected ‘[01m[K,[m[K’ or ‘[01m[K...[m[K’ before ‘[01m[Kname[m[K’
[2.135s]    11 |     explicit TurtleCircle(const std::string &node [01;31m[Kname[m[K) : Node(node_name)
[2.135s]       |                                                   [01;31m[K^~~~[m[K
[2.135s] [01m[K/home/yjfy/桌面/workspace/demo_cpp_topic/src/turtle_circle.cpp:24:2:[m[K [01;31m[Kerror: [m[Kexpected ‘[01m[K;[m[K’ after class definition
[2.135s]    24 | }
[2.135s]       |  [01;31m[K^[m[K
[2.135s]       |  [32m[K;[m[K
[2.138s] [01m[K/home/yjfy/桌面/workspace/demo_cpp_topic/src/turtle_circle.cpp:[m[K In constructor ‘[01m[KTurtleCircle::TurtleCircle(const string&)[m[K’:
[2.138s] [01m[K/home/yjfy/桌面/workspace/demo_cpp_topic/src/turtle_circle.cpp:11:64:[m[K [01;31m[Kerror: [m[K‘[01m[Knode_name[m[K’ was not declared in this scope; did you mean ‘[01m[Knode_base_[m[K’?
[2.138s]    11 |     explicit TurtleCircle(const std::string &node name) : Node([01;31m[Knode_name[m[K)
[2.138s]       |                                                                [01;31m[K^~~~~~~~~[m[K
[2.138s]       |                                                                [32m[Knode_base_[m[K
[2.138s] [01m[K/home/yjfy/桌面/workspace/demo_cpp_topic/src/turtle_circle.cpp:13:70:[m[K [01;31m[Kerror: [m[Kno matching function for call to ‘[01m[KTurtleCircle::create_publisher<geometry_msgs::msg::Twist>(int, int)[m[K’
[2.138s]    13 |         publisher = [01;31m[Kthis->create_publisher<geometry_msgs::msg::Twist>('turtle1/cmd_vel',10)[m[K;
[2.138s]       |                     [01;31m[K~~~~~~~~~~~~~~~~~~~~~~~~~~~~~~~~~~~~~~~~~~~~~~~~~^~~~~~~~~~~~~~~~~~~~~~[m[K
[2.138s] In file included from [01m[K/opt/ros/humble/include/rclcpp/rclcpp/executors/single_threaded_executor.hpp:28[m[K,
[2.138s]                  from [01m[K/opt/ros/humble/include/rclcpp/rclcpp/executors.hpp:22[m[K,
[2.139s]                  from [01m[K/opt/ros/humble/include/rclcpp/rclcpp/rclcpp.hpp:155[m[K,
[2.139s]                  from [01m[K/home/yjfy/桌面/workspace/demo_cpp_topic/src/turtle_circle.cpp:1[m[K:
[2.139s] [01m[K/opt/ros/humble/include/rclcpp/rclcpp/node.hpp:195:3:[m[K [01;36m[Knote: [m[Kcandidate: ‘[01m[Ktemplate<class MessageT, class AllocatorT, class PublisherT> std::shared_ptr<PublisherT> rclcpp::Node::create_publisher(const string&, const rclcpp::QoS&, const rclcpp::PublisherOptionsWithAllocator<AllocatorT>&)[m[K’
[2.139s]   195 |   [01;36m[Kcreate_publisher[m[K(
[2.139s]       |   [01;36m[K^~~~~~~~~~~~~~~~[m[K
[2.139s] [01m[K/opt/ros/humble/include/rclcpp/rclcpp/node.hpp:195:3:[m[K [01;36m[Knote: [m[K  template argument deduction/substitution failed:
[2.139s] [01m[K/home/yjfy/桌面/workspace/demo_cpp_topic/src/turtle_circle.cpp:13:71:[m[K [01;36m[Knote: [m[K  cannot convert ‘[01m[K1601594732[m[K’ (type ‘[01m[Kint[m[K’) to type ‘[01m[Kconst string&[m[K’ {aka ‘[01m[Kconst std::__cxx11::basic_string<char>&[m[K’}
[2.139s]    13 |         publisher = this->create_publisher<geometry_msgs::msg::Twist>([01;36m[K'turtle1/cmd_vel'[m[K,10);
[2.139s]       |                                                                       [01;36m[K^~~~~~~~~~~~~~~~~[m[K
[2.141s] [01m[K/home/yjfy/桌面/workspace/demo_cpp_topic/src/turtle_circle.cpp:14:9:[m[K [01;31m[Kerror: [m[K‘[01m[Ktimer_[m[K’ was not declared in this scope; did you mean ‘[01m[Ktimer_t[m[K’?
[2.141s]    14 |         [01;31m[Ktimer_[m[K=this->create_wall_timer(1000ms,std::bind(&Turtl(eCircle::timer_callback,this));
[2.141s]       |         [01;31m[K^~~~~~[m[K
[2.141s]       |         [32m[Ktimer_t[m[K
[2.141s] [01m[K/home/yjfy/桌面/workspace/demo_cpp_topic/src/turtle_circle.cpp:14:64:[m[K [01;31m[Kerror: [m[K‘[01m[KeCircle[m[K’ has not been declared
[2.141s]    14 |         timer_=this->create_wall_timer(1000ms,std::bind(&Turtl([01;31m[KeCircle[m[K::timer_callback,this));
[2.141s]       |                                                                [01;31m[K^~~~~~~[m[K
[2.143s] [01m[K/home/yjfy/桌面/workspace/demo_cpp_topic/src/turtle_circle.cpp:14:58:[m[K [01;31m[Kerror: [m[K‘[01m[KTurtl[m[K’ was not declared in this scope
[2.143s]    14 |         timer_=this->create_wall_timer(1000ms,std::bind(&[01;31m[KTurtl[m[K(eCircle::timer_callback,this));
[2.143s]       |                                                          [01;31m[K^~~~~[m[K
[2.145s] [01m[K/home/yjfy/桌面/workspace/demo_cpp_topic/src/turtle_circle.cpp:11:46:[m[K [01;35m[Kwarning: [m[Kunused parameter ‘[01m[Knode[m[K’ [[01;35m[K]8;;https://gcc.gnu.org/onlinedocs/gcc/Warning-Options.html#index-Wunused-parameter-Wunused-parameter]8;;[m[K]
[2.145s]    11 |     explicit TurtleCircle([01;35m[Kconst std::string &node[m[K name) : Node(node_name)
[2.145s]       |                           [01;35m[K~~~~~~~~~~~~~~~~~~~^~~~[m[K
[2.406s] gmake[2]: *** [CMakeFiles/turtle_circle.dir/build.make:76：CMakeFiles/turtle_circle.dir/src/turtle_circle.cpp.o] 错误 1
[2.407s] gmake[1]: *** [CMakeFiles/Makefile2:137：CMakeFiles/turtle_circle.dir/all] 错误 2
[2.407s] gmake: *** [Makefile:146：all] 错误 2
[2.409s] Invoked command in '/home/yjfy/桌面/workspace/demo_cpp_topic/build/demo_cpp_topic' returned '2': CMAKE_PREFIX_PATH=/opt/ros/humble /usr/bin/cmake --build /home/yjfy/桌面/workspace/demo_cpp_topic/build/demo_cpp_topic -- -j24 -l24
