[0.007s] Invoking command in '/home/yjfy/桌面/workspace/demo_cpp_pkg/build/demo_cpp_pkg': CMAKE_PREFIX_PATH=${CMAKE_PREFIX_PATH}:/opt/ros/humble /usr/bin/cmake --build /home/yjfy/桌面/workspace/demo_cpp_pkg/build/demo_cpp_pkg -- -j24 -l24
[0.034s] [35m[1mConsolidate compiler generated dependencies of target learn_function[0m
[0.035s] [35m[1mConsolidate compiler generated dependencies of target person_node[0m
[0.045s] [ 16%] [32mBuilding CXX object CMakeFiles/learn_function.dir/src/learn_function.cpp.o[0m
[0.046s] [ 33%] [32mBuilding CXX object CMakeFiles/person_node.dir/src/person_node.cpp.o[0m
[0.046s] [ 66%] Built target cpp_node
[0.299s] [ 83%] [32m[1mLinking CXX executable learn_function[0m
[0.354s] [ 83%] Built target learn_function
[1.074s] [01m[K/home/yjfy/桌面/workspace/demo_cpp_pkg/src/person_node.cpp:20:2:[m[K [01;31m[Kerror: [m[Kexpected ‘[01m[K;[m[K’ after class definition
[1.074s]    20 | }
[1.074s]       |  [01;31m[K^[m[K
[1.074s]       |  [32m[K;[m[K
[1.074s] [01m[K/home/yjfy/桌面/workspace/demo_cpp_pkg/src/person_node.cpp:[m[K In constructor ‘[01m[KPersonNode::PersonNode(const string&, int)[m[K’:
[1.074s] [01m[K/home/yjfy/桌面/workspace/demo_cpp_pkg/src/person_node.cpp:15:5:[m[K [01;31m[Kerror: [m[Kexpected ‘[01m[K;[m[K’ before ‘[01m[K}[m[K’ token
[1.074s]    15 |     [01;31m[K}[m[K
[1.075s]       |     [01;31m[K^[m[K
[1.276s] gmake[2]: *** [CMakeFiles/person_node.dir/build.make:76：CMakeFiles/person_node.dir/src/person_node.cpp.o] 错误 1
[1.276s] gmake[1]: *** [CMakeFiles/Makefile2:167：CMakeFiles/person_node.dir/all] 错误 2
[1.277s] gmake: *** [Makefile:146：all] 错误 2
[1.279s] Invoked command in '/home/yjfy/桌面/workspace/demo_cpp_pkg/build/demo_cpp_pkg' returned '2': CMAKE_PREFIX_PATH=${CMAKE_PREFIX_PATH}:/opt/ros/humble /usr/bin/cmake --build /home/yjfy/桌面/workspace/demo_cpp_pkg/build/demo_cpp_pkg -- -j24 -l24
