[0.007s] Invoking command in '/home/yjfy/chapt4_ws/build/demo_cpp_service': AMENT_PREFIX_PATH=/home/yjfy/chapt4_ws/install/chapt4_interfaces:${AMENT_PREFIX_PATH} CMAKE_PREFIX_PATH=/home/yjfy/chapt4_ws/install/chapt4_interfaces:/opt/ros/humble LD_LIBRARY_PATH=/home/yjfy/chapt4_ws/install/chapt4_interfaces/lib:${LD_LIBRARY_PATH} PYTHONPATH=/home/yjfy/chapt4_ws/install/chapt4_interfaces/local/lib/python3.10/dist-packages:${PYTHONPATH} /usr/bin/cmake --build /home/yjfy/chapt4_ws/build/demo_cpp_service -- -j24 -l24
[0.038s] [35m[1mConsolidate compiler generated dependencies of target patrol_client[0m
[0.049s] [ 50%] Built target patrol_client
[0.049s] [ 75%] [32mBuilding CXX object CMakeFiles/turtle_control.dir/src/turtle_control.cpp.o[0m
[1.209s] [01m[K/home/yjfy/chapt4_ws/src/demo_cpp_service/src/turtle_control.cpp:48:5:[m[K [01;31m[Kerror: [m[Kexpected unqualified-id before ‘[01m[Kthis[m[K’
[1.209s]    48 |     [01;31m[Kthis[m[K->declare_parameter("k",1.0);
[1.209s]       |     [01;31m[K^~~~[m[K
[1.209s] [01m[K/home/yjfy/chapt4_ws/src/demo_cpp_service/src/turtle_control.cpp:49:5:[m[K [01;31m[Kerror: [m[Kexpected unqualified-id before ‘[01m[Kthis[m[K’
[1.209s]    49 |     [01;31m[Kthis[m[K->declare_parameter("max_speed",1.0);
[1.209s]       |     [01;31m[K^~~~[m[K
[1.209s] [01m[K/home/yjfy/chapt4_ws/src/demo_cpp_service/src/turtle_control.cpp:50:5:[m[K [01;31m[Kerror: [m[Kexpected unqualified-id before ‘[01m[Kthis[m[K’
[1.209s]    50 |     [01;31m[Kthis[m[K->get_parameter("max_speed",max_speed_);
[1.209s]       |     [01;31m[K^~~~[m[K
[1.209s] [01m[K/home/yjfy/chapt4_ws/src/demo_cpp_service/src/turtle_control.cpp:51:5:[m[K [01;31m[Kerror: [m[Kexpected unqualified-id before ‘[01m[Kthis[m[K’
[1.209s]    51 |     [01;31m[Kthis[m[K->get_parameter("k",k_);
[1.209s]       |     [01;31m[K^~~~[m[K
[1.221s] [01m[K/home/yjfy/chapt4_ws/src/demo_cpp_service/src/turtle_control.cpp:[m[K In lambda function:
[1.221s] [01m[K/home/yjfy/chapt4_ws/src/demo_cpp_service/src/turtle_control.cpp:13:17:[m[K [01;31m[Kerror: [m[K‘[01m[Ktarget_x[m[K’ was not declared in this scope
[1.221s]    13 |                 [01;31m[Ktarget_x[m[K=request->target_x;
[1.221s]       |                 [01;31m[K^~~~~~~~[m[K
[1.224s] [01m[K/home/yjfy/chapt4_ws/src/demo_cpp_service/src/turtle_control.cpp:14:17:[m[K [01;31m[Kerror: [m[K‘[01m[Ktarget_y[m[K’ was not declared in this scope
[1.224s]    14 |                 [01;31m[Ktarget_y[m[K=request->target_y;
[1.224s]       |                 [01;31m[K^~~~~~~~[m[K
[1.228s] [01m[K/home/yjfy/chapt4_ws/src/demo_cpp_service/src/turtle_control.cpp:[m[K In member function ‘[01m[Kvoid Turtlecontroller::on_pose_received_(turtlesim::msg::Pose_<std::allocator<void> >::SharedPtr)[m[K’:
[1.228s] [01m[K/home/yjfy/chapt4_ws/src/demo_cpp_service/src/turtle_control.cpp:28:36:[m[K [01;31m[Kerror: [m[K‘[01m[Ktarget_x[m[K’ was not declared in this scope
[1.228s]    28 |         double distance=std::sqrt(([01;31m[Ktarget_x[m[K-current_x)*(target_x-current_x)+(target_y-current_y)*(target_y-current_y));
[1.228s]       |                                    [01;31m[K^~~~~~~~[m[K
[1.231s] [01m[K/home/yjfy/chapt4_ws/src/demo_cpp_service/src/turtle_control.cpp:28:78:[m[K [01;31m[Kerror: [m[K‘[01m[Ktarget_y[m[K’ was not declared in this scope
[1.231s]    28 |         double distance=std::sqrt((target_x-current_x)*(target_x-current_x)+([01;31m[Ktarget_y[m[K-current_y)*(target_y-current_y));
[1.231s]       |                                                                              [01;31m[K^~~~~~~~[m[K
[2.455s] gmake[2]: *** [CMakeFiles/turtle_control.dir/build.make:76：CMakeFiles/turtle_control.dir/src/turtle_control.cpp.o] 错误 1
[2.455s] gmake[1]: *** [CMakeFiles/Makefile2:139：CMakeFiles/turtle_control.dir/all] 错误 2
[2.455s] gmake: *** [Makefile:146：all] 错误 2
[2.457s] Invoked command in '/home/yjfy/chapt4_ws/build/demo_cpp_service' returned '2': AMENT_PREFIX_PATH=/home/yjfy/chapt4_ws/install/chapt4_interfaces:${AMENT_PREFIX_PATH} CMAKE_PREFIX_PATH=/home/yjfy/chapt4_ws/install/chapt4_interfaces:/opt/ros/humble LD_LIBRARY_PATH=/home/yjfy/chapt4_ws/install/chapt4_interfaces/lib:${LD_LIBRARY_PATH} PYTHONPATH=/home/yjfy/chapt4_ws/install/chapt4_interfaces/local/lib/python3.10/dist-packages:${PYTHONPATH} /usr/bin/cmake --build /home/yjfy/chapt4_ws/build/demo_cpp_service -- -j24 -l24
