[0.007s] Invoking command in '/home/yjfy/chapt4_ws/build/demo_cpp_service': AMENT_PREFIX_PATH=/home/yjfy/chapt4_ws/install/chapt4_interfaces:${AMENT_PREFIX_PATH} CMAKE_PREFIX_PATH=/home/yjfy/chapt4_ws/install/chapt4_interfaces:/opt/ros/humble LD_LIBRARY_PATH=/home/yjfy/chapt4_ws/install/chapt4_interfaces/lib:${LD_LIBRARY_PATH} PYTHONPATH=/home/yjfy/chapt4_ws/install/chapt4_interfaces/local/lib/python3.10/dist-packages:${PYTHONPATH} /usr/bin/cmake --build /home/yjfy/chapt4_ws/build/demo_cpp_service -- -j24 -l24
[0.034s] [35m[1mConsolidate compiler generated dependencies of target turtle_control[0m
[0.044s] [ 25%] [32mBuilding CXX object CMakeFiles/turtle_control.dir/src/turtle_control.cpp.o[0m
[0.044s] [ 75%] Built target patrol_client
[1.141s] [01m[K/home/yjfy/chapt4_ws/src/demo_cpp_service/src/turtle_control.cpp:48:5:[m[K [01;31m[Kerror: [m[Kexpected unqualified-id before ‘[01m[Kthis[m[K’
[1.141s]    48 |     [01;31m[Kthis[m[K->declare_parameter("k",1.0);
[1.141s]       |     [01;31m[K^~~~[m[K
[1.141s] [01m[K/home/yjfy/chapt4_ws/src/demo_cpp_service/src/turtle_control.cpp:49:5:[m[K [01;31m[Kerror: [m[Kexpected unqualified-id before ‘[01m[Kthis[m[K’
[1.141s]    49 |     [01;31m[Kthis[m[K->declare_parameter("max_speed",1.0);
[1.141s]       |     [01;31m[K^~~~[m[K
[1.141s] [01m[K/home/yjfy/chapt4_ws/src/demo_cpp_service/src/turtle_control.cpp:50:5:[m[K [01;31m[Kerror: [m[Kexpected unqualified-id before ‘[01m[Kthis[m[K’
[1.141s]    50 |     [01;31m[Kthis[m[K->get_parameter("max_speed",max_speed_);
[1.141s]       |     [01;31m[K^~~~[m[K
[1.141s] [01m[K/home/yjfy/chapt4_ws/src/demo_cpp_service/src/turtle_control.cpp:51:5:[m[K [01;31m[Kerror: [m[Kexpected unqualified-id before ‘[01m[Kthis[m[K’
[1.141s]    51 |     [01;31m[Kthis[m[K->get_parameter("k",k_);
[1.141s]       |     [01;31m[K^~~~[m[K
[2.374s] gmake[2]: *** [CMakeFiles/turtle_control.dir/build.make:76：CMakeFiles/turtle_control.dir/src/turtle_control.cpp.o] 错误 1
[2.374s] gmake[1]: *** [CMakeFiles/Makefile2:139：CMakeFiles/turtle_control.dir/all] 错误 2
[2.374s] gmake: *** [Makefile:146：all] 错误 2
[2.377s] Invoked command in '/home/yjfy/chapt4_ws/build/demo_cpp_service' returned '2': AMENT_PREFIX_PATH=/home/yjfy/chapt4_ws/install/chapt4_interfaces:${AMENT_PREFIX_PATH} CMAKE_PREFIX_PATH=/home/yjfy/chapt4_ws/install/chapt4_interfaces:/opt/ros/humble LD_LIBRARY_PATH=/home/yjfy/chapt4_ws/install/chapt4_interfaces/lib:${LD_LIBRARY_PATH} PYTHONPATH=/home/yjfy/chapt4_ws/install/chapt4_interfaces/local/lib/python3.10/dist-packages:${PYTHONPATH} /usr/bin/cmake --build /home/yjfy/chapt4_ws/build/demo_cpp_service -- -j24 -l24
