[0.006s] Invoking command in '/home/yjfy/chapt4_ws/build/demo_cpp_service': CMAKE_PREFIX_PATH=/home/yjfy/chapt4_ws/install/chapt4_interfaces:/home/yjfy/chapt4_ws/install/demo_cpp_service:/opt/ros/humble /usr/bin/cmake --build /home/yjfy/chapt4_ws/build/demo_cpp_service -- -j24 -l24
[0.039s] [35m[1mConsolidate compiler generated dependencies of target patrol_client[0m
[0.047s] [ 50%] Built target turtle_control
[0.051s] [ 75%] [32mBuilding CXX object CMakeFiles/patrol_client.dir/src/patrol_client.cpp.o[0m
[1.765s] [100%] [32m[1mLinking CXX executable patrol_client[0m
[1.858s] [100%] Built target patrol_client
[1.867s] Invoked command in '/home/yjfy/chapt4_ws/build/demo_cpp_service' returned '0': CMAKE_PREFIX_PATH=/home/yjfy/chapt4_ws/install/chapt4_interfaces:/home/yjfy/chapt4_ws/install/demo_cpp_service:/opt/ros/humble /usr/bin/cmake --build /home/yjfy/chapt4_ws/build/demo_cpp_service -- -j24 -l24
[1.869s] Invoking command in '/home/yjfy/chapt4_ws/build/demo_cpp_service': CMAKE_PREFIX_PATH=/home/yjfy/chapt4_ws/install/chapt4_interfaces:/home/yjfy/chapt4_ws/install/demo_cpp_service:/opt/ros/humble /usr/bin/cmake --install /home/yjfy/chapt4_ws/build/demo_cpp_service
[1.877s] -- Install configuration: ""
[1.878s] -- Up-to-date: /home/yjfy/chapt4_ws/install/demo_cpp_service/lib/demo_cpp_service/turtle_control
[1.878s] -- Installing: /home/yjfy/chapt4_ws/install/demo_cpp_service/lib/demo_cpp_service/patrol_client
[1.879s] -- Set runtime path of "/home/yjfy/chapt4_ws/install/demo_cpp_service/lib/demo_cpp_service/patrol_client" to ""
[1.879s] -- Up-to-date: /home/yjfy/chapt4_ws/install/demo_cpp_service/share/ament_index/resource_index/package_run_dependencies/demo_cpp_service
[1.879s] -- Up-to-date: /home/yjfy/chapt4_ws/install/demo_cpp_service/share/ament_index/resource_index/parent_prefix_path/demo_cpp_service
[1.879s] -- Up-to-date: /home/yjfy/chapt4_ws/install/demo_cpp_service/share/demo_cpp_service/environment/ament_prefix_path.sh
[1.879s] -- Up-to-date: /home/yjfy/chapt4_ws/install/demo_cpp_service/share/demo_cpp_service/environment/ament_prefix_path.dsv
[1.879s] -- Up-to-date: /home/yjfy/chapt4_ws/install/demo_cpp_service/share/demo_cpp_service/environment/path.sh
[1.879s] -- Up-to-date: /home/yjfy/chapt4_ws/install/demo_cpp_service/share/demo_cpp_service/environment/path.dsv
[1.879s] -- Up-to-date: /home/yjfy/chapt4_ws/install/demo_cpp_service/share/demo_cpp_service/local_setup.bash
[1.879s] -- Up-to-date: /home/yjfy/chapt4_ws/install/demo_cpp_service/share/demo_cpp_service/local_setup.sh
[1.879s] -- Up-to-date: /home/yjfy/chapt4_ws/install/demo_cpp_service/share/demo_cpp_service/local_setup.zsh
[1.879s] -- Up-to-date: /home/yjfy/chapt4_ws/install/demo_cpp_service/share/demo_cpp_service/local_setup.dsv
[1.879s] -- Installing: /home/yjfy/chapt4_ws/install/demo_cpp_service/share/demo_cpp_service/package.dsv
[1.879s] -- Up-to-date: /home/yjfy/chapt4_ws/install/demo_cpp_service/share/ament_index/resource_index/packages/demo_cpp_service
[1.879s] -- Up-to-date: /home/yjfy/chapt4_ws/install/demo_cpp_service/share/demo_cpp_service/cmake/demo_cpp_serviceConfig.cmake
[1.879s] -- Up-to-date: /home/yjfy/chapt4_ws/install/demo_cpp_service/share/demo_cpp_service/cmake/demo_cpp_serviceConfig-version.cmake
[1.880s] -- Up-to-date: /home/yjfy/chapt4_ws/install/demo_cpp_service/share/demo_cpp_service/package.xml
[1.881s] Invoked command in '/home/yjfy/chapt4_ws/build/demo_cpp_service' returned '0': CMAKE_PREFIX_PATH=/home/yjfy/chapt4_ws/install/chapt4_interfaces:/home/yjfy/chapt4_ws/install/demo_cpp_service:/opt/ros/humble /usr/bin/cmake --install /home/yjfy/chapt4_ws/build/demo_cpp_service
